{"/Users/stemey/work/projects/aem-react-js/component/RootComponent.js":{"path":"/Users/stemey/work/projects/aem-react-js/component/RootComponent.js","statementMap":{"0":{"start":{"line":2,"column":16},"end":{"line":6,"column":1}},"1":{"start":{"line":3,"column":4},"end":{"line":3,"column":58}},"2":{"start":{"line":3,"column":21},"end":{"line":3,"column":58}},"3":{"start":{"line":3,"column":46},"end":{"line":3,"column":58}},"4":{"start":{"line":4,"column":20},"end":{"line":4,"column":41}},"5":{"start":{"line":5,"column":4},"end":{"line":5,"column":89}},"6":{"start":{"line":7,"column":12},"end":{"line":7,"column":28}},"7":{"start":{"line":8,"column":21},"end":{"line":23,"column":18}},"8":{"start":{"line":9,"column":4},"end":{"line":9,"column":37}},"9":{"start":{"line":11,"column":8},"end":{"line":11,"column":53}},"10":{"start":{"line":13,"column":4},"end":{"line":17,"column":6}},"11":{"start":{"line":14,"column":8},"end":{"line":16,"column":10}},"12":{"start":{"line":18,"column":4},"end":{"line":21,"column":6}},"13":{"start":{"line":19,"column":25},"end":{"line":19,"column":139}},"14":{"start":{"line":20,"column":8},"end":{"line":20,"column":64}},"15":{"start":{"line":22,"column":4},"end":{"line":22,"column":25}},"16":{"start":{"line":24,"column":0},"end":{"line":24,"column":62}},"17":{"start":{"line":25,"column":0},"end":{"line":25,"column":32}},"18":{"start":{"line":26,"column":0},"end":{"line":28,"column":2}}},"fnMap":{"0":{"name":"(anonymous_0)","decl":{"start":{"line":2,"column":44},"end":{"line":2,"column":45}},"loc":{"start":{"line":2,"column":60},"end":{"line":6,"column":1}}},"1":{"name":"__","decl":{"start":{"line":4,"column":13},"end":{"line":4,"column":15}},"loc":{"start":{"line":4,"column":18},"end":{"line":4,"column":43}}},"2":{"name":"(anonymous_2)","decl":{"start":{"line":8,"column":21},"end":{"line":8,"column":22}},"loc":{"start":{"line":8,"column":39},"end":{"line":23,"column":1}}},"3":{"name":"RootComponent","decl":{"start":{"line":10,"column":13},"end":{"line":10,"column":26}},"loc":{"start":{"line":10,"column":29},"end":{"line":12,"column":5}}},"4":{"name":"(anonymous_4)","decl":{"start":{"line":13,"column":46},"end":{"line":13,"column":47}},"loc":{"start":{"line":13,"column":58},"end":{"line":17,"column":5}}},"5":{"name":"(anonymous_5)","decl":{"start":{"line":18,"column":37},"end":{"line":18,"column":38}},"loc":{"start":{"line":18,"column":49},"end":{"line":21,"column":5}}}},"branchMap":{"0":{"loc":{"start":{"line":2,"column":16},"end":{"line":6,"column":1}},"type":"binary-expr","locations":[{"start":{"line":2,"column":17},"end":{"line":2,"column":21}},{"start":{"line":2,"column":25},"end":{"line":2,"column":39}},{"start":{"line":2,"column":44},"end":{"line":6,"column":1}}]},"1":{"loc":{"start":{"line":3,"column":21},"end":{"line":3,"column":58}},"type":"if","locations":[{"start":{"line":3,"column":21},"end":{"line":3,"column":58}},{"start":{"line":3,"column":21},"end":{"line":3,"column":58}}]},"2":{"loc":{"start":{"line":5,"column":18},"end":{"line":5,"column":88}},"type":"cond-expr","locations":[{"start":{"line":5,"column":31},"end":{"line":5,"column":47}},{"start":{"line":5,"column":51},"end":{"line":5,"column":87}}]},"3":{"loc":{"start":{"line":11,"column":15},"end":{"line":11,"column":52}},"type":"binary-expr","locations":[{"start":{"line":11,"column":15},"end":{"line":11,"column":44}},{"start":{"line":11,"column":48},"end":{"line":11,"column":52}}]}},"s":{"0":1,"1":1,"2":0,"3":0,"4":1,"5":1,"6":1,"7":1,"8":1,"9":22,"10":1,"11":23,"12":1,"13":23,"14":23,"15":1,"16":1,"17":1,"18":1},"f":{"0":1,"1":1,"2":1,"3":22,"4":23,"5":23},"b":{"0":[1,1,1],"1":[0,0],"2":[0,1],"3":[22,22]},"_coverageSchema":"332fd63041d2c1bcb487cc26dd0d5f7d97098a6c","hash":"071f7e9d7304418221edd324934dc313d32aed1d","contentHash":"d9d1209817a0466cf3cfc0107d8b305f_10.1.2"},"/Users/stemey/work/projects/aem-react-js/RootComponentRegistry.js":{"path":"/Users/stemey/work/projects/aem-react-js/RootComponentRegistry.js","statementMap":{"0":{"start":{"line":2,"column":12},"end":{"line":2,"column":28}},"1":{"start":{"line":3,"column":15},"end":{"line":10,"column":3}},"2":{"start":{"line":5,"column":8},"end":{"line":5,"column":41}},"3":{"start":{"line":6,"column":8},"end":{"line":6,"column":45}},"4":{"start":{"line":7,"column":8},"end":{"line":7,"column":41}},"5":{"start":{"line":9,"column":4},"end":{"line":9,"column":19}},"6":{"start":{"line":11,"column":0},"end":{"line":11,"column":26}},"7":{"start":{"line":12,"column":29},"end":{"line":62,"column":3}},"8":{"start":{"line":14,"column":8},"end":{"line":14,"column":42}},"9":{"start":{"line":15,"column":8},"end":{"line":15,"column":42}},"10":{"start":{"line":16,"column":8},"end":{"line":16,"column":35}},"11":{"start":{"line":17,"column":8},"end":{"line":17,"column":29}},"12":{"start":{"line":19,"column":4},"end":{"line":21,"column":6}},"13":{"start":{"line":20,"column":8},"end":{"line":20,"column":39}},"14":{"start":{"line":22,"column":4},"end":{"line":31,"column":6}},"15":{"start":{"line":23,"column":8},"end":{"line":30,"column":9}},"16":{"start":{"line":24,"column":37},"end":{"line":24,"column":86}},"17":{"start":{"line":25,"column":12},"end":{"line":25,"column":68}},"18":{"start":{"line":28,"column":37},"end":{"line":28,"column":51}},"19":{"start":{"line":29,"column":12},"end":{"line":29,"column":68}},"20":{"start":{"line":32,"column":4},"end":{"line":34,"column":6}},"21":{"start":{"line":33,"column":8},"end":{"line":33,"column":58}},"22":{"start":{"line":35,"column":4},"end":{"line":48,"column":6}},"23":{"start":{"line":37,"column":33},"end":{"line":37,"column":63}},"24":{"start":{"line":39,"column":8},"end":{"line":46,"column":9}},"25":{"start":{"line":41,"column":12},"end":{"line":41,"column":84}},"26":{"start":{"line":44,"column":35},"end":{"line":44,"column":63}},"27":{"start":{"line":45,"column":12},"end":{"line":45,"column":77}},"28":{"start":{"line":47,"column":8},"end":{"line":47,"column":84}},"29":{"start":{"line":49,"column":4},"end":{"line":56,"column":6}},"30":{"start":{"line":50,"column":20},"end":{"line":50,"column":24}},"31":{"start":{"line":51,"column":8},"end":{"line":55,"column":17}},"32":{"start":{"line":52,"column":12},"end":{"line":54,"column":22}},"33":{"start":{"line":53,"column":16},"end":{"line":53,"column":40}},"34":{"start":{"line":57,"column":4},"end":{"line":60,"column":6}},"35":{"start":{"line":58,"column":19},"end":{"line":58,"column":36}},"36":{"start":{"line":59,"column":8},"end":{"line":59,"column":43}},"37":{"start":{"line":61,"column":4},"end":{"line":61,"column":33}},"38":{"start":{"line":63,"column":0},"end":{"line":63,"column":62}},"39":{"start":{"line":64,"column":0},"end":{"line":64,"column":40}}},"fnMap":{"0":{"name":"(anonymous_0)","decl":{"start":{"line":3,"column":15},"end":{"line":3,"column":16}},"loc":{"start":{"line":3,"column":27},"end":{"line":10,"column":1}}},"1":{"name":"Mapping","decl":{"start":{"line":4,"column":13},"end":{"line":4,"column":20}},"loc":{"start":{"line":4,"column":65},"end":{"line":8,"column":5}}},"2":{"name":"(anonymous_2)","decl":{"start":{"line":12,"column":29},"end":{"line":12,"column":30}},"loc":{"start":{"line":12,"column":41},"end":{"line":62,"column":1}}},"3":{"name":"RootComponentRegistry","decl":{"start":{"line":13,"column":13},"end":{"line":13,"column":34}},"loc":{"start":{"line":13,"column":37},"end":{"line":18,"column":5}}},"4":{"name":"(anonymous_4)","decl":{"start":{"line":19,"column":42},"end":{"line":19,"column":43}},"loc":{"start":{"line":19,"column":62},"end":{"line":21,"column":5}}},"5":{"name":"(anonymous_5)","decl":{"start":{"line":22,"column":54},"end":{"line":22,"column":55}},"loc":{"start":{"line":22,"column":75},"end":{"line":31,"column":5}}},"6":{"name":"(anonymous_6)","decl":{"start":{"line":32,"column":51},"end":{"line":32,"column":52}},"loc":{"start":{"line":32,"column":75},"end":{"line":34,"column":5}}},"7":{"name":"(anonymous_7)","decl":{"start":{"line":35,"column":47},"end":{"line":35,"column":48}},"loc":{"start":{"line":35,"column":66},"end":{"line":48,"column":5}}},"8":{"name":"(anonymous_8)","decl":{"start":{"line":49,"column":43},"end":{"line":49,"column":44}},"loc":{"start":{"line":49,"column":55},"end":{"line":56,"column":5}}},"9":{"name":"(anonymous_9)","decl":{"start":{"line":51,"column":32},"end":{"line":51,"column":33}},"loc":{"start":{"line":51,"column":52},"end":{"line":55,"column":9}}},"10":{"name":"(anonymous_10)","decl":{"start":{"line":52,"column":38},"end":{"line":52,"column":39}},"loc":{"start":{"line":52,"column":57},"end":{"line":54,"column":13}}},"11":{"name":"(anonymous_11)","decl":{"start":{"line":57,"column":56},"end":{"line":57,"column":57}},"loc":{"start":{"line":57,"column":77},"end":{"line":60,"column":5}}}},"branchMap":{"0":{"loc":{"start":{"line":23,"column":8},"end":{"line":30,"column":9}},"type":"if","locations":[{"start":{"line":23,"column":8},"end":{"line":30,"column":9}},{"start":{"line":23,"column":8},"end":{"line":30,"column":9}}]},"1":{"loc":{"start":{"line":39,"column":8},"end":{"line":46,"column":9}},"type":"if","locations":[{"start":{"line":39,"column":8},"end":{"line":46,"column":9}},{"start":{"line":39,"column":8},"end":{"line":46,"column":9}}]}},"s":{"0":1,"1":1,"2":15,"3":15,"4":15,"5":1,"6":1,"7":1,"8":8,"9":8,"10":8,"11":8,"12":1,"13":8,"14":1,"15":12,"16":9,"17":9,"18":3,"19":3,"20":1,"21":18,"22":1,"23":12,"24":12,"25":10,"26":2,"27":2,"28":12,"29":1,"30":8,"31":8,"32":8,"33":12,"34":1,"35":1,"36":1,"37":1,"38":1,"39":1},"f":{"0":1,"1":15,"2":1,"3":8,"4":8,"5":12,"6":18,"7":12,"8":8,"9":8,"10":12,"11":1},"b":{"0":[9,3],"1":[10,2]},"_coverageSchema":"332fd63041d2c1bcb487cc26dd0d5f7d97098a6c","hash":"afd10f94bda415642556ccd7a0999283d26a21f2","contentHash":"1a1ba88624551b0cb88538fa4a609747_10.1.2"},"/Users/stemey/work/projects/aem-react-js/di/Container.js":{"path":"/Users/stemey/work/projects/aem-react-js/di/Container.js","statementMap":{"0":{"start":{"line":2,"column":21},"end":{"line":2,"column":46}},"1":{"start":{"line":9,"column":17},"end":{"line":82,"column":3}},"2":{"start":{"line":11,"column":8},"end":{"line":11,"column":27}},"3":{"start":{"line":12,"column":8},"end":{"line":17,"column":9}},"4":{"start":{"line":13,"column":12},"end":{"line":13,"column":27}},"5":{"start":{"line":16,"column":12},"end":{"line":16,"column":27}},"6":{"start":{"line":24,"column":4},"end":{"line":26,"column":6}},"7":{"start":{"line":25,"column":8},"end":{"line":25,"column":38}},"8":{"start":{"line":32,"column":4},"end":{"line":34,"column":6}},"9":{"start":{"line":33,"column":8},"end":{"line":33,"column":35}},"10":{"start":{"line":40,"column":4},"end":{"line":45,"column":6}},"11":{"start":{"line":41,"column":20},"end":{"line":41,"column":24}},"12":{"start":{"line":42,"column":8},"end":{"line":44,"column":11}},"13":{"start":{"line":43,"column":12},"end":{"line":43,"column":50}},"14":{"start":{"line":51,"column":4},"end":{"line":56,"column":6}},"15":{"start":{"line":52,"column":20},"end":{"line":52,"column":24}},"16":{"start":{"line":53,"column":8},"end":{"line":55,"column":11}},"17":{"start":{"line":54,"column":12},"end":{"line":54,"column":57}},"18":{"start":{"line":62,"column":4},"end":{"line":67,"column":6}},"19":{"start":{"line":63,"column":20},"end":{"line":63,"column":24}},"20":{"start":{"line":64,"column":8},"end":{"line":66,"column":11}},"21":{"start":{"line":65,"column":12},"end":{"line":65,"column":58}},"22":{"start":{"line":68,"column":4},"end":{"line":70,"column":6}},"23":{"start":{"line":69,"column":8},"end":{"line":69,"column":91}},"24":{"start":{"line":71,"column":4},"end":{"line":80,"column":6}},"25":{"start":{"line":72,"column":18},"end":{"line":72,"column":20}},"26":{"start":{"line":73,"column":8},"end":{"line":78,"column":9}},"27":{"start":{"line":74,"column":12},"end":{"line":76,"column":13}},"28":{"start":{"line":75,"column":16},"end":{"line":75,"column":27}},"29":{"start":{"line":77,"column":12},"end":{"line":77,"column":29}},"30":{"start":{"line":79,"column":8},"end":{"line":79,"column":19}},"31":{"start":{"line":81,"column":4},"end":{"line":81,"column":21}},"32":{"start":{"line":83,"column":0},"end":{"line":83,"column":30}}},"fnMap":{"0":{"name":"(anonymous_0)","decl":{"start":{"line":9,"column":17},"end":{"line":9,"column":18}},"loc":{"start":{"line":9,"column":29},"end":{"line":82,"column":1}}},"1":{"name":"Container","decl":{"start":{"line":10,"column":13},"end":{"line":10,"column":22}},"loc":{"start":{"line":10,"column":28},"end":{"line":18,"column":5}}},"2":{"name":"(anonymous_2)","decl":{"start":{"line":24,"column":35},"end":{"line":24,"column":36}},"loc":{"start":{"line":24,"column":60},"end":{"line":26,"column":5}}},"3":{"name":"(anonymous_3)","decl":{"start":{"line":32,"column":30},"end":{"line":32,"column":31}},"loc":{"start":{"line":32,"column":46},"end":{"line":34,"column":5}}},"4":{"name":"(anonymous_4)","decl":{"start":{"line":40,"column":41},"end":{"line":40,"column":42}},"loc":{"start":{"line":40,"column":57},"end":{"line":45,"column":5}}},"5":{"name":"(anonymous_5)","decl":{"start":{"line":42,"column":47},"end":{"line":42,"column":48}},"loc":{"start":{"line":42,"column":59},"end":{"line":44,"column":9}}},"6":{"name":"(anonymous_6)","decl":{"start":{"line":51,"column":42},"end":{"line":51,"column":43}},"loc":{"start":{"line":51,"column":64},"end":{"line":56,"column":5}}},"7":{"name":"(anonymous_7)","decl":{"start":{"line":53,"column":47},"end":{"line":53,"column":48}},"loc":{"start":{"line":53,"column":59},"end":{"line":55,"column":9}}},"8":{"name":"(anonymous_8)","decl":{"start":{"line":62,"column":43},"end":{"line":62,"column":44}},"loc":{"start":{"line":62,"column":65},"end":{"line":67,"column":5}}},"9":{"name":"(anonymous_9)","decl":{"start":{"line":64,"column":47},"end":{"line":64,"column":48}},"loc":{"start":{"line":64,"column":59},"end":{"line":66,"column":9}}},"10":{"name":"(anonymous_10)","decl":{"start":{"line":68,"column":42},"end":{"line":68,"column":43}},"loc":{"start":{"line":68,"column":66},"end":{"line":70,"column":5}}},"11":{"name":"(anonymous_11)","decl":{"start":{"line":71,"column":36},"end":{"line":71,"column":37}},"loc":{"start":{"line":71,"column":54},"end":{"line":80,"column":5}}}},"branchMap":{"0":{"loc":{"start":{"line":12,"column":8},"end":{"line":17,"column":9}},"type":"if","locations":[{"start":{"line":12,"column":8},"end":{"line":17,"column":9}},{"start":{"line":12,"column":8},"end":{"line":17,"column":9}}]},"1":{"loc":{"start":{"line":74,"column":12},"end":{"line":76,"column":13}},"type":"if","locations":[{"start":{"line":74,"column":12},"end":{"line":76,"column":13}},{"start":{"line":74,"column":12},"end":{"line":76,"column":13}}]}},"s":{"0":1,"1":1,"2":12,"3":12,"4":0,"5":12,"6":1,"7":32,"8":1,"9":68,"10":1,"11":1,"12":1,"13":1,"14":1,"15":1,"16":1,"17":1,"18":1,"19":1,"20":1,"21":1,"22":1,"23":3,"24":1,"25":3,"26":3,"27":5,"28":2,"29":5,"30":3,"31":1,"32":1},"f":{"0":1,"1":12,"2":32,"3":68,"4":1,"5":1,"6":1,"7":1,"8":1,"9":1,"10":3,"11":3},"b":{"0":[0,12],"1":[2,3]},"_coverageSchema":"332fd63041d2c1bcb487cc26dd0d5f7d97098a6c","hash":"07771454cb7f1950b2fe6315862f0341dd5b3c15","contentHash":"6fe5052d7a7fc06183e3cef04b50b2de_10.1.2"},"/Users/stemey/work/projects/aem-react-js/di/ServiceProxy.js":{"path":"/Users/stemey/work/projects/aem-react-js/di/ServiceProxy.js","statementMap":{"0":{"start":{"line":6,"column":20},"end":{"line":36,"column":3}},"1":{"start":{"line":8,"column":8},"end":{"line":8,"column":27}},"2":{"start":{"line":9,"column":8},"end":{"line":9,"column":31}},"3":{"start":{"line":10,"column":8},"end":{"line":10,"column":25}},"4":{"start":{"line":19,"column":4},"end":{"line":34,"column":6}},"5":{"start":{"line":20,"column":20},"end":{"line":20,"column":24}},"6":{"start":{"line":21,"column":19},"end":{"line":21,"column":21}},"7":{"start":{"line":22,"column":8},"end":{"line":24,"column":9}},"8":{"start":{"line":23,"column":12},"end":{"line":23,"column":41}},"9":{"start":{"line":25,"column":23},"end":{"line":25,"column":82}},"10":{"start":{"line":26,"column":8},"end":{"line":33,"column":11}},"11":{"start":{"line":27,"column":26},"end":{"line":27,"column":41}},"12":{"start":{"line":28,"column":25},"end":{"line":28,"column":53}},"13":{"start":{"line":29,"column":12},"end":{"line":31,"column":13}},"14":{"start":{"line":30,"column":16},"end":{"line":30,"column":28}},"15":{"start":{"line":32,"column":12},"end":{"line":32,"column":38}},"16":{"start":{"line":35,"column":4},"end":{"line":35,"column":24}},"17":{"start":{"line":37,"column":0},"end":{"line":37,"column":62}},"18":{"start":{"line":42,"column":0},"end":{"line":42,"column":31}}},"fnMap":{"0":{"name":"(anonymous_0)","decl":{"start":{"line":6,"column":20},"end":{"line":6,"column":21}},"loc":{"start":{"line":6,"column":32},"end":{"line":36,"column":1}}},"1":{"name":"ServiceProxy","decl":{"start":{"line":7,"column":13},"end":{"line":7,"column":25}},"loc":{"start":{"line":7,"column":48},"end":{"line":11,"column":5}}},"2":{"name":"(anonymous_2)","decl":{"start":{"line":19,"column":36},"end":{"line":19,"column":37}},"loc":{"start":{"line":19,"column":54},"end":{"line":34,"column":5}}},"3":{"name":"(anonymous_3)","decl":{"start":{"line":26,"column":52},"end":{"line":26,"column":53}},"loc":{"start":{"line":26,"column":64},"end":{"line":33,"column":9}}}},"branchMap":{"0":{"loc":{"start":{"line":29,"column":12},"end":{"line":31,"column":13}},"type":"if","locations":[{"start":{"line":29,"column":12},"end":{"line":31,"column":13}},{"start":{"line":29,"column":12},"end":{"line":31,"column":13}}]}},"s":{"0":1,"1":6,"2":6,"3":6,"4":1,"5":6,"6":6,"7":6,"8":9,"9":6,"10":6,"11":6,"12":6,"13":5,"14":1,"15":4,"16":1,"17":1,"18":1},"f":{"0":1,"1":6,"2":6,"3":6},"b":{"0":[1,4]},"_coverageSchema":"332fd63041d2c1bcb487cc26dd0d5f7d97098a6c","hash":"ec63783b3713b142752246a0ce3c779596985fbb","contentHash":"aae6549a35355c1e7ae3b90e5288f659_10.1.2"},"/Users/stemey/work/projects/aem-react-js/ComponentManager.js":{"path":"/Users/stemey/work/projects/aem-react-js/ComponentManager.js","statementMap":{"0":{"start":{"line":2,"column":12},"end":{"line":2,"column":28}},"1":{"start":{"line":3,"column":15},"end":{"line":3,"column":35}},"2":{"start":{"line":4,"column":22},"end":{"line":4,"column":58}},"3":{"start":{"line":8,"column":24},"end":{"line":57,"column":3}},"4":{"start":{"line":10,"column":8},"end":{"line":10,"column":35}},"5":{"start":{"line":11,"column":8},"end":{"line":11,"column":33}},"6":{"start":{"line":12,"column":8},"end":{"line":12,"column":46}},"7":{"start":{"line":18,"column":4},"end":{"line":38,"column":6}},"8":{"start":{"line":19,"column":23},"end":{"line":19,"column":87}},"9":{"start":{"line":20,"column":8},"end":{"line":37,"column":9}},"10":{"start":{"line":21,"column":24},"end":{"line":21,"column":50}},"11":{"start":{"line":22,"column":12},"end":{"line":33,"column":13}},"12":{"start":{"line":23,"column":27},"end":{"line":23,"column":73}},"13":{"start":{"line":24,"column":16},"end":{"line":32,"column":17}},"14":{"start":{"line":25,"column":20},"end":{"line":25,"column":116}},"15":{"start":{"line":28,"column":32},"end":{"line":28,"column":59}},"16":{"start":{"line":29,"column":20},"end":{"line":29,"column":50}},"17":{"start":{"line":30,"column":30},"end":{"line":30,"column":108}},"18":{"start":{"line":31,"column":20},"end":{"line":31,"column":163}},"19":{"start":{"line":36,"column":12},"end":{"line":36,"column":134}},"20":{"start":{"line":39,"column":4},"end":{"line":41,"column":6}},"21":{"start":{"line":40,"column":8},"end":{"line":40,"column":56}},"22":{"start":{"line":42,"column":4},"end":{"line":44,"column":6}},"23":{"start":{"line":43,"column":8},"end":{"line":43,"column":56}},"24":{"start":{"line":48,"column":4},"end":{"line":55,"column":6}},"25":{"start":{"line":49,"column":20},"end":{"line":49,"column":81}},"26":{"start":{"line":50,"column":8},"end":{"line":53,"column":9}},"27":{"start":{"line":51,"column":23},"end":{"line":51,"column":34}},"28":{"start":{"line":52,"column":12},"end":{"line":52,"column":42}},"29":{"start":{"line":54,"column":8},"end":{"line":54,"column":28}},"30":{"start":{"line":56,"column":4},"end":{"line":56,"column":28}},"31":{"start":{"line":58,"column":0},"end":{"line":58,"column":62}},"32":{"start":{"line":62,"column":0},"end":{"line":62,"column":35}}},"fnMap":{"0":{"name":"(anonymous_0)","decl":{"start":{"line":8,"column":24},"end":{"line":8,"column":25}},"loc":{"start":{"line":8,"column":36},"end":{"line":57,"column":1}}},"1":{"name":"ComponentManager","decl":{"start":{"line":9,"column":13},"end":{"line":9,"column":29}},"loc":{"start":{"line":9,"column":62},"end":{"line":13,"column":5}}},"2":{"name":"(anonymous_2)","decl":{"start":{"line":18,"column":52},"end":{"line":18,"column":53}},"loc":{"start":{"line":18,"column":68},"end":{"line":38,"column":5}}},"3":{"name":"(anonymous_3)","decl":{"start":{"line":39,"column":49},"end":{"line":39,"column":50}},"loc":{"start":{"line":39,"column":70},"end":{"line":41,"column":5}}},"4":{"name":"(anonymous_4)","decl":{"start":{"line":42,"column":46},"end":{"line":42,"column":47}},"loc":{"start":{"line":42,"column":70},"end":{"line":44,"column":5}}},"5":{"name":"(anonymous_5)","decl":{"start":{"line":48,"column":53},"end":{"line":48,"column":54}},"loc":{"start":{"line":48,"column":65},"end":{"line":55,"column":5}}}},"branchMap":{"0":{"loc":{"start":{"line":12,"column":24},"end":{"line":12,"column":45}},"type":"binary-expr","locations":[{"start":{"line":12,"column":24},"end":{"line":12,"column":33}},{"start":{"line":12,"column":37},"end":{"line":12,"column":45}}]},"1":{"loc":{"start":{"line":20,"column":8},"end":{"line":37,"column":9}},"type":"if","locations":[{"start":{"line":20,"column":8},"end":{"line":37,"column":9}},{"start":{"line":20,"column":8},"end":{"line":37,"column":9}}]},"2":{"loc":{"start":{"line":22,"column":12},"end":{"line":33,"column":13}},"type":"if","locations":[{"start":{"line":22,"column":12},"end":{"line":33,"column":13}},{"start":{"line":22,"column":12},"end":{"line":33,"column":13}}]},"3":{"loc":{"start":{"line":24,"column":16},"end":{"line":32,"column":17}},"type":"if","locations":[{"start":{"line":24,"column":16},"end":{"line":32,"column":17}},{"start":{"line":24,"column":16},"end":{"line":32,"column":17}}]}},"s":{"0":1,"1":1,"2":1,"3":1,"4":10,"5":10,"6":10,"7":1,"8":3,"9":3,"10":3,"11":3,"12":2,"13":2,"14":0,"15":2,"16":2,"17":2,"18":2,"19":0,"20":1,"21":1,"22":1,"23":1,"24":1,"25":1,"26":1,"27":1,"28":1,"29":1,"30":1,"31":1,"32":1},"f":{"0":1,"1":10,"2":3,"3":1,"4":1,"5":1},"b":{"0":[10,3],"1":[3,0],"2":[2,1],"3":[0,2]},"_coverageSchema":"332fd63041d2c1bcb487cc26dd0d5f7d97098a6c","hash":"1243a0dec53ba06b9a2002f05a14061bc9988798","contentHash":"46f9d47fda80faa2419162bd47f08e01_10.1.2"},"/Users/stemey/work/projects/aem-react-js/store/Cache.js":{"path":"/Users/stemey/work/projects/aem-react-js/store/Cache.js","statementMap":{"0":{"start":{"line":2,"column":22},"end":{"line":2,"column":49}},"1":{"start":{"line":6,"column":13},"end":{"line":131,"column":3}},"2":{"start":{"line":8,"column":8},"end":{"line":8,"column":28}},"3":{"start":{"line":9,"column":8},"end":{"line":9,"column":26}},"4":{"start":{"line":10,"column":8},"end":{"line":10,"column":27}},"5":{"start":{"line":11,"column":8},"end":{"line":11,"column":31}},"6":{"start":{"line":13,"column":4},"end":{"line":23,"column":6}},"7":{"start":{"line":14,"column":23},"end":{"line":14,"column":51}},"8":{"start":{"line":15,"column":8},"end":{"line":20,"column":9}},"9":{"start":{"line":16,"column":12},"end":{"line":16,"column":37}},"10":{"start":{"line":17,"column":12},"end":{"line":19,"column":13}},"11":{"start":{"line":18,"column":16},"end":{"line":18,"column":32}},"12":{"start":{"line":21,"column":8},"end":{"line":21,"column":24}},"13":{"start":{"line":22,"column":8},"end":{"line":22,"column":24}},"14":{"start":{"line":24,"column":4},"end":{"line":31,"column":6}},"15":{"start":{"line":25,"column":21},"end":{"line":25,"column":50}},"16":{"start":{"line":26,"column":8},"end":{"line":29,"column":9}},"17":{"start":{"line":27,"column":12},"end":{"line":27,"column":32}},"18":{"start":{"line":28,"column":12},"end":{"line":28,"column":50}},"19":{"start":{"line":30,"column":8},"end":{"line":30,"column":22}},"20":{"start":{"line":32,"column":4},"end":{"line":39,"column":6}},"21":{"start":{"line":33,"column":20},"end":{"line":33,"column":24}},"22":{"start":{"line":34,"column":8},"end":{"line":38,"column":9}},"23":{"start":{"line":35,"column":12},"end":{"line":37,"column":15}},"24":{"start":{"line":36,"column":16},"end":{"line":36,"column":52}},"25":{"start":{"line":40,"column":4},"end":{"line":47,"column":6}},"26":{"start":{"line":41,"column":8},"end":{"line":46,"column":9}},"27":{"start":{"line":42,"column":12},"end":{"line":42,"column":40}},"28":{"start":{"line":45,"column":12},"end":{"line":45,"column":89}},"29":{"start":{"line":48,"column":4},"end":{"line":78,"column":6}},"30":{"start":{"line":49,"column":30},"end":{"line":49,"column":56}},"31":{"start":{"line":50,"column":22},"end":{"line":50,"column":24}},"32":{"start":{"line":51,"column":23},"end":{"line":51,"column":43}},"33":{"start":{"line":52,"column":8},"end":{"line":62,"column":9}},"34":{"start":{"line":53,"column":25},"end":{"line":53,"column":70}},"35":{"start":{"line":54,"column":12},"end":{"line":61,"column":13}},"36":{"start":{"line":55,"column":16},"end":{"line":55,"column":35}},"37":{"start":{"line":56,"column":16},"end":{"line":56,"column":56}},"38":{"start":{"line":57,"column":16},"end":{"line":57,"column":55}},"39":{"start":{"line":60,"column":16},"end":{"line":60,"column":22}},"40":{"start":{"line":63,"column":8},"end":{"line":77,"column":9}},"41":{"start":{"line":64,"column":12},"end":{"line":64,"column":24}},"42":{"start":{"line":66,"column":13},"end":{"line":77,"column":9}},"43":{"start":{"line":67,"column":12},"end":{"line":67,"column":60}},"44":{"start":{"line":69,"column":13},"end":{"line":77,"column":9}},"45":{"start":{"line":70,"column":12},"end":{"line":70,"column":24}},"46":{"start":{"line":72,"column":13},"end":{"line":77,"column":9}},"47":{"start":{"line":73,"column":12},"end":{"line":73,"column":60}},"48":{"start":{"line":76,"column":12},"end":{"line":76,"column":24}},"49":{"start":{"line":79,"column":4},"end":{"line":81,"column":6}},"50":{"start":{"line":80,"column":8},"end":{"line":80,"column":45}},"51":{"start":{"line":82,"column":4},"end":{"line":84,"column":6}},"52":{"start":{"line":83,"column":8},"end":{"line":83,"column":38}},"53":{"start":{"line":85,"column":4},"end":{"line":87,"column":6}},"54":{"start":{"line":86,"column":8},"end":{"line":86,"column":36}},"55":{"start":{"line":88,"column":4},"end":{"line":90,"column":6}},"56":{"start":{"line":89,"column":8},"end":{"line":89,"column":34}},"57":{"start":{"line":91,"column":4},"end":{"line":93,"column":6}},"58":{"start":{"line":92,"column":8},"end":{"line":92,"column":39}},"59":{"start":{"line":94,"column":4},"end":{"line":96,"column":6}},"60":{"start":{"line":95,"column":8},"end":{"line":95,"column":35}},"61":{"start":{"line":97,"column":4},"end":{"line":101,"column":6}},"62":{"start":{"line":98,"column":8},"end":{"line":100,"column":10}},"63":{"start":{"line":102,"column":4},"end":{"line":107,"column":6}},"64":{"start":{"line":103,"column":8},"end":{"line":103,"column":28}},"65":{"start":{"line":104,"column":8},"end":{"line":104,"column":26}},"66":{"start":{"line":105,"column":8},"end":{"line":105,"column":27}},"67":{"start":{"line":106,"column":8},"end":{"line":106,"column":31}},"68":{"start":{"line":108,"column":4},"end":{"line":114,"column":6}},"69":{"start":{"line":109,"column":8},"end":{"line":113,"column":9}},"70":{"start":{"line":110,"column":12},"end":{"line":112,"column":15}},"71":{"start":{"line":111,"column":16},"end":{"line":111,"column":42}},"72":{"start":{"line":115,"column":4},"end":{"line":120,"column":6}},"73":{"start":{"line":116,"column":8},"end":{"line":118,"column":9}},"74":{"start":{"line":117,"column":12},"end":{"line":117,"column":22}},"75":{"start":{"line":119,"column":8},"end":{"line":119,"column":21}},"76":{"start":{"line":121,"column":4},"end":{"line":129,"column":6}},"77":{"start":{"line":122,"column":22},"end":{"line":122,"column":69}},"78":{"start":{"line":123,"column":8},"end":{"line":128,"column":9}},"79":{"start":{"line":124,"column":12},"end":{"line":124,"column":22}},"80":{"start":{"line":127,"column":12},"end":{"line":127,"column":27}},"81":{"start":{"line":130,"column":4},"end":{"line":130,"column":17}},"82":{"start":{"line":132,"column":0},"end":{"line":132,"column":62}},"83":{"start":{"line":136,"column":0},"end":{"line":136,"column":24}}},"fnMap":{"0":{"name":"(anonymous_0)","decl":{"start":{"line":6,"column":13},"end":{"line":6,"column":14}},"loc":{"start":{"line":6,"column":25},"end":{"line":131,"column":1}}},"1":{"name":"Cache","decl":{"start":{"line":7,"column":13},"end":{"line":7,"column":18}},"loc":{"start":{"line":7,"column":21},"end":{"line":12,"column":5}}},"2":{"name":"(anonymous_2)","decl":{"start":{"line":13,"column":46},"end":{"line":13,"column":47}},"loc":{"start":{"line":13,"column":79},"end":{"line":23,"column":5}}},"3":{"name":"(anonymous_3)","decl":{"start":{"line":24,"column":38},"end":{"line":24,"column":39}},"loc":{"start":{"line":24,"column":68},"end":{"line":31,"column":5}}},"4":{"name":"(anonymous_4)","decl":{"start":{"line":32,"column":33},"end":{"line":32,"column":34}},"loc":{"start":{"line":32,"column":50},"end":{"line":39,"column":5}}},"5":{"name":"(anonymous_5)","decl":{"start":{"line":35,"column":73},"end":{"line":35,"column":74}},"loc":{"start":{"line":35,"column":88},"end":{"line":37,"column":13}}},"6":{"name":"(anonymous_6)","decl":{"start":{"line":40,"column":26},"end":{"line":40,"column":27}},"loc":{"start":{"line":40,"column":59},"end":{"line":47,"column":5}}},"7":{"name":"(anonymous_7)","decl":{"start":{"line":48,"column":26},"end":{"line":48,"column":27}},"loc":{"start":{"line":48,"column":49},"end":{"line":78,"column":5}}},"8":{"name":"(anonymous_8)","decl":{"start":{"line":79,"column":37},"end":{"line":79,"column":38}},"loc":{"start":{"line":79,"column":65},"end":{"line":81,"column":5}}},"9":{"name":"(anonymous_9)","decl":{"start":{"line":82,"column":37},"end":{"line":82,"column":38}},"loc":{"start":{"line":82,"column":52},"end":{"line":84,"column":5}}},"10":{"name":"(anonymous_10)","decl":{"start":{"line":85,"column":32},"end":{"line":85,"column":33}},"loc":{"start":{"line":85,"column":56},"end":{"line":87,"column":5}}},"11":{"name":"(anonymous_11)","decl":{"start":{"line":88,"column":32},"end":{"line":88,"column":33}},"loc":{"start":{"line":88,"column":48},"end":{"line":90,"column":5}}},"12":{"name":"(anonymous_12)","decl":{"start":{"line":91,"column":34},"end":{"line":91,"column":35}},"loc":{"start":{"line":91,"column":60},"end":{"line":93,"column":5}}},"13":{"name":"(anonymous_13)","decl":{"start":{"line":94,"column":34},"end":{"line":94,"column":35}},"loc":{"start":{"line":94,"column":50},"end":{"line":96,"column":5}}},"14":{"name":"(anonymous_14)","decl":{"start":{"line":97,"column":35},"end":{"line":97,"column":36}},"loc":{"start":{"line":97,"column":47},"end":{"line":101,"column":5}}},"15":{"name":"(anonymous_15)","decl":{"start":{"line":102,"column":28},"end":{"line":102,"column":29}},"loc":{"start":{"line":102,"column":40},"end":{"line":107,"column":5}}},"16":{"name":"(anonymous_16)","decl":{"start":{"line":108,"column":28},"end":{"line":108,"column":29}},"loc":{"start":{"line":108,"column":54},"end":{"line":114,"column":5}}},"17":{"name":"(anonymous_17)","decl":{"start":{"line":110,"column":40},"end":{"line":110,"column":41}},"loc":{"start":{"line":110,"column":55},"end":{"line":112,"column":13}}},"18":{"name":"(anonymous_18)","decl":{"start":{"line":115,"column":37},"end":{"line":115,"column":38}},"loc":{"start":{"line":115,"column":54},"end":{"line":120,"column":5}}},"19":{"name":"(anonymous_19)","decl":{"start":{"line":121,"column":34},"end":{"line":121,"column":35}},"loc":{"start":{"line":121,"column":56},"end":{"line":129,"column":5}}}},"branchMap":{"0":{"loc":{"start":{"line":17,"column":12},"end":{"line":19,"column":13}},"type":"if","locations":[{"start":{"line":17,"column":12},"end":{"line":19,"column":13}},{"start":{"line":17,"column":12},"end":{"line":19,"column":13}}]},"1":{"loc":{"start":{"line":26,"column":8},"end":{"line":29,"column":9}},"type":"if","locations":[{"start":{"line":26,"column":8},"end":{"line":29,"column":9}},{"start":{"line":26,"column":8},"end":{"line":29,"column":9}}]},"2":{"loc":{"start":{"line":34,"column":8},"end":{"line":38,"column":9}},"type":"if","locations":[{"start":{"line":34,"column":8},"end":{"line":38,"column":9}},{"start":{"line":34,"column":8},"end":{"line":38,"column":9}}]},"3":{"loc":{"start":{"line":41,"column":8},"end":{"line":46,"column":9}},"type":"if","locations":[{"start":{"line":41,"column":8},"end":{"line":46,"column":9}},{"start":{"line":41,"column":8},"end":{"line":46,"column":9}}]},"4":{"loc":{"start":{"line":41,"column":12},"end":{"line":41,"column":64}},"type":"binary-expr","locations":[{"start":{"line":41,"column":12},"end":{"line":41,"column":29}},{"start":{"line":41,"column":33},"end":{"line":41,"column":64}}]},"5":{"loc":{"start":{"line":52,"column":15},"end":{"line":52,"column":40}},"type":"binary-expr","locations":[{"start":{"line":52,"column":15},"end":{"line":52,"column":24}},{"start":{"line":52,"column":28},"end":{"line":52,"column":40}}]},"6":{"loc":{"start":{"line":54,"column":12},"end":{"line":61,"column":13}},"type":"if","locations":[{"start":{"line":54,"column":12},"end":{"line":61,"column":13}},{"start":{"line":54,"column":12},"end":{"line":61,"column":13}}]},"7":{"loc":{"start":{"line":63,"column":8},"end":{"line":77,"column":9}},"type":"if","locations":[{"start":{"line":63,"column":8},"end":{"line":77,"column":9}},{"start":{"line":63,"column":8},"end":{"line":77,"column":9}}]},"8":{"loc":{"start":{"line":63,"column":12},"end":{"line":63,"column":64}},"type":"binary-expr","locations":[{"start":{"line":63,"column":12},"end":{"line":63,"column":43}},{"start":{"line":63,"column":47},"end":{"line":63,"column":64}}]},"9":{"loc":{"start":{"line":66,"column":13},"end":{"line":77,"column":9}},"type":"if","locations":[{"start":{"line":66,"column":13},"end":{"line":77,"column":9}},{"start":{"line":66,"column":13},"end":{"line":77,"column":9}}]},"10":{"loc":{"start":{"line":69,"column":13},"end":{"line":77,"column":9}},"type":"if","locations":[{"start":{"line":69,"column":13},"end":{"line":77,"column":9}},{"start":{"line":69,"column":13},"end":{"line":77,"column":9}}]},"11":{"loc":{"start":{"line":72,"column":13},"end":{"line":77,"column":9}},"type":"if","locations":[{"start":{"line":72,"column":13},"end":{"line":77,"column":9}},{"start":{"line":72,"column":13},"end":{"line":77,"column":9}}]},"12":{"loc":{"start":{"line":109,"column":8},"end":{"line":113,"column":9}},"type":"if","locations":[{"start":{"line":109,"column":8},"end":{"line":113,"column":9}},{"start":{"line":109,"column":8},"end":{"line":113,"column":9}}]},"13":{"loc":{"start":{"line":116,"column":8},"end":{"line":118,"column":9}},"type":"if","locations":[{"start":{"line":116,"column":8},"end":{"line":118,"column":9}},{"start":{"line":116,"column":8},"end":{"line":118,"column":9}}]},"14":{"loc":{"start":{"line":116,"column":12},"end":{"line":116,"column":71}},"type":"binary-expr","locations":[{"start":{"line":116,"column":12},"end":{"line":116,"column":21}},{"start":{"line":116,"column":25},"end":{"line":116,"column":39}},{"start":{"line":116,"column":43},"end":{"line":116,"column":71}}]},"15":{"loc":{"start":{"line":123,"column":8},"end":{"line":128,"column":9}},"type":"if","locations":[{"start":{"line":123,"column":8},"end":{"line":128,"column":9}},{"start":{"line":123,"column":8},"end":{"line":128,"column":9}}]},"16":{"loc":{"start":{"line":123,"column":12},"end":{"line":123,"column":62}},"type":"binary-expr","locations":[{"start":{"line":123,"column":12},"end":{"line":123,"column":42}},{"start":{"line":123,"column":46},"end":{"line":123,"column":62}}]}},"s":{"0":1,"1":1,"2":64,"3":64,"4":64,"5":64,"6":1,"7":10,"8":10,"9":17,"10":17,"11":7,"12":10,"13":10,"14":1,"15":7,"16":7,"17":7,"18":6,"19":6,"20":1,"21":6,"22":6,"23":5,"24":20,"25":1,"26":37,"27":1,"28":36,"29":1,"30":52,"31":52,"32":52,"33":52,"34":45,"35":45,"36":38,"37":38,"38":38,"39":7,"40":52,"41":7,"42":45,"43":38,"44":7,"45":2,"46":5,"47":5,"48":0,"49":1,"50":9,"51":1,"52":13,"53":1,"54":6,"55":1,"56":6,"57":1,"58":9,"59":1,"60":10,"61":1,"62":1,"63":1,"64":1,"65":1,"66":1,"67":1,"68":1,"69":20,"70":11,"71":3,"72":1,"73":88,"74":37,"75":51,"76":1,"77":43,"78":43,"79":2,"80":41,"81":1,"82":1,"83":1},"f":{"0":1,"1":64,"2":10,"3":7,"4":6,"5":20,"6":37,"7":52,"8":9,"9":13,"10":6,"11":6,"12":9,"13":10,"14":1,"15":1,"16":20,"17":3,"18":88,"19":43},"b":{"0":[7,10],"1":[7,0],"2":[5,1],"3":[1,36],"4":[37,36],"5":[90,45],"6":[38,7],"7":[7,45],"8":[52,45],"9":[38,7],"10":[2,5],"11":[5,0],"12":[11,9],"13":[37,51],"14":[88,86,86],"15":[2,41],"16":[43,43]},"_coverageSchema":"332fd63041d2c1bcb487cc26dd0d5f7d97098a6c","hash":"24cf3cd53a010365dda07745c8b65e8558836169","contentHash":"0f3726f253399351eecf053c1d23476d_10.1.2"},"/Users/stemey/work/projects/aem-react-js/ResourceUtils.js":{"path":"/Users/stemey/work/projects/aem-react-js/ResourceUtils.js","statementMap":{"0":{"start":{"line":2,"column":21},"end":{"line":55,"column":3}},"1":{"start":{"line":10,"column":4},"end":{"line":21,"column":6}},"2":{"start":{"line":11,"column":23},"end":{"line":11,"column":25}},"3":{"start":{"line":12,"column":8},"end":{"line":19,"column":9}},"4":{"start":{"line":13,"column":12},"end":{"line":18,"column":15}},"5":{"start":{"line":14,"column":28},"end":{"line":14,"column":50}},"6":{"start":{"line":15,"column":16},"end":{"line":17,"column":17}},"7":{"start":{"line":16,"column":20},"end":{"line":16,"column":51}},"8":{"start":{"line":20,"column":8},"end":{"line":20,"column":24}},"9":{"start":{"line":22,"column":4},"end":{"line":30,"column":6}},"10":{"start":{"line":23,"column":8},"end":{"line":28,"column":9}},"11":{"start":{"line":24,"column":12},"end":{"line":24,"column":33}},"12":{"start":{"line":25,"column":12},"end":{"line":27,"column":13}},"13":{"start":{"line":26,"column":16},"end":{"line":26,"column":28}},"14":{"start":{"line":29,"column":8},"end":{"line":29,"column":20}},"15":{"start":{"line":31,"column":4},"end":{"line":33,"column":6}},"16":{"start":{"line":32,"column":8},"end":{"line":32,"column":62}},"17":{"start":{"line":34,"column":4},"end":{"line":45,"column":6}},"18":{"start":{"line":35,"column":22},"end":{"line":35,"column":24}},"19":{"start":{"line":36,"column":8},"end":{"line":43,"column":9}},"20":{"start":{"line":37,"column":24},"end":{"line":37,"column":53}},"21":{"start":{"line":38,"column":12},"end":{"line":40,"column":13}},"22":{"start":{"line":39,"column":16},"end":{"line":39,"column":28}},"23":{"start":{"line":41,"column":12},"end":{"line":41,"column":60}},"24":{"start":{"line":42,"column":12},"end":{"line":42,"column":60}},"25":{"start":{"line":44,"column":8},"end":{"line":44,"column":56}},"26":{"start":{"line":46,"column":4},"end":{"line":53,"column":6}},"27":{"start":{"line":47,"column":20},"end":{"line":47,"column":54}},"28":{"start":{"line":48,"column":8},"end":{"line":50,"column":9}},"29":{"start":{"line":49,"column":12},"end":{"line":49,"column":31}},"30":{"start":{"line":51,"column":18},"end":{"line":51,"column":42}},"31":{"start":{"line":52,"column":8},"end":{"line":52,"column":100}},"32":{"start":{"line":54,"column":4},"end":{"line":54,"column":25}},"33":{"start":{"line":56,"column":0},"end":{"line":56,"column":62}},"34":{"start":{"line":57,"column":0},"end":{"line":57,"column":32}},"35":{"start":{"line":58,"column":0},"end":{"line":58,"column":44}}},"fnMap":{"0":{"name":"(anonymous_0)","decl":{"start":{"line":2,"column":21},"end":{"line":2,"column":22}},"loc":{"start":{"line":2,"column":33},"end":{"line":55,"column":1}}},"1":{"name":"ResourceUtils","decl":{"start":{"line":3,"column":13},"end":{"line":3,"column":26}},"loc":{"start":{"line":3,"column":29},"end":{"line":4,"column":5}}},"2":{"name":"(anonymous_2)","decl":{"start":{"line":10,"column":32},"end":{"line":10,"column":33}},"loc":{"start":{"line":10,"column":52},"end":{"line":21,"column":5}}},"3":{"name":"(anonymous_3)","decl":{"start":{"line":13,"column":42},"end":{"line":13,"column":43}},"loc":{"start":{"line":13,"column":66},"end":{"line":18,"column":13}}},"4":{"name":"(anonymous_4)","decl":{"start":{"line":22,"column":32},"end":{"line":22,"column":33}},"loc":{"start":{"line":22,"column":54},"end":{"line":30,"column":5}}},"5":{"name":"(anonymous_5)","decl":{"start":{"line":31,"column":35},"end":{"line":31,"column":36}},"loc":{"start":{"line":31,"column":51},"end":{"line":33,"column":5}}},"6":{"name":"(anonymous_6)","decl":{"start":{"line":34,"column":33},"end":{"line":34,"column":34}},"loc":{"start":{"line":34,"column":64},"end":{"line":45,"column":5}}},"7":{"name":"(anonymous_7)","decl":{"start":{"line":46,"column":42},"end":{"line":46,"column":43}},"loc":{"start":{"line":46,"column":65},"end":{"line":53,"column":5}}}},"branchMap":{"0":{"loc":{"start":{"line":12,"column":8},"end":{"line":19,"column":9}},"type":"if","locations":[{"start":{"line":12,"column":8},"end":{"line":19,"column":9}},{"start":{"line":12,"column":8},"end":{"line":19,"column":9}}]},"1":{"loc":{"start":{"line":15,"column":16},"end":{"line":17,"column":17}},"type":"if","locations":[{"start":{"line":15,"column":16},"end":{"line":17,"column":17}},{"start":{"line":15,"column":16},"end":{"line":17,"column":17}}]},"2":{"loc":{"start":{"line":25,"column":12},"end":{"line":27,"column":13}},"type":"if","locations":[{"start":{"line":25,"column":12},"end":{"line":27,"column":13}},{"start":{"line":25,"column":12},"end":{"line":27,"column":13}}]},"3":{"loc":{"start":{"line":38,"column":12},"end":{"line":40,"column":13}},"type":"if","locations":[{"start":{"line":38,"column":12},"end":{"line":40,"column":13}},{"start":{"line":38,"column":12},"end":{"line":40,"column":13}}]},"4":{"loc":{"start":{"line":48,"column":8},"end":{"line":50,"column":9}},"type":"if","locations":[{"start":{"line":48,"column":8},"end":{"line":50,"column":9}},{"start":{"line":48,"column":8},"end":{"line":50,"column":9}}]}},"s":{"0":1,"1":1,"2":11,"3":11,"4":11,"5":13,"6":13,"7":10,"8":11,"9":1,"10":45,"11":29,"12":29,"13":3,"14":42,"15":1,"16":39,"17":1,"18":46,"19":46,"20":47,"21":47,"22":7,"23":40,"24":40,"25":39,"26":1,"27":2,"28":2,"29":1,"30":1,"31":1,"32":1,"33":1,"34":1,"35":1},"f":{"0":1,"1":0,"2":11,"3":13,"4":45,"5":39,"6":46,"7":2},"b":{"0":[11,0],"1":[10,3],"2":[3,26],"3":[7,40],"4":[1,1]},"_coverageSchema":"332fd63041d2c1bcb487cc26dd0d5f7d97098a6c","hash":"3085876067a1e7e723e0d79fab5eaa40f70cbc25","contentHash":"76a94724dd8d02160c7fc1b4e1ee7bd4_10.1.2"},"/Users/stemey/work/projects/aem-react-js/component/ResourceComponent.js":{"path":"/Users/stemey/work/projects/aem-react-js/component/ResourceComponent.js","statementMap":{"0":{"start":{"line":2,"column":16},"end":{"line":6,"column":1}},"1":{"start":{"line":3,"column":4},"end":{"line":3,"column":58}},"2":{"start":{"line":3,"column":21},"end":{"line":3,"column":58}},"3":{"start":{"line":3,"column":46},"end":{"line":3,"column":58}},"4":{"start":{"line":4,"column":20},"end":{"line":4,"column":41}},"5":{"start":{"line":5,"column":4},"end":{"line":5,"column":89}},"6":{"start":{"line":7,"column":12},"end":{"line":7,"column":28}},"7":{"start":{"line":8,"column":21},"end":{"line":8,"column":46}},"8":{"start":{"line":9,"column":19},"end":{"line":9,"column":42}},"9":{"start":{"line":10,"column":22},"end":{"line":10,"column":49}},"10":{"start":{"line":11,"column":16},"end":{"line":11,"column":37}},"11":{"start":{"line":12,"column":21},"end":{"line":12,"column":60}},"12":{"start":{"line":13,"column":0},"end":{"line":17,"column":42}},"13":{"start":{"line":14,"column":4},"end":{"line":14,"column":44}},"14":{"start":{"line":15,"column":4},"end":{"line":15,"column":42}},"15":{"start":{"line":16,"column":4},"end":{"line":16,"column":42}},"16":{"start":{"line":18,"column":12},"end":{"line":18,"column":25}},"17":{"start":{"line":22,"column":25},"end":{"line":144,"column":25}},"18":{"start":{"line":23,"column":4},"end":{"line":23,"column":41}},"19":{"start":{"line":25,"column":8},"end":{"line":25,"column":53}},"20":{"start":{"line":27,"column":4},"end":{"line":32,"column":6}},"21":{"start":{"line":28,"column":8},"end":{"line":31,"column":10}},"22":{"start":{"line":33,"column":4},"end":{"line":35,"column":6}},"23":{"start":{"line":34,"column":8},"end":{"line":34,"column":58}},"24":{"start":{"line":36,"column":4},"end":{"line":38,"column":6}},"25":{"start":{"line":37,"column":8},"end":{"line":37,"column":26}},"26":{"start":{"line":39,"column":4},"end":{"line":41,"column":6}},"27":{"start":{"line":40,"column":8},"end":{"line":40,"column":26}},"28":{"start":{"line":42,"column":4},"end":{"line":54,"column":6}},"29":{"start":{"line":44,"column":8},"end":{"line":49,"column":9}},"30":{"start":{"line":45,"column":12},"end":{"line":45,"column":43}},"31":{"start":{"line":48,"column":12},"end":{"line":48,"column":69}},"32":{"start":{"line":50,"column":8},"end":{"line":53,"column":9}},"33":{"start":{"line":51,"column":12},"end":{"line":51,"column":80}},"34":{"start":{"line":52,"column":12},"end":{"line":52,"column":114}},"35":{"start":{"line":55,"column":4},"end":{"line":57,"column":6}},"36":{"start":{"line":56,"column":8},"end":{"line":56,"column":58}},"37":{"start":{"line":58,"column":4},"end":{"line":65,"column":6}},"38":{"start":{"line":59,"column":8},"end":{"line":64,"column":9}},"39":{"start":{"line":60,"column":12},"end":{"line":60,"column":43}},"40":{"start":{"line":63,"column":12},"end":{"line":63,"column":24}},"41":{"start":{"line":66,"column":4},"end":{"line":68,"column":6}},"42":{"start":{"line":67,"column":8},"end":{"line":67,"column":62}},"43":{"start":{"line":69,"column":4},"end":{"line":81,"column":6}},"44":{"start":{"line":71,"column":8},"end":{"line":79,"column":9}},"45":{"start":{"line":72,"column":12},"end":{"line":72,"column":41}},"46":{"start":{"line":74,"column":13},"end":{"line":79,"column":9}},"47":{"start":{"line":75,"column":12},"end":{"line":75,"column":37}},"48":{"start":{"line":78,"column":12},"end":{"line":78,"column":38}},"49":{"start":{"line":80,"column":8},"end":{"line":80,"column":163}},"50":{"start":{"line":82,"column":4},"end":{"line":84,"column":6}},"51":{"start":{"line":83,"column":8},"end":{"line":83,"column":48}},"52":{"start":{"line":85,"column":4},"end":{"line":87,"column":6}},"53":{"start":{"line":86,"column":8},"end":{"line":86,"column":35}},"54":{"start":{"line":88,"column":4},"end":{"line":90,"column":6}},"55":{"start":{"line":89,"column":8},"end":{"line":89,"column":70}},"56":{"start":{"line":91,"column":4},"end":{"line":93,"column":6}},"57":{"start":{"line":92,"column":8},"end":{"line":92,"column":89}},"58":{"start":{"line":94,"column":4},"end":{"line":96,"column":6}},"59":{"start":{"line":95,"column":8},"end":{"line":95,"column":17}},"60":{"start":{"line":97,"column":4},"end":{"line":142,"column":6}},"61":{"start":{"line":98,"column":20},"end":{"line":98,"column":24}},"62":{"start":{"line":99,"column":8},"end":{"line":101,"column":9}},"63":{"start":{"line":100,"column":12},"end":{"line":100,"column":66}},"64":{"start":{"line":102,"column":31},"end":{"line":102,"column":85}},"65":{"start":{"line":103,"column":23},"end":{"line":103,"column":76}},"66":{"start":{"line":104,"column":30},"end":{"line":104,"column":32}},"67":{"start":{"line":105,"column":23},"end":{"line":105,"column":47}},"68":{"start":{"line":107,"column":8},"end":{"line":134,"column":17}},"69":{"start":{"line":108,"column":27},"end":{"line":108,"column":45}},"70":{"start":{"line":109,"column":31},"end":{"line":109,"column":61}},"71":{"start":{"line":110,"column":29},"end":{"line":110,"column":48}},"72":{"start":{"line":111,"column":32},"end":{"line":111,"column":78}},"73":{"start":{"line":112,"column":12},"end":{"line":133,"column":13}},"74":{"start":{"line":113,"column":16},"end":{"line":123,"column":17}},"75":{"start":{"line":114,"column":32},"end":{"line":114,"column":103}},"76":{"start":{"line":115,"column":20},"end":{"line":117,"column":67}},"77":{"start":{"line":120,"column":20},"end":{"line":122,"column":137}},"78":{"start":{"line":126,"column":16},"end":{"line":132,"column":17}},"79":{"start":{"line":127,"column":32},"end":{"line":127,"column":139}},"80":{"start":{"line":128,"column":20},"end":{"line":128,"column":84}},"81":{"start":{"line":131,"column":20},"end":{"line":131,"column":154}},"82":{"start":{"line":135,"column":22},"end":{"line":135,"column":26}},"83":{"start":{"line":136,"column":8},"end":{"line":140,"column":9}},"84":{"start":{"line":137,"column":31},"end":{"line":137,"column":65}},"85":{"start":{"line":138,"column":12},"end":{"line":138,"column":144}},"86":{"start":{"line":139,"column":12},"end":{"line":139,"column":42}},"87":{"start":{"line":141,"column":8},"end":{"line":141,"column":31}},"88":{"start":{"line":143,"column":4},"end":{"line":143,"column":29}},"89":{"start":{"line":145,"column":0},"end":{"line":145,"column":46}},"90":{"start":{"line":146,"column":0},"end":{"line":149,"column":2}}},"fnMap":{"0":{"name":"(anonymous_0)","decl":{"start":{"line":2,"column":44},"end":{"line":2,"column":45}},"loc":{"start":{"line":2,"column":60},"end":{"line":6,"column":1}}},"1":{"name":"__","decl":{"start":{"line":4,"column":13},"end":{"line":4,"column":15}},"loc":{"start":{"line":4,"column":18},"end":{"line":4,"column":43}}},"2":{"name":"(anonymous_2)","decl":{"start":{"line":13,"column":1},"end":{"line":13,"column":2}},"loc":{"start":{"line":13,"column":18},"end":{"line":17,"column":1}}},"3":{"name":"(anonymous_3)","decl":{"start":{"line":22,"column":25},"end":{"line":22,"column":26}},"loc":{"start":{"line":22,"column":43},"end":{"line":144,"column":1}}},"4":{"name":"ResourceComponent","decl":{"start":{"line":24,"column":13},"end":{"line":24,"column":30}},"loc":{"start":{"line":24,"column":33},"end":{"line":26,"column":5}}},"5":{"name":"(anonymous_5)","decl":{"start":{"line":27,"column":50},"end":{"line":27,"column":51}},"loc":{"start":{"line":27,"column":62},"end":{"line":32,"column":5}}},"6":{"name":"(anonymous_6)","decl":{"start":{"line":33,"column":56},"end":{"line":33,"column":57}},"loc":{"start":{"line":33,"column":88},"end":{"line":35,"column":5}}},"7":{"name":"(anonymous_7)","decl":{"start":{"line":36,"column":53},"end":{"line":36,"column":54}},"loc":{"start":{"line":36,"column":65},"end":{"line":38,"column":5}}},"8":{"name":"(anonymous_8)","decl":{"start":{"line":39,"column":60},"end":{"line":39,"column":61}},"loc":{"start":{"line":39,"column":81},"end":{"line":41,"column":5}}},"9":{"name":"(anonymous_9)","decl":{"start":{"line":42,"column":45},"end":{"line":42,"column":46}},"loc":{"start":{"line":42,"column":57},"end":{"line":54,"column":5}}},"10":{"name":"(anonymous_10)","decl":{"start":{"line":55,"column":45},"end":{"line":55,"column":46}},"loc":{"start":{"line":55,"column":57},"end":{"line":57,"column":5}}},"11":{"name":"(anonymous_11)","decl":{"start":{"line":58,"column":42},"end":{"line":58,"column":43}},"loc":{"start":{"line":58,"column":54},"end":{"line":65,"column":5}}},"12":{"name":"(anonymous_12)","decl":{"start":{"line":66,"column":48},"end":{"line":66,"column":49}},"loc":{"start":{"line":66,"column":60},"end":{"line":68,"column":5}}},"13":{"name":"(anonymous_13)","decl":{"start":{"line":69,"column":41},"end":{"line":69,"column":42}},"loc":{"start":{"line":69,"column":53},"end":{"line":81,"column":5}}},"14":{"name":"(anonymous_14)","decl":{"start":{"line":82,"column":46},"end":{"line":82,"column":47}},"loc":{"start":{"line":82,"column":58},"end":{"line":84,"column":5}}},"15":{"name":"(anonymous_15)","decl":{"start":{"line":85,"column":46},"end":{"line":85,"column":47}},"loc":{"start":{"line":85,"column":58},"end":{"line":87,"column":5}}},"16":{"name":"(anonymous_16)","decl":{"start":{"line":88,"column":50},"end":{"line":88,"column":51}},"loc":{"start":{"line":88,"column":62},"end":{"line":90,"column":5}}},"17":{"name":"(anonymous_17)","decl":{"start":{"line":91,"column":50},"end":{"line":91,"column":51}},"loc":{"start":{"line":91,"column":76},"end":{"line":93,"column":5}}},"18":{"name":"(anonymous_18)","decl":{"start":{"line":94,"column":43},"end":{"line":94,"column":44}},"loc":{"start":{"line":94,"column":55},"end":{"line":96,"column":5}}},"19":{"name":"(anonymous_19)","decl":{"start":{"line":97,"column":49},"end":{"line":97,"column":50}},"loc":{"start":{"line":97,"column":99},"end":{"line":142,"column":5}}},"20":{"name":"(anonymous_20)","decl":{"start":{"line":107,"column":38},"end":{"line":107,"column":39}},"loc":{"start":{"line":107,"column":68},"end":{"line":134,"column":9}}}},"branchMap":{"0":{"loc":{"start":{"line":2,"column":16},"end":{"line":6,"column":1}},"type":"binary-expr","locations":[{"start":{"line":2,"column":17},"end":{"line":2,"column":21}},{"start":{"line":2,"column":25},"end":{"line":2,"column":39}},{"start":{"line":2,"column":44},"end":{"line":6,"column":1}}]},"1":{"loc":{"start":{"line":3,"column":21},"end":{"line":3,"column":58}},"type":"if","locations":[{"start":{"line":3,"column":21},"end":{"line":3,"column":58}},{"start":{"line":3,"column":21},"end":{"line":3,"column":58}}]},"2":{"loc":{"start":{"line":5,"column":18},"end":{"line":5,"column":88}},"type":"cond-expr","locations":[{"start":{"line":5,"column":31},"end":{"line":5,"column":47}},{"start":{"line":5,"column":51},"end":{"line":5,"column":87}}]},"3":{"loc":{"start":{"line":17,"column":3},"end":{"line":17,"column":40}},"type":"binary-expr","locations":[{"start":{"line":17,"column":3},"end":{"line":17,"column":16}},{"start":{"line":17,"column":21},"end":{"line":17,"column":39}}]},"4":{"loc":{"start":{"line":25,"column":15},"end":{"line":25,"column":52}},"type":"binary-expr","locations":[{"start":{"line":25,"column":15},"end":{"line":25,"column":44}},{"start":{"line":25,"column":48},"end":{"line":25,"column":52}}]},"5":{"loc":{"start":{"line":44,"column":8},"end":{"line":49,"column":9}},"type":"if","locations":[{"start":{"line":44,"column":8},"end":{"line":49,"column":9}},{"start":{"line":44,"column":8},"end":{"line":49,"column":9}}]},"6":{"loc":{"start":{"line":50,"column":8},"end":{"line":53,"column":9}},"type":"if","locations":[{"start":{"line":50,"column":8},"end":{"line":53,"column":9}},{"start":{"line":50,"column":8},"end":{"line":53,"column":9}}]},"7":{"loc":{"start":{"line":56,"column":15},"end":{"line":56,"column":57}},"type":"binary-expr","locations":[{"start":{"line":56,"column":15},"end":{"line":56,"column":33}},{"start":{"line":56,"column":37},"end":{"line":56,"column":57}}]},"8":{"loc":{"start":{"line":59,"column":8},"end":{"line":64,"column":9}},"type":"if","locations":[{"start":{"line":59,"column":8},"end":{"line":64,"column":9}},{"start":{"line":59,"column":8},"end":{"line":64,"column":9}}]},"9":{"loc":{"start":{"line":59,"column":12},"end":{"line":59,"column":68}},"type":"binary-expr","locations":[{"start":{"line":59,"column":12},"end":{"line":59,"column":45}},{"start":{"line":59,"column":49},"end":{"line":59,"column":68}}]},"10":{"loc":{"start":{"line":71,"column":8},"end":{"line":79,"column":9}},"type":"if","locations":[{"start":{"line":71,"column":8},"end":{"line":79,"column":9}},{"start":{"line":71,"column":8},"end":{"line":79,"column":9}}]},"11":{"loc":{"start":{"line":74,"column":13},"end":{"line":79,"column":9}},"type":"if","locations":[{"start":{"line":74,"column":13},"end":{"line":79,"column":9}},{"start":{"line":74,"column":13},"end":{"line":79,"column":9}}]},"12":{"loc":{"start":{"line":99,"column":8},"end":{"line":101,"column":9}},"type":"if","locations":[{"start":{"line":99,"column":8},"end":{"line":101,"column":9}},{"start":{"line":99,"column":8},"end":{"line":101,"column":9}}]},"13":{"loc":{"start":{"line":99,"column":12},"end":{"line":99,"column":37}},"type":"binary-expr","locations":[{"start":{"line":99,"column":12},"end":{"line":99,"column":16}},{"start":{"line":99,"column":20},"end":{"line":99,"column":37}}]},"14":{"loc":{"start":{"line":102,"column":31},"end":{"line":102,"column":85}},"type":"cond-expr","locations":[{"start":{"line":102,"column":40},"end":{"line":102,"column":64}},{"start":{"line":102,"column":67},"end":{"line":102,"column":85}}]},"15":{"loc":{"start":{"line":105,"column":23},"end":{"line":105,"column":47}},"type":"cond-expr","locations":[{"start":{"line":105,"column":32},"end":{"line":105,"column":42}},{"start":{"line":105,"column":45},"end":{"line":105,"column":47}}]},"16":{"loc":{"start":{"line":112,"column":12},"end":{"line":133,"column":13}},"type":"if","locations":[{"start":{"line":112,"column":12},"end":{"line":133,"column":13}},{"start":{"line":112,"column":12},"end":{"line":133,"column":13}}]},"17":{"loc":{"start":{"line":113,"column":16},"end":{"line":123,"column":17}},"type":"if","locations":[{"start":{"line":113,"column":16},"end":{"line":123,"column":17}},{"start":{"line":113,"column":16},"end":{"line":123,"column":17}}]},"18":{"loc":{"start":{"line":126,"column":16},"end":{"line":132,"column":17}},"type":"if","locations":[{"start":{"line":126,"column":16},"end":{"line":132,"column":17}},{"start":{"line":126,"column":16},"end":{"line":132,"column":17}}]},"19":{"loc":{"start":{"line":136,"column":8},"end":{"line":140,"column":9}},"type":"if","locations":[{"start":{"line":136,"column":8},"end":{"line":140,"column":9}},{"start":{"line":136,"column":8},"end":{"line":140,"column":9}}]}},"s":{"0":1,"1":1,"2":1,"3":1,"4":1,"5":1,"6":1,"7":1,"8":1,"9":1,"10":1,"11":1,"12":1,"13":1,"14":1,"15":1,"16":1,"17":1,"18":1,"19":33,"20":1,"21":32,"22":1,"23":1,"24":1,"25":32,"26":1,"27":1,"28":1,"29":33,"30":25,"31":8,"32":33,"33":32,"34":32,"35":1,"36":52,"37":1,"38":78,"39":46,"40":32,"41":1,"42":2,"43":1,"44":32,"45":2,"46":30,"47":21,"48":9,"49":11,"50":1,"51":9,"52":1,"53":23,"54":1,"55":9,"56":1,"57":30,"58":1,"59":25,"60":1,"61":10,"62":10,"63":0,"64":10,"65":10,"66":10,"67":10,"68":10,"69":9,"70":9,"71":9,"72":9,"73":9,"74":2,"75":1,"76":1,"77":1,"78":7,"79":5,"80":5,"81":2,"82":10,"83":10,"84":1,"85":1,"86":1,"87":10,"88":1,"89":1,"90":1},"f":{"0":1,"1":1,"2":1,"3":1,"4":33,"5":32,"6":1,"7":32,"8":1,"9":33,"10":52,"11":78,"12":2,"13":32,"14":9,"15":23,"16":9,"17":30,"18":25,"19":10,"20":9},"b":{"0":[1,1,1],"1":[1,0],"2":[0,1],"3":[1,1],"4":[33,0],"5":[25,8],"6":[32,1],"7":[52,16],"8":[46,32],"9":[78,78],"10":[2,30],"11":[21,9],"12":[0,10],"13":[10,2],"14":[2,8],"15":[2,8],"16":[2,7],"17":[1,1],"18":[5,2],"19":[1,9]},"_coverageSchema":"332fd63041d2c1bcb487cc26dd0d5f7d97098a6c","hash":"28c0776031ea735bea076f38bc25e8599f18d670","contentHash":"877565cb5c2fbec986f85b91b0ec035e_10.1.2"},"/Users/stemey/work/projects/aem-react-js/component/AemComponent.js":{"path":"/Users/stemey/work/projects/aem-react-js/component/AemComponent.js","statementMap":{"0":{"start":{"line":2,"column":16},"end":{"line":6,"column":1}},"1":{"start":{"line":3,"column":4},"end":{"line":3,"column":58}},"2":{"start":{"line":3,"column":21},"end":{"line":3,"column":58}},"3":{"start":{"line":3,"column":46},"end":{"line":3,"column":58}},"4":{"start":{"line":4,"column":20},"end":{"line":4,"column":41}},"5":{"start":{"line":5,"column":4},"end":{"line":5,"column":89}},"6":{"start":{"line":7,"column":12},"end":{"line":7,"column":28}},"7":{"start":{"line":11,"column":20},"end":{"line":53,"column":18}},"8":{"start":{"line":12,"column":4},"end":{"line":12,"column":36}},"9":{"start":{"line":14,"column":8},"end":{"line":14,"column":53}},"10":{"start":{"line":20,"column":4},"end":{"line":22,"column":6}},"11":{"start":{"line":21,"column":8},"end":{"line":21,"column":33}},"12":{"start":{"line":23,"column":4},"end":{"line":25,"column":6}},"13":{"start":{"line":24,"column":8},"end":{"line":24,"column":70}},"14":{"start":{"line":26,"column":4},"end":{"line":28,"column":6}},"15":{"start":{"line":27,"column":8},"end":{"line":27,"column":39}},"16":{"start":{"line":49,"column":4},"end":{"line":51,"column":6}},"17":{"start":{"line":50,"column":8},"end":{"line":50,"column":49}},"18":{"start":{"line":52,"column":4},"end":{"line":52,"column":24}},"19":{"start":{"line":54,"column":0},"end":{"line":54,"column":62}},"20":{"start":{"line":58,"column":0},"end":{"line":58,"column":31}},"21":{"start":{"line":59,"column":0},"end":{"line":64,"column":2}}},"fnMap":{"0":{"name":"(anonymous_0)","decl":{"start":{"line":2,"column":44},"end":{"line":2,"column":45}},"loc":{"start":{"line":2,"column":60},"end":{"line":6,"column":1}}},"1":{"name":"__","decl":{"start":{"line":4,"column":13},"end":{"line":4,"column":15}},"loc":{"start":{"line":4,"column":18},"end":{"line":4,"column":43}}},"2":{"name":"(anonymous_2)","decl":{"start":{"line":11,"column":20},"end":{"line":11,"column":21}},"loc":{"start":{"line":11,"column":38},"end":{"line":53,"column":1}}},"3":{"name":"AemComponent","decl":{"start":{"line":13,"column":13},"end":{"line":13,"column":25}},"loc":{"start":{"line":13,"column":28},"end":{"line":15,"column":5}}},"4":{"name":"(anonymous_4)","decl":{"start":{"line":20,"column":37},"end":{"line":20,"column":38}},"loc":{"start":{"line":20,"column":49},"end":{"line":22,"column":5}}},"5":{"name":"(anonymous_5)","decl":{"start":{"line":23,"column":42},"end":{"line":23,"column":43}},"loc":{"start":{"line":23,"column":54},"end":{"line":25,"column":5}}},"6":{"name":"(anonymous_6)","decl":{"start":{"line":26,"column":43},"end":{"line":26,"column":44}},"loc":{"start":{"line":26,"column":55},"end":{"line":28,"column":5}}},"7":{"name":"(anonymous_7)","decl":{"start":{"line":49,"column":42},"end":{"line":49,"column":43}},"loc":{"start":{"line":49,"column":54},"end":{"line":51,"column":5}}}},"branchMap":{"0":{"loc":{"start":{"line":2,"column":16},"end":{"line":6,"column":1}},"type":"binary-expr","locations":[{"start":{"line":2,"column":17},"end":{"line":2,"column":21}},{"start":{"line":2,"column":25},"end":{"line":2,"column":39}},{"start":{"line":2,"column":44},"end":{"line":6,"column":1}}]},"1":{"loc":{"start":{"line":3,"column":21},"end":{"line":3,"column":58}},"type":"if","locations":[{"start":{"line":3,"column":21},"end":{"line":3,"column":58}},{"start":{"line":3,"column":21},"end":{"line":3,"column":58}}]},"2":{"loc":{"start":{"line":5,"column":18},"end":{"line":5,"column":88}},"type":"cond-expr","locations":[{"start":{"line":5,"column":31},"end":{"line":5,"column":47}},{"start":{"line":5,"column":51},"end":{"line":5,"column":87}}]},"3":{"loc":{"start":{"line":14,"column":15},"end":{"line":14,"column":52}},"type":"binary-expr","locations":[{"start":{"line":14,"column":15},"end":{"line":14,"column":44}},{"start":{"line":14,"column":48},"end":{"line":14,"column":52}}]},"4":{"loc":{"start":{"line":24,"column":15},"end":{"line":24,"column":69}},"type":"binary-expr","locations":[{"start":{"line":24,"column":15},"end":{"line":24,"column":33}},{"start":{"line":24,"column":37},"end":{"line":24,"column":69}}]}},"s":{"0":1,"1":1,"2":0,"3":0,"4":1,"5":1,"6":1,"7":1,"8":1,"9":56,"10":1,"11":8,"12":1,"13":10,"14":1,"15":32,"16":1,"17":16,"18":1,"19":1,"20":1,"21":1},"f":{"0":1,"1":1,"2":1,"3":56,"4":8,"5":10,"6":32,"7":16},"b":{"0":[1,1,1],"1":[0,0],"2":[0,1],"3":[56,56],"4":[10,10]},"_coverageSchema":"332fd63041d2c1bcb487cc26dd0d5f7d97098a6c","hash":"4cc01339a2275e4442cb285d8a7131388f075472","contentHash":"4d7ea952f410a877b1df67b2a0f0b711_10.1.2"},"/Users/stemey/work/projects/aem-react-js/component/EditDialog.js":{"path":"/Users/stemey/work/projects/aem-react-js/component/EditDialog.js","statementMap":{"0":{"start":{"line":2,"column":16},"end":{"line":6,"column":1}},"1":{"start":{"line":3,"column":4},"end":{"line":3,"column":58}},"2":{"start":{"line":3,"column":21},"end":{"line":3,"column":58}},"3":{"start":{"line":3,"column":46},"end":{"line":3,"column":58}},"4":{"start":{"line":4,"column":20},"end":{"line":4,"column":41}},"5":{"start":{"line":5,"column":4},"end":{"line":5,"column":89}},"6":{"start":{"line":7,"column":12},"end":{"line":7,"column":28}},"7":{"start":{"line":8,"column":21},"end":{"line":8,"column":46}},"8":{"start":{"line":9,"column":18},"end":{"line":55,"column":25}},"9":{"start":{"line":10,"column":4},"end":{"line":10,"column":34}},"10":{"start":{"line":12,"column":8},"end":{"line":12,"column":53}},"11":{"start":{"line":14,"column":4},"end":{"line":23,"column":6}},"12":{"start":{"line":15,"column":20},"end":{"line":15,"column":46}},"13":{"start":{"line":16,"column":21},"end":{"line":16,"column":87}},"14":{"start":{"line":17,"column":8},"end":{"line":22,"column":9}},"15":{"start":{"line":18,"column":12},"end":{"line":18,"column":53}},"16":{"start":{"line":21,"column":12},"end":{"line":21,"column":39}},"17":{"start":{"line":24,"column":4},"end":{"line":38,"column":6}},"18":{"start":{"line":25,"column":25},"end":{"line":25,"column":27}},"19":{"start":{"line":26,"column":8},"end":{"line":36,"column":9}},"20":{"start":{"line":27,"column":12},"end":{"line":27,"column":120}},"21":{"start":{"line":27,"column":68},"end":{"line":27,"column":116}},"22":{"start":{"line":28,"column":12},"end":{"line":35,"column":13}},"23":{"start":{"line":29,"column":16},"end":{"line":34,"column":17}},"24":{"start":{"line":30,"column":20},"end":{"line":30,"column":74}},"25":{"start":{"line":33,"column":20},"end":{"line":33,"column":67}},"26":{"start":{"line":37,"column":8},"end":{"line":37,"column":124}},"27":{"start":{"line":39,"column":4},"end":{"line":53,"column":6}},"28":{"start":{"line":40,"column":8},"end":{"line":42,"column":9}},"29":{"start":{"line":41,"column":12},"end":{"line":41,"column":24}},"30":{"start":{"line":43,"column":25},"end":{"line":43,"column":27}},"31":{"start":{"line":44,"column":8},"end":{"line":48,"column":9}},"32":{"start":{"line":45,"column":12},"end":{"line":47,"column":15}},"33":{"start":{"line":46,"column":16},"end":{"line":46,"column":57}},"34":{"start":{"line":49,"column":8},"end":{"line":51,"column":9}},"35":{"start":{"line":50,"column":12},"end":{"line":50,"column":76}},"36":{"start":{"line":52,"column":8},"end":{"line":52,"column":63}},"37":{"start":{"line":54,"column":4},"end":{"line":54,"column":22}},"38":{"start":{"line":56,"column":0},"end":{"line":56,"column":62}},"39":{"start":{"line":57,"column":0},"end":{"line":57,"column":29}}},"fnMap":{"0":{"name":"(anonymous_0)","decl":{"start":{"line":2,"column":44},"end":{"line":2,"column":45}},"loc":{"start":{"line":2,"column":60},"end":{"line":6,"column":1}}},"1":{"name":"__","decl":{"start":{"line":4,"column":13},"end":{"line":4,"column":15}},"loc":{"start":{"line":4,"column":18},"end":{"line":4,"column":43}}},"2":{"name":"(anonymous_2)","decl":{"start":{"line":9,"column":18},"end":{"line":9,"column":19}},"loc":{"start":{"line":9,"column":36},"end":{"line":55,"column":1}}},"3":{"name":"EditDialog","decl":{"start":{"line":11,"column":13},"end":{"line":11,"column":23}},"loc":{"start":{"line":11,"column":26},"end":{"line":13,"column":5}}},"4":{"name":"(anonymous_4)","decl":{"start":{"line":14,"column":34},"end":{"line":14,"column":35}},"loc":{"start":{"line":14,"column":46},"end":{"line":23,"column":5}}},"5":{"name":"(anonymous_5)","decl":{"start":{"line":24,"column":48},"end":{"line":24,"column":49}},"loc":{"start":{"line":24,"column":66},"end":{"line":38,"column":5}}},"6":{"name":"(anonymous_6)","decl":{"start":{"line":27,"column":51},"end":{"line":27,"column":52}},"loc":{"start":{"line":27,"column":66},"end":{"line":27,"column":118}}},"7":{"name":"(anonymous_7)","decl":{"start":{"line":39,"column":47},"end":{"line":39,"column":48}},"loc":{"start":{"line":39,"column":65},"end":{"line":53,"column":5}}},"8":{"name":"(anonymous_8)","decl":{"start":{"line":45,"column":51},"end":{"line":45,"column":52}},"loc":{"start":{"line":45,"column":66},"end":{"line":47,"column":13}}}},"branchMap":{"0":{"loc":{"start":{"line":2,"column":16},"end":{"line":6,"column":1}},"type":"binary-expr","locations":[{"start":{"line":2,"column":17},"end":{"line":2,"column":21}},{"start":{"line":2,"column":25},"end":{"line":2,"column":39}},{"start":{"line":2,"column":44},"end":{"line":6,"column":1}}]},"1":{"loc":{"start":{"line":3,"column":21},"end":{"line":3,"column":58}},"type":"if","locations":[{"start":{"line":3,"column":21},"end":{"line":3,"column":58}},{"start":{"line":3,"column":21},"end":{"line":3,"column":58}}]},"2":{"loc":{"start":{"line":5,"column":18},"end":{"line":5,"column":88}},"type":"cond-expr","locations":[{"start":{"line":5,"column":31},"end":{"line":5,"column":47}},{"start":{"line":5,"column":51},"end":{"line":5,"column":87}}]},"3":{"loc":{"start":{"line":12,"column":15},"end":{"line":12,"column":52}},"type":"binary-expr","locations":[{"start":{"line":12,"column":15},"end":{"line":12,"column":44}},{"start":{"line":12,"column":48},"end":{"line":12,"column":52}}]},"4":{"loc":{"start":{"line":17,"column":8},"end":{"line":22,"column":9}},"type":"if","locations":[{"start":{"line":17,"column":8},"end":{"line":22,"column":9}},{"start":{"line":17,"column":8},"end":{"line":22,"column":9}}]},"5":{"loc":{"start":{"line":26,"column":8},"end":{"line":36,"column":9}},"type":"if","locations":[{"start":{"line":26,"column":8},"end":{"line":36,"column":9}},{"start":{"line":26,"column":8},"end":{"line":36,"column":9}}]},"6":{"loc":{"start":{"line":28,"column":12},"end":{"line":35,"column":13}},"type":"if","locations":[{"start":{"line":28,"column":12},"end":{"line":35,"column":13}},{"start":{"line":28,"column":12},"end":{"line":35,"column":13}}]},"7":{"loc":{"start":{"line":29,"column":16},"end":{"line":34,"column":17}},"type":"if","locations":[{"start":{"line":29,"column":16},"end":{"line":34,"column":17}},{"start":{"line":29,"column":16},"end":{"line":34,"column":17}}]},"8":{"loc":{"start":{"line":29,"column":20},"end":{"line":29,"column":102}},"type":"binary-expr","locations":[{"start":{"line":29,"column":20},"end":{"line":29,"column":66}},{"start":{"line":29,"column":70},"end":{"line":29,"column":102}}]},"9":{"loc":{"start":{"line":40,"column":8},"end":{"line":42,"column":9}},"type":"if","locations":[{"start":{"line":40,"column":8},"end":{"line":42,"column":9}},{"start":{"line":40,"column":8},"end":{"line":42,"column":9}}]},"10":{"loc":{"start":{"line":44,"column":8},"end":{"line":48,"column":9}},"type":"if","locations":[{"start":{"line":44,"column":8},"end":{"line":48,"column":9}},{"start":{"line":44,"column":8},"end":{"line":48,"column":9}}]},"11":{"loc":{"start":{"line":49,"column":8},"end":{"line":51,"column":9}},"type":"if","locations":[{"start":{"line":49,"column":8},"end":{"line":51,"column":9}},{"start":{"line":49,"column":8},"end":{"line":51,"column":9}}]}},"s":{"0":1,"1":1,"2":1,"3":1,"4":1,"5":1,"6":1,"7":1,"8":1,"9":1,"10":16,"11":1,"12":16,"13":16,"14":16,"15":16,"16":0,"17":1,"18":16,"19":16,"20":14,"21":14,"22":14,"23":3,"24":3,"25":0,"26":16,"27":1,"28":16,"29":13,"30":3,"31":3,"32":2,"33":3,"34":3,"35":2,"36":3,"37":1,"38":1,"39":1},"f":{"0":1,"1":1,"2":1,"3":16,"4":16,"5":16,"6":14,"7":16,"8":3},"b":{"0":[1,1,1],"1":[1,0],"2":[0,1],"3":[16,0],"4":[16,0],"5":[14,2],"6":[3,11],"7":[3,0],"8":[3,3],"9":[13,3],"10":[2,1],"11":[2,1]},"_coverageSchema":"332fd63041d2c1bcb487cc26dd0d5f7d97098a6c","hash":"8b49c2aa5ff3a74c7c687d126d70f01b99002d3a","contentHash":"084acd1e976be1afa9fc4d8fb935db77_10.1.2"},"/Users/stemey/work/projects/aem-react-js/include.js":{"path":"/Users/stemey/work/projects/aem-react-js/include.js","statementMap":{"0":{"start":{"line":2,"column":16},"end":{"line":6,"column":1}},"1":{"start":{"line":3,"column":4},"end":{"line":3,"column":58}},"2":{"start":{"line":3,"column":21},"end":{"line":3,"column":58}},"3":{"start":{"line":3,"column":46},"end":{"line":3,"column":58}},"4":{"start":{"line":4,"column":20},"end":{"line":4,"column":41}},"5":{"start":{"line":5,"column":4},"end":{"line":5,"column":89}},"6":{"start":{"line":7,"column":12},"end":{"line":7,"column":28}},"7":{"start":{"line":8,"column":21},"end":{"line":8,"column":56}},"8":{"start":{"line":9,"column":22},"end":{"line":9,"column":48}},"9":{"start":{"line":10,"column":23},"end":{"line":26,"column":25}},"10":{"start":{"line":11,"column":4},"end":{"line":11,"column":39}},"11":{"start":{"line":13,"column":8},"end":{"line":13,"column":53}},"12":{"start":{"line":15,"column":4},"end":{"line":24,"column":6}},"13":{"start":{"line":17,"column":19},"end":{"line":17,"column":133}},"14":{"start":{"line":18,"column":20},"end":{"line":18,"column":66}},"15":{"start":{"line":19,"column":8},"end":{"line":19,"column":73}},"16":{"start":{"line":20,"column":8},"end":{"line":23,"column":11}},"17":{"start":{"line":25,"column":4},"end":{"line":25,"column":27}},"18":{"start":{"line":27,"column":0},"end":{"line":27,"column":42}}},"fnMap":{"0":{"name":"(anonymous_0)","decl":{"start":{"line":2,"column":44},"end":{"line":2,"column":45}},"loc":{"start":{"line":2,"column":60},"end":{"line":6,"column":1}}},"1":{"name":"__","decl":{"start":{"line":4,"column":13},"end":{"line":4,"column":15}},"loc":{"start":{"line":4,"column":18},"end":{"line":4,"column":43}}},"2":{"name":"(anonymous_2)","decl":{"start":{"line":10,"column":23},"end":{"line":10,"column":24}},"loc":{"start":{"line":10,"column":41},"end":{"line":26,"column":1}}},"3":{"name":"ResourceInclude","decl":{"start":{"line":12,"column":13},"end":{"line":12,"column":28}},"loc":{"start":{"line":12,"column":31},"end":{"line":14,"column":5}}},"4":{"name":"(anonymous_4)","decl":{"start":{"line":15,"column":39},"end":{"line":15,"column":40}},"loc":{"start":{"line":15,"column":51},"end":{"line":24,"column":5}}}},"branchMap":{"0":{"loc":{"start":{"line":2,"column":16},"end":{"line":6,"column":1}},"type":"binary-expr","locations":[{"start":{"line":2,"column":17},"end":{"line":2,"column":21}},{"start":{"line":2,"column":25},"end":{"line":2,"column":39}},{"start":{"line":2,"column":44},"end":{"line":6,"column":1}}]},"1":{"loc":{"start":{"line":3,"column":21},"end":{"line":3,"column":58}},"type":"if","locations":[{"start":{"line":3,"column":21},"end":{"line":3,"column":58}},{"start":{"line":3,"column":21},"end":{"line":3,"column":58}}]},"2":{"loc":{"start":{"line":5,"column":18},"end":{"line":5,"column":88}},"type":"cond-expr","locations":[{"start":{"line":5,"column":31},"end":{"line":5,"column":47}},{"start":{"line":5,"column":51},"end":{"line":5,"column":87}}]},"3":{"loc":{"start":{"line":13,"column":15},"end":{"line":13,"column":52}},"type":"binary-expr","locations":[{"start":{"line":13,"column":15},"end":{"line":13,"column":44}},{"start":{"line":13,"column":48},"end":{"line":13,"column":52}}]},"4":{"loc":{"start":{"line":17,"column":19},"end":{"line":17,"column":133}},"type":"cond-expr","locations":[{"start":{"line":17,"column":77},"end":{"line":17,"column":92}},{"start":{"line":17,"column":95},"end":{"line":17,"column":133}}]},"5":{"loc":{"start":{"line":20,"column":35},"end":{"line":20,"column":62}},"type":"binary-expr","locations":[{"start":{"line":20,"column":35},"end":{"line":20,"column":53}},{"start":{"line":20,"column":57},"end":{"line":20,"column":62}}]}},"s":{"0":1,"1":1,"2":1,"3":1,"4":1,"5":1,"6":1,"7":1,"8":1,"9":1,"10":1,"11":4,"12":1,"13":4,"14":4,"15":4,"16":4,"17":1,"18":1},"f":{"0":1,"1":1,"2":1,"3":4,"4":4},"b":{"0":[1,1,1],"1":[1,0],"2":[0,1],"3":[4,0],"4":[0,4],"5":[4,3]},"_coverageSchema":"332fd63041d2c1bcb487cc26dd0d5f7d97098a6c","hash":"ef34ffc0cffa791adb5768731774dafdd74cb582","contentHash":"f2a4eb97b370bfe17a0960876b3b16eb_10.1.2"},"/Users/stemey/work/projects/aem-react-js/ComponentRegistry.js":{"path":"/Users/stemey/work/projects/aem-react-js/ComponentRegistry.js","statementMap":{"0":{"start":{"line":2,"column":30},"end":{"line":2,"column":64}},"1":{"start":{"line":3,"column":23},"end":{"line":3,"column":60}},"2":{"start":{"line":4,"column":25},"end":{"line":49,"column":3}},"3":{"start":{"line":6,"column":8},"end":{"line":6,"column":27}},"4":{"start":{"line":7,"column":8},"end":{"line":7,"column":31}},"5":{"start":{"line":9,"column":4},"end":{"line":15,"column":6}},"6":{"start":{"line":11,"column":33},"end":{"line":11,"column":55}},"7":{"start":{"line":13,"column":27},"end":{"line":13,"column":69}},"8":{"start":{"line":14,"column":8},"end":{"line":14,"column":100}},"9":{"start":{"line":16,"column":4},"end":{"line":23,"column":6}},"10":{"start":{"line":18,"column":33},"end":{"line":18,"column":57}},"11":{"start":{"line":20,"column":27},"end":{"line":20,"column":69}},"12":{"start":{"line":21,"column":27},"end":{"line":21,"column":87}},"13":{"start":{"line":22,"column":8},"end":{"line":22,"column":110}},"14":{"start":{"line":24,"column":4},"end":{"line":36,"column":6}},"15":{"start":{"line":25,"column":27},"end":{"line":25,"column":31}},"16":{"start":{"line":26,"column":8},"end":{"line":34,"column":9}},"17":{"start":{"line":27,"column":12},"end":{"line":27,"column":60}},"18":{"start":{"line":29,"column":13},"end":{"line":34,"column":9}},"19":{"start":{"line":30,"column":12},"end":{"line":30,"column":96}},"20":{"start":{"line":33,"column":12},"end":{"line":33,"column":75}},"21":{"start":{"line":35,"column":8},"end":{"line":35,"column":28}},"22":{"start":{"line":37,"column":4},"end":{"line":47,"column":6}},"23":{"start":{"line":38,"column":20},"end":{"line":38,"column":64}},"24":{"start":{"line":39,"column":8},"end":{"line":46,"column":9}},"25":{"start":{"line":40,"column":31},"end":{"line":40,"column":59}},"26":{"start":{"line":41,"column":23},"end":{"line":41,"column":68}},"27":{"start":{"line":42,"column":12},"end":{"line":44,"column":13}},"28":{"start":{"line":43,"column":16},"end":{"line":43,"column":72}},"29":{"start":{"line":45,"column":12},"end":{"line":45,"column":32}},"30":{"start":{"line":48,"column":4},"end":{"line":48,"column":29}},"31":{"start":{"line":50,"column":0},"end":{"line":50,"column":62}},"32":{"start":{"line":51,"column":0},"end":{"line":51,"column":36}}},"fnMap":{"0":{"name":"(anonymous_0)","decl":{"start":{"line":4,"column":25},"end":{"line":4,"column":26}},"loc":{"start":{"line":4,"column":37},"end":{"line":49,"column":1}}},"1":{"name":"ComponentRegistry","decl":{"start":{"line":5,"column":13},"end":{"line":5,"column":30}},"loc":{"start":{"line":5,"column":40},"end":{"line":8,"column":5}}},"2":{"name":"(anonymous_2)","decl":{"start":{"line":9,"column":43},"end":{"line":9,"column":44}},"loc":{"start":{"line":9,"column":69},"end":{"line":15,"column":5}}},"3":{"name":"(anonymous_3)","decl":{"start":{"line":16,"column":50},"end":{"line":16,"column":51}},"loc":{"start":{"line":16,"column":68},"end":{"line":23,"column":5}}},"4":{"name":"(anonymous_4)","decl":{"start":{"line":24,"column":52},"end":{"line":24,"column":53}},"loc":{"start":{"line":24,"column":82},"end":{"line":36,"column":5}}},"5":{"name":"(anonymous_5)","decl":{"start":{"line":37,"column":57},"end":{"line":37,"column":58}},"loc":{"start":{"line":37,"column":87},"end":{"line":47,"column":5}}}},"branchMap":{"0":{"loc":{"start":{"line":26,"column":8},"end":{"line":34,"column":9}},"type":"if","locations":[{"start":{"line":26,"column":8},"end":{"line":34,"column":9}},{"start":{"line":26,"column":8},"end":{"line":34,"column":9}}]},"1":{"loc":{"start":{"line":29,"column":13},"end":{"line":34,"column":9}},"type":"if","locations":[{"start":{"line":29,"column":13},"end":{"line":34,"column":9}},{"start":{"line":29,"column":13},"end":{"line":34,"column":9}}]},"2":{"loc":{"start":{"line":39,"column":8},"end":{"line":46,"column":9}},"type":"if","locations":[{"start":{"line":39,"column":8},"end":{"line":46,"column":9}},{"start":{"line":39,"column":8},"end":{"line":46,"column":9}}]},"3":{"loc":{"start":{"line":42,"column":12},"end":{"line":44,"column":13}},"type":"if","locations":[{"start":{"line":42,"column":12},"end":{"line":44,"column":13}},{"start":{"line":42,"column":12},"end":{"line":44,"column":13}}]}},"s":{"0":1,"1":1,"2":1,"3":11,"4":11,"5":1,"6":12,"7":12,"8":12,"9":1,"10":3,"11":3,"12":3,"13":3,"14":1,"15":15,"16":15,"17":1,"18":14,"19":13,"20":1,"21":15,"22":1,"23":24,"24":24,"25":24,"26":24,"27":24,"28":10,"29":24,"30":1,"31":1,"32":1},"f":{"0":1,"1":11,"2":1
[...]
":10,"column":3}},"2":{"start":{"line":6,"column":4},"end":{"line":8,"column":6}},"3":{"start":{"line":7,"column":8},"end":{"line":7,"column":84}},"4":{"start":{"line":9,"column":4},"end":{"line":9,"column":25}},"5":{"start":{"line":11,"column":0},"end":{"line":11,"column":38}}},"fnMap":{"0":{"name":"(anonymous_0)","decl":{"start":{"line":3,"column":21},"end":{"line":3,"column":22}},"loc":{"start":{"line":3,"column":33},"end":{"line":10,"column":1}}},"1":{"name":"AbstractSling","decl":{"start":{"line":4,"column":13},"end":{"line":4,"column":26}},"loc":{"start":{"line":4,"column":29},"end":{"line":5,"column":5}}},"2":{"name":"(anonymous_2)","decl":{"start":{"line":6,"column":52},"end":{"line":6,"column":53}},"loc":{"start":{"line":6,"column":64},"end":{"line":8,"column":5}}}},"branchMap":{},"s":{"0":1,"1":1,"2":1,"3":0,"4":1,"5":1},"f":{"0":1,"1":9,"2":0},"b":{},"_coverageSchema":"332fd63041d2c1bcb487cc26dd0d5f7d97098a6c","hash":"c4e3177e6d59f51e6d611dd6770b6e1380a348c6","contentHash":"e1ff9de08dbbfb528987d22cfbb7e48b_10.1.2"},"/Users/stemey/work/projects/aem-react-js/router/ResourceRoute.js":{"path":"/Users/stemey/work/projects/aem-react-js/router/ResourceRoute.js","statementMap":{"0":{"start":{"line":2,"column":16},"end":{"line":6,"column":1}},"1":{"start":{"line":3,"column":4},"end":{"line":3,"column":58}},"2":{"start":{"line":3,"column":21},"end":{"line":3,"column":58}},"3":{"start":{"line":3,"column":46},"end":{"line":3,"column":58}},"4":{"start":{"line":4,"column":20},"end":{"line":4,"column":41}},"5":{"start":{"line":5,"column":4},"end":{"line":5,"column":89}},"6":{"start":{"line":7,"column":12},"end":{"line":7,"column":28}},"7":{"start":{"line":8,"column":21},"end":{"line":8,"column":57}},"8":{"start":{"line":9,"column":21},"end":{"line":9,"column":61}},"9":{"start":{"line":14,"column":21},"end":{"line":29,"column":25}},"10":{"start":{"line":15,"column":4},"end":{"line":15,"column":37}},"11":{"start":{"line":17,"column":8},"end":{"line":17,"column":53}},"12":{"start":{"line":19,"column":4},"end":{"line":27,"column":6}},"13":{"start":{"line":20,"column":23},"end":{"line":20,"column":93}},"14":{"start":{"line":21,"column":30},"end":{"line":21,"column":86}},"15":{"start":{"line":22,"column":8},"end":{"line":22,"column":53}},"16":{"start":{"line":24,"column":27},"end":{"line":24,"column":90}},"17":{"start":{"line":25,"column":19},"end":{"line":25,"column":66}},"18":{"start":{"line":26,"column":8},"end":{"line":26,"column":87}},"19":{"start":{"line":28,"column":4},"end":{"line":28,"column":25}},"20":{"start":{"line":30,"column":0},"end":{"line":30,"column":62}},"21":{"start":{"line":35,"column":0},"end":{"line":35,"column":32}}},"fnMap":{"0":{"name":"(anonymous_0)","decl":{"start":{"line":2,"column":44},"end":{"line":2,"column":45}},"loc":{"start":{"line":2,"column":60},"end":{"line":6,"column":1}}},"1":{"name":"__","decl":{"start":{"line":4,"column":13},"end":{"line":4,"column":15}},"loc":{"start":{"line":4,"column":18},"end":{"line":4,"column":43}}},"2":{"name":"(anonymous_2)","decl":{"start":{"line":14,"column":21},"end":{"line":14,"column":22}},"loc":{"start":{"line":14,"column":39},"end":{"line":29,"column":1}}},"3":{"name":"ResourceRoute","decl":{"start":{"line":16,"column":13},"end":{"line":16,"column":26}},"loc":{"start":{"line":16,"column":29},"end":{"line":18,"column":5}}},"4":{"name":"(anonymous_4)","decl":{"start":{"line":19,"column":37},"end":{"line":19,"column":38}},"loc":{"start":{"line":19,"column":49},"end":{"line":27,"column":5}}}},"branchMap":{"0":{"loc":{"start":{"line":2,"column":16},"end":{"line":6,"column":1}},"type":"binary-expr","locations":[{"start":{"line":2,"column":17},"end":{"line":2,"column":21}},{"start":{"line":2,"column":25},"end":{"line":2,"column":39}},{"start":{"line":2,"column":44},"end":{"line":6,"column":1}}]},"1":{"loc":{"start":{"line":3,"column":21},"end":{"line":3,"column":58}},"type":"if","locations":[{"start":{"line":3,"column":21},"end":{"line":3,"column":58}},{"start":{"line":3,"column":21},"end":{"line":3,"column":58}}]},"2":{"loc":{"start":{"line":5,"column":18},"end":{"line":5,"column":88}},"type":"cond-expr","locations":[{"start":{"line":5,"column":31},"end":{"line":5,"column":47}},{"start":{"line":5,"column":51},"end":{"line":5,"column":87}}]},"3":{"loc":{"start":{"line":17,"column":15},"end":{"line":17,"column":52}},"type":"binary-expr","locations":[{"start":{"line":17,"column":15},"end":{"line":17,"column":44}},{"start":{"line":17,"column":48},"end":{"line":17,"column":52}}]}},"s":{"0":1,"1":1,"2":1,"3":1,"4":1,"5":1,"6":1,"7":1,"8":1,"9":1,"10":1,"11":2,"12":1,"13":2,"14":2,"15":2,"16":2,"17":2,"18":2,"19":1,"20":1,"21":1},"f":{"0":1,"1":1,"2":1,"3":2,"4":2},"b":{"0":[1,1,1],"1":[1,0],"2":[0,1],"3":[2,0]},"_coverageSchema":"332fd63041d2c1bcb487cc26dd0d5f7d97098a6c","hash":"24cb0b29311d6a18ccb2b5977eecb414ce3975cb","contentHash":"c3eb6e85f74c10e86da785ee01f655b7_10.1.2"},"/Users/stemey/work/projects/aem-react-js/router/ResourceMappingImpl.js":{"path":"/Users/stemey/work/projects/aem-react-js/router/ResourceMappingImpl.js","statementMap":{"0":{"start":{"line":8,"column":27},"end":{"line":22,"column":3}},"1":{"start":{"line":10,"column":8},"end":{"line":10,"column":33}},"2":{"start":{"line":11,"column":8},"end":{"line":13,"column":9}},"3":{"start":{"line":12,"column":12},"end":{"line":12,"column":39}},"4":{"start":{"line":15,"column":4},"end":{"line":17,"column":6}},"5":{"start":{"line":16,"column":8},"end":{"line":16,"column":70}},"6":{"start":{"line":18,"column":4},"end":{"line":20,"column":6}},"7":{"start":{"line":19,"column":8},"end":{"line":19,"column":37}},"8":{"start":{"line":21,"column":4},"end":{"line":21,"column":31}},"9":{"start":{"line":23,"column":0},"end":{"line":23,"column":62}},"10":{"start":{"line":30,"column":0},"end":{"line":30,"column":38}}},"fnMap":{"0":{"name":"(anonymous_0)","decl":{"start":{"line":8,"column":27},"end":{"line":8,"column":28}},"loc":{"start":{"line":8,"column":39},"end":{"line":22,"column":1}}},"1":{"name":"ResourceMappingImpl","decl":{"start":{"line":9,"column":13},"end":{"line":9,"column":32}},"loc":{"start":{"line":9,"column":44},"end":{"line":14,"column":5}}},"2":{"name":"(anonymous_2)","decl":{"start":{"line":15,"column":44},"end":{"line":15,"column":45}},"loc":{"start":{"line":15,"column":60},"end":{"line":17,"column":5}}},"3":{"name":"(anonymous_3)","decl":{"start":{"line":18,"column":40},"end":{"line":18,"column":41}},"loc":{"start":{"line":18,"column":56},"end":{"line":20,"column":5}}}},"branchMap":{"0":{"loc":{"start":{"line":11,"column":8},"end":{"line":13,"column":9}},"type":"if","locations":[{"start":{"line":11,"column":8},"end":{"line":13,"column":9}},{"start":{"line":11,"column":8},"end":{"line":13,"column":9}}]}},"s":{"0":1,"1":1,"2":1,"3":0,"4":1,"5":2,"6":1,"7":0,"8":1,"9":1,"10":1},"f":{"0":1,"1":1,"2":2,"3":0},"b":{"0":[0,1]},"_coverageSchema":"332fd63041d2c1bcb487cc26dd0d5f7d97098a6c","hash":"219226c6069e2e6253ab6fe8109abc5061e9a762","contentHash":"a1cad56c5d82e788ee19785fd65c4cc4_10.1.2"},"/Users/stemey/work/projects/aem-react-js/ServerRenderer.js":{"path":"/Users/stemey/work/projects/aem-react-js/ServerRenderer.js","statementMap":{"0":{"start":{"line":2,"column":12},"end":{"line":2,"column":28}},"1":{"start":{"line":3,"column":22},"end":{"line":3,"column":58}},"2":{"start":{"line":4,"column":15},"end":{"line":4,"column":42}},"3":{"start":{"line":5,"column":22},"end":{"line":29,"column":3}},"4":{"start":{"line":7,"column":8},"end":{"line":7,"column":33}},"5":{"start":{"line":8,"column":8},"end":{"line":8,"column":35}},"6":{"start":{"line":15,"column":4},"end":{"line":27,"column":6}},"7":{"start":{"line":16,"column":8},"end":{"line":16,"column":52}},"8":{"start":{"line":17,"column":8},"end":{"line":17,"column":62}},"9":{"start":{"line":18,"column":19},"end":{"line":18,"column":59}},"10":{"start":{"line":19,"column":8},"end":{"line":21,"column":9}},"11":{"start":{"line":20,"column":12},"end":{"line":20,"column":86}},"12":{"start":{"line":22,"column":18},"end":{"line":22,"column":72}},"13":{"start":{"line":23,"column":8},"end":{"line":23,"column":62}},"14":{"start":{"line":24,"column":19},"end":{"line":24,"column":189}},"15":{"start":{"line":25,"column":20},"end":{"line":25,"column":47}},"16":{"start":{"line":26,"column":8},"end":{"line":26,"column":75}},"17":{"start":{"line":28,"column":4},"end":{"line":28,"column":26}},"18":{"start":{"line":30,"column":0},"end":{"line":30,"column":62}},"19":{"start":{"line":31,"column":0},"end":{"line":31,"column":33}}},"fnMap":{"0":{"name":"(anonymous_0)","decl":{"start":{"line":5,"column":22},"end":{"line":5,"column":23}},"loc":{"start":{"line":5,"column":34},"end":{"line":29,"column":1}}},"1":{"name":"ServerRenderer","decl":{"start":{"line":6,"column":13},"end":{"line":6,"column":27}},"loc":{"start":{"line":6,"column":49},"end":{"line":9,"column":5}}},"2":{"name":"(anonymous_2)","decl":{"start":{"line":15,"column":52},"end":{"line":15,"column":53}},"loc":{"start":{"line":15,"column":109},"end":{"line":27,"column":5}}}},"branchMap":{"0":{"loc":{"start":{"line":19,"column":8},"end":{"line":21,"column":9}},"type":"if","locations":[{"start":{"line":19,"column":8},"end":{"line":21,"column":9}},{"start":{"line":19,"column":8},"end":{"line":21,"column":9}}]}},"s":{"0":1,"1":1,"2":1,"3":1,"4":2,"5":2,"6":1,"7":2,"8":2,"9":2,"10":2,"11":1,"12":1,"13":1,"14":1,"15":1,"16":1,"17":1,"18":1,"19":1},"f":{"0":1,"1":2,"2":2},"b":{"0":[1,1]},"_coverageSchema":"332fd63041d2c1bcb487cc26dd0d5f7d97098a6c","hash":"a311093e9e71a3002a0e886daf2e037b775f3780","contentHash":"fc04d5647a0b4034d10eb1f5c32d0f9f_10.1.2"},"/Users/stemey/work/projects/aem-react-js/store/ServerSling.js":{"path":"/Users/stemey/work/projects/aem-react-js/store/ServerSling.js","statementMap":{"0":{"start":{"line":2,"column":16},"end":{"line":6,"column":1}},"1":{"start":{"line":3,"column":4},"end":{"line":3,"column":58}},"2":{"start":{"line":3,"column":21},"end":{"line":3,"column":58}},"3":{"start":{"line":3,"column":46},"end":{"line":3,"column":58}},"4":{"start":{"line":4,"column":20},"end":{"line":4,"column":41}},"5":{"start":{"line":5,"column":4},"end":{"line":5,"column":89}},"6":{"start":{"line":7,"column":14},"end":{"line":7,"column":32}},"7":{"start":{"line":8,"column":19},"end":{"line":47,"column":24}},"8":{"start":{"line":9,"column":4},"end":{"line":9,"column":35}},"9":{"start":{"line":11,"column":20},"end":{"line":11,"column":45}},"10":{"start":{"line":12,"column":8},"end":{"line":12,"column":28}},"11":{"start":{"line":13,"column":8},"end":{"line":13,"column":28}},"12":{"start":{"line":14,"column":8},"end":{"line":14,"column":21}},"13":{"start":{"line":16,"column":4},"end":{"line":28,"column":6}},"14":{"start":{"line":17,"column":20},"end":{"line":17,"column":86}},"15":{"start":{"line":18,"column":23},"end":{"line":18,"column":50}},"16":{"start":{"line":19,"column":8},"end":{"line":26,"column":9}},"17":{"start":{"line":20,"column":12},"end":{"line":20,"column":63}},"18":{"start":{"line":21,"column":12},"end":{"line":21,"column":71}},"19":{"start":{"line":22,"column":12},"end":{"line":24,"column":13}},"20":{"start":{"line":23,"column":16},"end":{"line":23,"column":30}},"21":{"start":{"line":25,"column":12},"end":{"line":25,"column":50}},"22":{"start":{"line":27,"column":8},"end":{"line":27,"column":49}},"23":{"start":{"line":29,"column":4},"end":{"line":37,"column":6}},"24":{"start":{"line":30,"column":21},"end":{"line":30,"column":70}},"25":{"start":{"line":31,"column":21},"end":{"line":31,"column":25}},"26":{"start":{"line":32,"column":8},"end":{"line":34,"column":9}},"27":{"start":{"line":33,"column":12},"end":{"line":33,"column":40}},"28":{"start":{"line":35,"column":8},"end":{"line":35,"column":43}},"29":{"start":{"line":36,"column":8},"end":{"line":36,"column":22}},"30":{"start":{"line":38,"column":4},"end":{"line":42,"column":6}},"31":{"start":{"line":39,"column":23},"end":{"line":39,"column":69}},"32":{"start":{"line":40,"column":8},"end":{"line":40,"column":47}},"33":{"start":{"line":41,"column":8},"end":{"line":41,"column":24}},"34":{"start":{"line":43,"column":4},"end":{"line":45,"column":6}},"35":{"start":{"line":44,"column":8},"end":{"line":44,"column":40}},"36":{"start":{"line":46,"column":4},"end":{"line":46,"column":23}},"37":{"start":{"line":48,"column":0},"end":{"line":48,"column":62}},"38":{"start":{"line":49,"column":0},"end":{"line":49,"column":30}}},"fnMap":{"0":{"name":"(anonymous_0)","decl":{"start":{"line":2,"column":44},"end":{"line":2,"column":45}},"loc":{"start":{"line":2,"column":60},"end":{"line":6,"column":1}}},"1":{"name":"__","decl":{"start":{"line":4,"column":13},"end":{"line":4,"column":15}},"loc":{"start":{"line":4,"column":18},"end":{"line":4,"column":43}}},"2":{"name":"(anonymous_2)","decl":{"start":{"line":8,"column":19},"end":{"line":8,"column":20}},"loc":{"start":{"line":8,"column":37},"end":{"line":47,"column":1}}},"3":{"name":"ServerSling","decl":{"start":{"line":10,"column":13},"end":{"line":10,"column":24}},"loc":{"start":{"line":10,"column":39},"end":{"line":15,"column":5}}},"4":{"name":"(anonymous_4)","decl":{"start":{"line":16,"column":38},"end":{"line":16,"column":39}},"loc":{"start":{"line":16,"column":73},"end":{"line":28,"column":5}}},"5":{"name":"(anonymous_5)","decl":{"start":{"line":29,"column":47},"end":{"line":29,"column":48}},"loc":{"start":{"line":29,"column":77},"end":{"line":37,"column":5}}},"6":{"name":"(anonymous_6)","decl":{"start":{"line":38,"column":44},"end":{"line":38,"column":45}},"loc":{"start":{"line":38,"column":74},"end":{"line":42,"column":5}}},"7":{"name":"(anonymous_7)","decl":{"start":{"line":43,"column":43},"end":{"line":43,"column":44}},"loc":{"start":{"line":43,"column":55},"end":{"line":45,"column":5}}}},"branchMap":{"0":{"loc":{"start":{"line":2,"column":16},"end":{"line":6,"column":1}},"type":"binary-expr","locations":[{"start":{"line":2,"column":17},"end":{"line":2,"column":21}},{"start":{"line":2,"column":25},"end":{"line":2,"column":39}},{"start":{"line":2,"column":44},"end":{"line":6,"column":1}}]},"1":{"loc":{"start":{"line":3,"column":21},"end":{"line":3,"column":58}},"type":"if","locations":[{"start":{"line":3,"column":21},"end":{"line":3,"column":58}},{"start":{"line":3,"column":21},"end":{"line":3,"column":58}}]},"2":{"loc":{"start":{"line":5,"column":18},"end":{"line":5,"column":88}},"type":"cond-expr","locations":[{"start":{"line":5,"column":31},"end":{"line":5,"column":47}},{"start":{"line":5,"column":51},"end":{"line":5,"column":87}}]},"3":{"loc":{"start":{"line":11,"column":20},"end":{"line":11,"column":45}},"type":"binary-expr","locations":[{"start":{"line":11,"column":20},"end":{"line":11,"column":37}},{"start":{"line":11,"column":41},"end":{"line":11,"column":45}}]},"4":{"loc":{"start":{"line":17,"column":20},"end":{"line":17,"column":86}},"type":"cond-expr","locations":[{"start":{"line":17,"column":68},"end":{"line":17,"column":70}},{"start":{"line":17,"column":73},"end":{"line":17,"column":86}}]},"5":{"loc":{"start":{"line":17,"column":20},"end":{"line":17,"column":65}},"type":"binary-expr","locations":[{"start":{"line":17,"column":20},"end":{"line":17,"column":28}},{"start":{"line":17,"column":32},"end":{"line":17,"column":65}}]},"6":{"loc":{"start":{"line":19,"column":8},"end":{"line":26,"column":9}},"type":"if","locations":[{"start":{"line":19,"column":8},"end":{"line":26,"column":9}},{"start":{"line":19,"column":8},"end":{"line":26,"column":9}}]},"7":{"loc":{"start":{"line":22,"column":12},"end":{"line":24,"column":13}},"type":"if","locations":[{"start":{"line":22,"column":12},"end":{"line":24,"column":13}},{"start":{"line":22,"column":12},"end":{"line":24,"column":13}}]},"8":{"loc":{"start":{"line":32,"column":8},"end":{"line":34,"column":9}},"type":"if","locations":[{"start":{"line":32,"column":8},"end":{"line":34,"column":9}},{"start":{"line":32,"column":8},"end":{"line":34,"column":9}}]}},"s":{"0":1,"1":1,"2":0,"3":0,"4":1,"5":1,"6":1,"7":1,"8":1,"9":5,"10":5,"11":5,"12":5,"13":1,"14":1,"15":1,"16":1,"17":1,"18":1,"19":1,"20":0,"21":1,"22":1,"23":1,"24":2,"25":2,"26":2,"27":1,"28":2,"29":2,"30":1,"31":1,"32":1,"33":1,"34":1,"35":1,"36":1,"37":1,"38":1},"f":{"0":1,"1":1,"2":1,"3":5,"4":1,"5":2,"6":1,"7":1},"b":{"0":[1,1,1],"1":[0,0],"2":[0,1],"3":[5,5],"4":[0,1],"5":[1,1],"6":[1,0],"7":[0,1],"8":[1,1]},"_coverageSchema":"332fd63041d2c1bcb487cc26dd0d5f7d97098a6c","hash":"3d2edb03cfb70f4f4f5c1df2cf081ef66b0286d6","contentHash":"a6b21dce33c825d312eeb15da9661e4c_10.1.2"},"/Users/stemey/work/projects/aem-react-js/component/VanillaInclude.js":{"path":"/Users/stemey/work/projects/aem-react-js/component/VanillaInclude.js","statementMap":{"0":{"start":{"line":2,"column":16},"end":{"line":6,"column":1}},"1":{"start":{"line":3,"column":4},"end":{"line":3,"column":58}},"2":{"start":{"line":3,"column":21},"end":{"line":3,"column":58}},"3":{"start":{"line":3,"column":46},"end":{"line":3,"column":58}},"4":{"start":{"line":4,"column":20},"end":{"line":4,"column":41}},"5":{"start":{"line":5,"column":4},"end":{"line":5,"column":89}},"6":{"start":{"line":7,"column":12},"end":{"line":7,"column":28}},"7":{"start":{"line":8,"column":21},"end":{"line":8,"column":46}},"8":{"start":{"line":9,"column":22},"end":{"line":19,"column":25}},"9":{"start":{"line":10,"column":4},"end":{"line":10,"column":38}},"10":{"start":{"line":12,"column":8},"end":{"line":12,"column":53}},"11":{"start":{"line":14,"column":4},"end":{"line":17,"column":6}},"12":{"start":{"line":15,"column":29},"end":{"line":15,"column":87}},"13":{"start":{"line":16,"column":8},"end":{"line":16,"column":78}},"14":{"start":{"line":18,"column":4},"end":{"line":18,"column":26}},"15":{"start":{"line":20,"column":0},"end":{"line":20,"column":62}},"16":{"start":{"line":21,"column":0},"end":{"line":21,"column":33}}},"fnMap":{"0":{"name":"(anonymous_0)","decl":{"start":{"line":2,"column":44},"end":{"line":2,"column":45}},"loc":{"start":{"line":2,"column":60},"end":{"line":6,"column":1}}},"1":{"name":"__","decl":{"start":{"line":4,"column":13},"end":{"line":4,"column":15}},"loc":{"start":{"line":4,"column":18},"end":{"line":4,"column":43}}},"2":{"name":"(anonymous_2)","decl":{"start":{"line":9,"column":22},"end":{"line":9,"column":23}},"loc":{"start":{"line":9,"column":40},"end":{"line":19,"column":1}}},"3":{"name":"VanillaInclude","decl":{"start":{"line":11,"column":13},"end":{"line":11,"column":27}},"loc":{"start":{"line":11,"column":30},"end":{"line":13,"column":5}}},"4":{"name":"(anonymous_4)","decl":{"start":{"line":14,"column":38},"end":{"line":14,"column":39}},"loc":{"start":{"line":14,"column":50},"end":{"line":17,"column":5}}}},"branchMap":{"0":{"loc":{"start":{"line":2,"column":16},"end":{"line":6,"column":1}},"type":"binary-expr","locations":[{"start":{"line":2,"column":17},"end":{"line":2,"column":21}},{"start":{"line":2,"column":25},"end":{"line":2,"column":39}},{"start":{"line":2,"column":44},"end":{"line":6,"column":1}}]},"1":{"loc":{"start":{"line":3,"column":21},"end":{"line":3,"column":58}},"type":"if","locations":[{"start":{"line":3,"column":21},"end":{"line":3,"column":58}},{"start":{"line":3,"column":21},"end":{"line":3,"column":58}}]},"2":{"loc":{"start":{"line":5,"column":18},"end":{"line":5,"column":88}},"type":"cond-expr","locations":[{"start":{"line":5,"column":31},"end":{"line":5,"column":47}},{"start":{"line":5,"column":51},"end":{"line":5,"column":87}}]},"3":{"loc":{"start":{"line":12,"column":15},"end":{"line":12,"column":52}},"type":"binary-expr","locations":[{"start":{"line":12,"column":15},"end":{"line":12,"column":44}},{"start":{"line":12,"column":48},"end":{"line":12,"column":52}}]}},"s":{"0":1,"1":1,"2":1,"3":1,"4":1,"5":1,"6":1,"7":1,"8":1,"9":1,"10":1,"11":1,"12":1,"13":1,"14":1,"15":1,"16":1},"f":{"0":1,"1":1,"2":1,"3":1,"4":1},"b":{"0":[1,1,1],"1":[1,0],"2":[0,1],"3":[1,0]},"_coverageSchema":"332fd63041d2c1bcb487cc26dd0d5f7d97098a6c","hash":"7fca2481cd972c439c6fe89273d85d3fa9130099","contentHash":"27ff1f8b70f6e4b11877100021cd1492_10.1.2"}}