{"/Users/stemey/work/projects/aem-react-js/ComponentManager.tsx": {"path":"/Users/stemey/work/projects/aem-react-js/ComponentManager.tsx","statementMap":{"0":{"start":{"line":1,"column":0},"end":{"line":1,"column":30}},"1":{"start":{"line":2,"column":0},"end":{"line":2,"column":37}},"2":{"start":{"line":4,"column":0},"end":{"line":4,"column":53}},"3":{"start":{"line":22,"column":0},"end":{"line":81,"column":0}},"4":{"start":{"line":31,"column":8},"end":{"line":31,"column":35}},"5":{"start":{"line":32,"column":8},"end":{"line":32,"column":33}},"6":{"start":{"line":33,"column":8},"end":{"line":33,"column":46}},"7":{"start":{"line":40,"column":11},"end":{"line":59,"column":5}},"8":{"start":{"line":41,"column":23},"end":{"line":41,"column":110}},"9":{"start":{"line":42,"column":8},"end":{"line":58,"column":9}},"10":{"start":{"line":43,"column":45},"end":{"line":43,"column":71}},"11":{"start":{"line":44,"column":12},"end":{"line":55,"column":13}},"12":{"start":{"line":45,"column":27},"end":{"line":45,"column":73}},"13":{"start":{"line":46,"column":16},"end":{"line":54,"column":17}},"14":{"start":{"line":47,"column":20},"end":{"line":47,"column":116}},"15":{"start":{"line":49,"column":39},"end":{"line":49,"column":66}},"16":{"start":{"line":50,"column":20},"end":{"line":50,"column":50}},"17":{"start":{"line":51,"column":35},"end":{"line":51,"column":111}},"18":{"start":{"line":52,"column":20},"end":{"line":52,"column":131}},"19":{"start":{"line":57,"column":12},"end":{"line":57,"column":134}},"20":{"start":{"line":62,"column":11},"end":{"line":64,"column":5}},"21":{"start":{"line":63,"column":8},"end":{"line":63,"column":56}},"22":{"start":{"line":66,"column":11},"end":{"line":68,"column":5}},"23":{"start":{"line":67,"column":8},"end":{"line":67,"column":56}},"24":{"start":{"line":73,"column":11},"end":{"line":79,"column":5}},"25":{"start":{"line":74,"column":20},"end":{"line":74,"column":81}},"26":{"start":{"line":75,"column":8},"end":{"line":77,"column":9}},"27":{"start":{"line":75,"column":21},"end":{"line":75,"column":20}},"28":{"start":{"line":76,"column":12},"end":{"line":76,"column":42}},"29":{"start":{"line":78,"column":8},"end":{"line":78,"column":28}},"30":{"start":{"line":81,"column":0},"end":{"line":81,"column":1}},"31":{"start":{"line":22,"column":0},"end":{"line":81,"column":1}}},"fnMap":{"0":{"name":"(anonymous_0)","decl":{"start":{"line":22,"column":0},"end":{"line":null,"column":-1}},"loc":{"start":{"line":22,"column":0},"end":{"line":22,"column":-1}}},"1":{"name":"ComponentManager","decl":{"start":{"line":30,"column":4},"end":{"line":30,"column":15}},"loc":{"start":{"line":30,"column":91},"end":{"line":34,"column":5}}},"2":{"name":"(anonymous_2)","decl":{"start":{"line":40,"column":4},"end":{"line":40,"column":29}},"loc":{"start":{"line":40,"column":39},"end":{"line":59,"column":5}}},"3":{"name":"(anonymous_3)","decl":{"start":{"line":62,"column":4},"end":{"line":62,"column":26}},"loc":{"start":{"line":62,"column":60},"end":{"line":64,"column":5}}},"4":{"name":"(anonymous_4)","decl":{"start":{"line":66,"column":4},"end":{"line":66,"column":23}},"loc":{"start":{"line":66,"column":44},"end":{"line":68,"column":5}}},"5":{"name":"(anonymous_5)","decl":{"start":{"line":73,"column":4},"end":{"line":null,"column":-1}},"loc":{"start":{"line":73,"column":4},"end":{"line":79,"column":5}}}},"branchMap":{"0":{"loc":{"start":{"line":33,"column":24},"end":{"line":33,"column":33}},"type":"binary-expr","locations":[{"start":{"line":33,"column":24},"end":{"line":33,"column":33}},{"start":{"line":33,"column":37},"end":{"line":33,"column":45}}]},"1":{"loc":{"start":{"line":42,"column":8},"end":{"line":58,"column":9}},"type":"if","locations":[{"start":{"line":42,"column":8},"end":{"line":58,"column":9}},{"start":{"line":42,"column":8},"end":{"line":58,"column":9}}]},"2":{"loc":{"start":{"line":44,"column":12},"end":{"line":55,"column":13}},"type":"if","locations":[{"start":{"line":44,"column":12},"end":{"line":55,"column":13}},{"start":{"line":44,"column":12},"end":{"line":55,"column":13}}]},"3":{"loc":{"start":{"line":46,"column":16},"end":{"line":54,"column":17}},"type":"if","locations":[{"start":{"line":46,"column":16},"end":{"line":54,"column":17}},{"start":{"line":46,"column":16},"end":{"line":54,"column":17}}]}},"s":{"0":1,"1":1,"2":1,"3":1,"4":10,"5":10,"6":10,"7":1,"8":3,"9":3,"10":3,"11":3,"12":2,"13":2,"14":0,"15":2,"16":2,"17":2,"18":2,"19":0,"20":1,"21":1,"22":1,"23":1,"24":1,"25":1,"26":1,"27":1,"28":1,"29":1,"30":1,"31":1},"f":{"0":1,"1":10,"2":3,"3":1,"4":1,"5":1},"b":{"0":[10,3],"1":[3,0],"2":[2,1],"3":[0,2]}}
,"/Users/stemey/work/projects/aem-react-js/ComponentRegistry.tsx": {"path":"/Users/stemey/work/projects/aem-react-js/ComponentRegistry.tsx","statementMap":{"0":{"start":{"line":2,"column":0},"end":{"line":2,"column":47}},"1":{"start":{"line":3,"column":0},"end":{"line":3,"column":55}},"2":{"start":{"line":6,"column":0},"end":{"line":62,"column":0}},"3":{"start":{"line":18,"column":8},"end":{"line":18,"column":27}},"4":{"start":{"line":19,"column":8},"end":{"line":19,"column":31}},"5":{"start":{"line":22,"column":11},"end":{"line":28,"column":5}},"6":{"start":{"line":24,"column":42},"end":{"line":24,"column":72}},"7":{"start":{"line":26,"column":35},"end":{"line":26,"column":77}},"8":{"start":{"line":27,"column":8},"end":{"line":27,"column":76}},"9":{"start":{"line":30,"column":11},"end":{"line":37,"column":5}},"10":{"start":{"line":32,"column":42},"end":{"line":32,"column":74}},"11":{"start":{"line":34,"column":35},"end":{"line":34,"column":77}},"12":{"start":{"line":35,"column":54},"end":{"line":35,"column":104}},"13":{"start":{"line":36,"column":8},"end":{"line":36,"column":86}},"14":{"start":{"line":39,"column":12},"end":{"line":49,"column":5}},"15":{"start":{"line":40,"column":35},"end":{"line":40,"column":39}},"16":{"start":{"line":41,"column":8},"end":{"line":47,"column":9}},"17":{"start":{"line":42,"column":12},"end":{"line":42,"column":60}},"18":{"start":{"line":43,"column":15},"end":{"line":47,"column":9}},"19":{"start":{"line":44,"column":12},"end":{"line":44,"column":96}},"20":{"start":{"line":46,"column":12},"end":{"line":46,"column":75}},"21":{"start":{"line":48,"column":8},"end":{"line":48,"column":28}},"22":{"start":{"line":51,"column":12},"end":{"line":61,"column":5}},"23":{"start":{"line":52,"column":30},"end":{"line":52,"column":74}},"24":{"start":{"line":53,"column":8},"end":{"line":60,"column":9}},"25":{"start":{"line":54,"column":39},"end":{"line":54,"column":67}},"26":{"start":{"line":55,"column":31},"end":{"line":55,"column":76}},"27":{"start":{"line":56,"column":12},"end":{"line":58,"column":13}},"28":{"start":{"line":57,"column":16},"end":{"line":57,"column":72}},"29":{"start":{"line":59,"column":12},"end":{"line":59,"column":32}},"30":{"start":{"line":62,"column":0},"end":{"line":62,"column":1}},"31":{"start":{"line":6,"column":0},"end":{"line":62,"column":1}}},"fnMap":{"0":{"name":"(anonymous_0)","decl":{"start":{"line":6,"column":0},"end":{"line":null,"column":-1}},"loc":{"start":{"line":6,"column":0},"end":{"line":6,"column":-1}}},"1":{"name":"ComponentRegistry","decl":{"start":{"line":17,"column":4},"end":{"line":17,"column":15}},"loc":{"start":{"line":17,"column":29},"end":{"line":20,"column":5}}},"2":{"name":"(anonymous_2)","decl":{"start":{"line":22,"column":4},"end":{"line":22,"column":19}},"loc":{"start":{"line":22,"column":58},"end":{"line":28,"column":5}}},"3":{"name":"(anonymous_3)","decl":{"start":{"line":30,"column":4},"end":{"line":30,"column":26}},"loc":{"start":{"line":30,"column":50},"end":{"line":37,"column":5}}},"4":{"name":"(anonymous_4)","decl":{"start":{"line":39,"column":4},"end":{"line":39,"column":29}},"loc":{"start":{"line":39,"column":56},"end":{"line":49,"column":5}}},"5":{"name":"(anonymous_5)","decl":{"start":{"line":51,"column":4},"end":{"line":51,"column":34}},"loc":{"start":{"line":51,"column":61},"end":{"line":61,"column":5}}}},"branchMap":{"0":{"loc":{"start":{"line":41,"column":8},"end":{"line":47,"column":9}},"type":"if","locations":[{"start":{"line":41,"column":8},"end":{"line":47,"column":9}},{"start":{"line":41,"column":8},"end":{"line":47,"column":9}}]},"1":{"loc":{"start":{"line":43,"column":15},"end":{"line":47,"column":9}},"type":"if","locations":[{"start":{"line":43,"column":15},"end":{"line":47,"column":9}},{"start":{"line":43,"column":15},"end":{"line":47,"column":9}}]},"2":{"loc":{"start":{"line":53,"column":8},"end":{"line":60,"column":9}},"type":"if","locations":[{"start":{"line":53,"column":8},"end":{"line":60,"column":9}},{"start":{"line":53,"column":8},"end":{"line":60,"column":9}}]},"3":{"loc":{"start":{"line":56,"column":12},"end":{"line":58,"column":13}},"type":"if","locations":[{"start":{"line":56,"column":12},"end":{"line":58,"column":13}},{"start":{"line":56,"column":12},"end":{"line":58,"column":13}}]}},"s":{"0":1,"1":1,"2":1,"3":11,"4":11,"5":1,"6":12,"7":12,"8":12,"9":1,"10":3,"11":3,"12":3,"13":3,"14":1,"15":15,"16":15,"17":1,"18":14,"19":13,"20":1,"21":15,"22":1,"23":24,"24":24,"25":24,"26":24,"27":24,"28":10,"29":24,"30":1,"31":1},"f":{"0":1,"1":11,"2":12,"3":3,"4":15,"5":24},"b":{"0":[1,14],"1":[13,1],"2":[24,0],"3":[10,14]}}
,"/Users/stemey/work/projects/aem-react-js/ResourceUtils.tsx": {"path":"/Users/stemey/work/projects/aem-react-js/ResourceUtils.tsx","statementMap":{"0":{"start":{"line":1,"column":0},"end":{"line":null,"column":-1}},"1":{"start":{"line":10,"column":18},"end":{"line":21,"column":5}},"2":{"start":{"line":11,"column":28},"end":{"line":11,"column":30}},"3":{"start":{"line":12,"column":8},"end":{"line":19,"column":9}},"4":{"start":{"line":13,"column":12},"end":{"line":18,"column":15}},"5":{"start":{"line":14,"column":28},"end":{"line":14,"column":50}},"6":{"start":{"line":15,"column":16},"end":{"line":17,"column":17}},"7":{"start":{"line":16,"column":20},"end":{"line":16,"column":51}},"8":{"start":{"line":20,"column":8},"end":{"line":20,"column":24}},"9":{"start":{"line":23,"column":18},"end":{"line":31,"column":5}},"10":{"start":{"line":24,"column":8},"end":{"line":29,"column":9}},"11":{"start":{"line":25,"column":12},"end":{"line":25,"column":33}},"12":{"start":{"line":26,"column":12},"end":{"line":28,"column":13}},"13":{"start":{"line":27,"column":16},"end":{"line":27,"column":28}},"14":{"start":{"line":30,"column":8},"end":{"line":30,"column":20}},"15":{"start":{"line":33,"column":18},"end":{"line":35,"column":5}},"16":{"start":{"line":34,"column":8},"end":{"line":34,"column":62}},"17":{"start":{"line":37,"column":18},"end":{"line":48,"column":5}},"18":{"start":{"line":38,"column":32},"end":{"line":38,"column":34}},"19":{"start":{"line":39,"column":8},"end":{"line":46,"column":9}},"20":{"start":{"line":40,"column":32},"end":{"line":40,"column":61}},"21":{"start":{"line":41,"column":12},"end":{"line":43,"column":13}},"22":{"start":{"line":42,"column":16},"end":{"line":42,"column":28}},"23":{"start":{"line":44,"column":12},"end":{"line":44,"column":60}},"24":{"start":{"line":45,"column":12},"end":{"line":45,"column":60}},"25":{"start":{"line":47,"column":8},"end":{"line":47,"column":54}},"26":{"start":{"line":50,"column":18},"end":{"line":57,"column":5}},"27":{"start":{"line":51,"column":28},"end":{"line":51,"column":62}},"28":{"start":{"line":52,"column":8},"end":{"line":54,"column":9}},"29":{"start":{"line":53,"column":12},"end":{"line":53,"column":31}},"30":{"start":{"line":55,"column":26},"end":{"line":55,"column":50}},"31":{"start":{"line":56,"column":8},"end":{"line":56,"column":100}},"32":{"start":{"line":59,"column":0},"end":{"line":59,"column":1}},"33":{"start":{"line":1,"column":0},"end":{"line":59,"column":1}},"34":{"start":{"line":3,"column":18},"end":{"line":3,"column":56}}},"fnMap":{"0":{"name":"(anonymous_0)","decl":{"start":{"line":1,"column":0},"end":{"line":null,"column":-1}},"loc":{"start":{"line":1,"column":0},"end":{"line":1,"column":-1}}},"1":{"name":"(anonymous_2)","decl":{"start":{"line":10,"column":4},"end":{"line":10,"column":29}},"loc":{"start":{"line":10,"column":43},"end":{"line":21,"column":5}}},"2":{"name":"(anonymous_3)","decl":{"start":{"line":13,"column":42},"end":{"line":13,"column":42}},"loc":{"start":{"line":13,"column":63},"end":{"line":18,"column":13}}},"3":{"name":"(anonymous_4)","decl":{"start":{"line":23,"column":4},"end":{"line":23,"column":29}},"loc":{"start":{"line":23,"column":55},"end":{"line":31,"column":5}}},"4":{"name":"(anonymous_5)","decl":{"start":{"line":33,"column":4},"end":{"line":33,"column":32}},"loc":{"start":{"line":33,"column":45},"end":{"line":35,"column":5}}},"5":{"name":"(anonymous_6)","decl":{"start":{"line":37,"column":4},"end":{"line":37,"column":30}},"loc":{"start":{"line":37,"column":66},"end":{"line":48,"column":5}}},"6":{"name":"(anonymous_7)","decl":{"start":{"line":50,"column":4},"end":{"line":50,"column":39}},"loc":{"start":{"line":50,"column":59},"end":{"line":57,"column":5}}}},"branchMap":{"0":{"loc":{"start":{"line":12,"column":8},"end":{"line":19,"column":9}},"type":"if","locations":[{"start":{"line":12,"column":8},"end":{"line":19,"column":9}},{"start":{"line":12,"column":8},"end":{"line":19,"column":9}}]},"1":{"loc":{"start":{"line":15,"column":16},"end":{"line":17,"column":17}},"type":"if","locations":[{"start":{"line":15,"column":16},"end":{"line":17,"column":17}},{"start":{"line":15,"column":16},"end":{"line":17,"column":17}}]},"2":{"loc":{"start":{"line":26,"column":12},"end":{"line":28,"column":13}},"type":"if","locations":[{"start":{"line":26,"column":12},"end":{"line":28,"column":13}},{"start":{"line":26,"column":12},"end":{"line":28,"column":13}}]},"3":{"loc":{"start":{"line":41,"column":12},"end":{"line":43,"column":13}},"type":"if","locations":[{"start":{"line":41,"column":12},"end":{"line":43,"column":13}},{"start":{"line":41,"column":12},"end":{"line":43,"column":13}}]},"4":{"loc":{"start":{"line":52,"column":8},"end":{"line":54,"column":9}},"type":"if","locations":[{"start":{"line":52,"column":8},"end":{"line":54,"column":9}},{"start":{"line":52,"column":8},"end":{"line":54,"column":9}}]}},"s":{"0":1,"1":1,"2":11,"3":11,"4":11,"5":13,"6":13,"7":10,"8":11,"9":1,"10":45,"11":29,"12":29,"13":3,"14":42,"15":1,"16":39,"17":1,"18":46,"19":46,"20":47,"21":47,"22":7,"23":40,"24":40,"25":39,"26":1,"27":2,"28":2,"29":1,"30":1,"31":1,"32":1,"33":1,"34":1},"f":{"0":1,"1":11,"2":13,"3":45,"4":39,"5":46,"6":2},"b":{"0":[11,0],"1":[10,3],"2":[3,26],"3":[7,40],"4":[1,1]}}
,"/Users/stemey/work/projects/aem-react-js/RootComponentRegistry.tsx": {"path":"/Users/stemey/work/projects/aem-react-js/RootComponentRegistry.tsx","statementMap":{"0":{"start":{"line":1,"column":0},"end":{"line":1,"column":30}},"1":{"start":{"line":4,"column":0},"end":{"line":14,"column":0}},"2":{"start":{"line":10,"column":8},"end":{"line":10,"column":41}},"3":{"start":{"line":11,"column":8},"end":{"line":11,"column":45}},"4":{"start":{"line":12,"column":8},"end":{"line":12,"column":41}},"5":{"start":{"line":14,"column":0},"end":{"line":14,"column":1}},"6":{"start":{"line":4,"column":0},"end":{"line":14,"column":1}},"7":{"start":{"line":16,"column":0},"end":{"line":75,"column":0}},"8":{"start":{"line":20,"column":12},"end":{"line":20,"column":83}},"9":{"start":{"line":21,"column":12},"end":{"line":21,"column":81}},"10":{"start":{"line":22,"column":12},"end":{"line":22,"column":90}},"11":{"start":{"line":25,"column":8},"end":{"line":25,"column":29}},"12":{"start":{"line":28,"column":11},"end":{"line":30,"column":5}},"13":{"start":{"line":29,"column":8},"end":{"line":29,"column":39}},"14":{"start":{"line":34,"column":11},"end":{"line":42,"column":5}},"15":{"start":{"line":35,"column":8},"end":{"line":41,"column":9}},"16":{"start":{"line":36,"column":45},"end":{"line":36,"column":94}},"17":{"start":{"line":37,"column":12},"end":{"line":37,"column":68}},"18":{"start":{"line":39,"column":46},"end":{"line":39,"column":68}},"19":{"start":{"line":40,"column":12},"end":{"line":40,"column":68}},"20":{"start":{"line":44,"column":11},"end":{"line":46,"column":5}},"21":{"start":{"line":45,"column":8},"end":{"line":45,"column":58}},"22":{"start":{"line":48,"column":11},"end":{"line":60,"column":5}},"23":{"start":{"line":50,"column":42},"end":{"line":50,"column":80}},"24":{"start":{"line":52,"column":8},"end":{"line":58,"column":9}},"25":{"start":{"line":54,"column":12},"end":{"line":54,"column":84}},"26":{"start":{"line":56,"column":44},"end":{"line":56,"column":80}},"27":{"start":{"line":57,"column":12},"end":{"line":57,"column":77}},"28":{"start":{"line":59,"column":8},"end":{"line":59,"column":84}},"29":{"start":{"line":62,"column":11},"end":{"line":68,"column":5}},"30":{"start":{"line":62,"column":4},"end":{"line":68,"column":4}},"31":{"start":{"line":63,"column":8},"end":{"line":67,"column":17}},"32":{"start":{"line":64,"column":12},"end":{"line":66,"column":21}},"33":{"start":{"line":65,"column":16},"end":{"line":65,"column":39}},"34":{"start":{"line":70,"column":11},"end":{"line":73,"column":5}},"35":{"start":{"line":71,"column":28},"end":{"line":71,"column":54}},"36":{"start":{"line":72,"column":8},"end":{"line":72,"column":43}},"37":{"start":{"line":75,"column":0},"end":{"line":75,"column":1}},"38":{"start":{"line":16,"column":0},"end":{"line":75,"column":1}}},"fnMap":{"0":{"name":"(anonymous_0)","decl":{"start":{"line":4,"column":0},"end":{"line":null,"column":-1}},"loc":{"start":{"line":4,"column":0},"end":{"line":4,"column":-1}}},"1":{"name":"Mapping","decl":{"start":{"line":9,"column":4},"end":{"line":9,"column":15}},"loc":{"start":{"line":9,"column":114},"end":{"line":13,"column":5}}},"2":{"name":"(anonymous_2)","decl":{"start":{"line":16,"column":0},"end":{"line":null,"column":-1}},"loc":{"start":{"line":16,"column":0},"end":{"line":16,"column":-1}}},"3":{"name":"RootComponentRegistry","decl":{"start":{"line":24,"column":4},"end":{"line":null,"column":-1}},"loc":{"start":{"line":24,"column":4},"end":{"line":26,"column":5}}},"4":{"name":"(anonymous_4)","decl":{"start":{"line":28,"column":4},"end":{"line":28,"column":14}},"loc":{"start":{"line":28,"column":42},"end":{"line":30,"column":5}}},"5":{"name":"(anonymous_5)","decl":{"start":{"line":34,"column":4},"end":{"line":34,"column":26}},"loc":{"start":{"line":34,"column":41},"end":{"line":42,"column":5}}},"6":{"name":"(anonymous_6)","decl":{"start":{"line":44,"column":4},"end":{"line":44,"column":23}},"loc":{"start":{"line":44,"column":44},"end":{"line":46,"column":5}}},"7":{"name":"(anonymous_7)","decl":{"start":{"line":48,"column":4},"end":{"line":48,"column":19}},"loc":{"start":{"line":48,"column":36},"end":{"line":60,"column":5}}},"8":{"name":"(anonymous_8)","decl":{"start":{"line":62,"column":4},"end":{"line":null,"column":-1}},"loc":{"start":{"line":62,"column":4},"end":{"line":68,"column":5}}},"9":{"name":"(anonymous_9)","decl":{"start":{"line":63,"column":32},"end":{"line":63,"column":32}},"loc":{"start":{"line":63,"column":60},"end":{"line":67,"column":9}}},"10":{"name":"(anonymous_10)","decl":{"start":{"line":64,"column":38},"end":{"line":64,"column":38}},"loc":{"start":{"line":64,"column":55},"end":{"line":66,"column":13}}},"11":{"name":"(anonymous_11)","decl":{"start":{"line":70,"column":4},"end":{"line":70,"column":28}},"loc":{"start":{"line":70,"column":62},"end":{"line":73,"column":5}}}},"branchMap":{"0":{"loc":{"start":{"line":35,"column":8},"end":{"line":41,"column":9}},"type":"if","locations":[{"start":{"line":35,"column":8},"end":{"line":41,"column":9}},{"start":{"line":35,"column":8},"end":{"line":41,"column":9}}]},"1":{"loc":{"start":{"line":52,"column":8},"end":{"line":58,"column":9}},"type":"if","locations":[{"start":{"line":52,"column":8},"end":{"line":58,"column":9}},{"start":{"line":52,"column":8},"end":{"line":58,"column":9}}]}},"s":{"0":1,"1":1,"2":15,"3":15,"4":15,"5":1,"6":1,"7":1,"8":8,"9":8,"10":8,"11":8,"12":1,"13":8,"14":1,"15":12,"16":9,"17":9,"18":3,"19":3,"20":1,"21":18,"22":1,"23":12,"24":12,"25":10,"26":2,"27":2,"28":12,"29":1,"30":8,"31":8,"32":8,"33":12,"34":1,"35":1,"36":1,"37":1,"38":1},"f":{"0":1,"1":15,"2":1,"3":8,"4":8,"5":12,"6":18,"7":12,"8":8,"9":8,"10":12,"11":1},"b":{"0":[9,3],"1":[10,2]}}
,"/Users/stemey/work/projects/aem-react-js/ServerRenderer.tsx": {"path":"/Users/stemey/work/projects/aem-react-js/ServerRenderer.tsx","statementMap":{"0":{"start":{"line":1,"column":0},"end":{"line":1,"column":30}},"1":{"start":{"line":2,"column":0},"end":{"line":2,"column":53}},"2":{"start":{"line":6,"column":0},"end":{"line":6,"column":45}},"3":{"start":{"line":14,"column":0},"end":{"line":50,"column":0}},"4":{"start":{"line":21,"column":8},"end":{"line":21,"column":33}},"5":{"start":{"line":22,"column":8},"end":{"line":22,"column":35}},"6":{"start":{"line":30,"column":11},"end":{"line":48,"column":5}},"7":{"start":{"line":32,"column":8},"end":{"line":32,"column":52}},"8":{"start":{"line":33,"column":8},"end":{"line":33,"column":62}},"9":{"start":{"line":36,"column":43},"end":{"line":36,"column":83}},"10":{"start":{"line":37,"column":8},"end":{"line":39,"column":9}},"11":{"start":{"line":38,"column":12},"end":{"line":38,"column":86}},"12":{"start":{"line":41,"column":30},"end":{"line":41,"column":82}},"13":{"start":{"line":42,"column":8},"end":{"line":42,"column":62}},"14":{"start":{"line":43,"column":27},"end":{"line":44,"column":106}},"15":{"start":{"line":46,"column":27},"end":{"line":46,"column":54}},"16":{"start":{"line":47,"column":8},"end":{"line":47,"column":73}},"17":{"start":{"line":50,"column":0},"end":{"line":50,"column":1}},"18":{"start":{"line":14,"column":0},"end":{"line":50,"column":1}}},"fnMap":{"0":{"name":"(anonymous_0)","decl":{"start":{"line":14,"column":0},"end":{"line":null,"column":-1}},"loc":{"start":{"line":14,"column":0},"end":{"line":14,"column":-1}}},"1":{"name":"ServerRenderer","decl":{"start":{"line":20,"column":4},"end":{"line":20,"column":15}},"loc":{"start":{"line":20,"column":69},"end":{"line":23,"column":5}}},"2":{"name":"(anonymous_2)","decl":{"start":{"line":30,"column":4},"end":{"line":30,"column":31}},"loc":{"start":{"line":30,"column":111},"end":{"line":48,"column":5}}}},"branchMap":{"0":{"loc":{"start":{"line":37,"column":8},"end":{"line":39,"column":9}},"type":"if","locations":[{"start":{"line":37,"column":8},"end":{"line":39,"column":9}},{"start":{"line":37,"column":8},"end":{"line":39,"column":9}}]}},"s":{"0":1,"1":1,"2":1,"3":1,"4":2,"5":2,"6":1,"7":2,"8":2,"9":2,"10":2,"11":1,"12":1,"13":1,"14":1,"15":1,"16":1,"17":1,"18":1},"f":{"0":1,"1":2,"2":2},"b":{"0":[1,1]}}
,"/Users/stemey/work/projects/aem-react-js/include.tsx": {"path":"/Users/stemey/work/projects/aem-react-js/include.tsx","statementMap":{"0":{"start":{"line":1,"column":0},"end":{"line":1,"column":30}},"1":{"start":{"line":2,"column":0},"end":{"line":2,"column":51}},"2":{"start":{"line":4,"column":0},"end":{"line":4,"column":43}},"3":{"start":{"line":14,"column":0},"end":{"line":14,"column":49}},"4":{"start":{"line":14,"column":37},"end":{"line":14,"column":68}},"5":{"start":{"line":16,"column":11},"end":{"line":27,"column":5}},"6":{"start":{"line":18,"column":27},"end":{"line":18,"column":131}},"7":{"start":{"line":20,"column":27},"end":{"line":20,"column":73}},"8":{"start":{"line":21,"column":8},"end":{"line":21,"column":73}},"9":{"start":{"line":23,"column":8},"end":{"line":26,"column":11}},"10":{"start":{"line":30,"column":0},"end":{"line":30,"column":1}},"11":{"start":{"line":14,"column":0},"end":{"line":30,"column":1}}},"fnMap":{"0":{"name":"(anonymous_2)","decl":{"start":{"line":14,"column":0},"end":{"line":null,"column":-1}},"loc":{"start":{"line":14,"column":0},"end":{"line":14,"column":-1}}},"1":{"name":"(anonymous_4)","decl":{"start":{"line":16,"column":4},"end":{"line":null,"column":-1}},"loc":{"start":{"line":16,"column":4},"end":{"line":27,"column":5}}}},"branchMap":{"0":{"loc":{"start":{"line":18,"column":75},"end":{"line":18,"column":90}},"type":"cond-expr","locations":[{"start":{"line":18,"column":75},"end":{"line":18,"column":90}},{"start":{"line":18,"column":93},"end":{"line":18,"column":131}}]},"1":{"loc":{"start":{"line":23,"column":35},"end":{"line":23,"column":53}},"type":"binary-expr","locations":[{"start":{"line":23,"column":35},"end":{"line":23,"column":53}},{"start":{"line":23,"column":57},"end":{"line":23,"column":62}}]}},"s":{"0":1,"1":1,"2":1,"3":1,"4":1,"5":1,"6":4,"7":4,"8":4,"9":4,"10":1,"11":1},"f":{"0":5,"1":4},"b":{"0":[0,4],"1":[4,3]}}
,"/Users/stemey/work/projects/aem-react-js/component/AemComponent.tsx": {"path":"/Users/stemey/work/projects/aem-react-js/component/AemComponent.tsx","statementMap":{"0":{"start":{"line":1,"column":0},"end":{"line":1,"column":30}},"1":{"start":{"line":9,"column":0},"end":{"line":9,"column":63}},"2":{"start":{"line":9,"column":48},"end":{"line":9,"column":69}},"3":{"start":{"line":31,"column":11},"end":{"line":33,"column":5}},"4":{"start":{"line":32,"column":8},"end":{"line":32,"column":33}},"5":{"start":{"line":35,"column":11},"end":{"line":37,"column":5}},"6":{"start":{"line":36,"column":8},"end":{"line":36,"column":70}},"7":{"start":{"line":39,"column":14},"end":{"line":41,"column":5}},"8":{"start":{"line":40,"column":8},"end":{"line":40,"column":39}},"9":{"start":{"line":68,"column":14},"end":{"line":70,"column":5}},"10":{"start":{"line":69,"column":8},"end":{"line":69,"column":49}},"11":{"start":{"line":71,"column":0},"end":{"line":71,"column":1}},"12":{"start":{"line":9,"column":0},"end":{"line":71,"column":1}},"13":{"start":{"line":12,"column":18},"end":{"line":17,"column":6}}},"fnMap":{"0":{"name":"(anonymous_2)","decl":{"start":{"line":9,"column":0},"end":{"line":null,"column":-1}},"loc":{"start":{"line":9,"column":0},"end":{"line":9,"column":-1}}},"1":{"name":"(anonymous_4)","decl":{"start":{"line":31,"column":4},"end":{"line":null,"column":-1}},"loc":{"start":{"line":31,"column":4},"end":{"line":33,"column":5}}},"2":{"name":"(anonymous_5)","decl":{"start":{"line":35,"column":4},"end":{"line":null,"column":-1}},"loc":{"start":{"line":35,"column":4},"end":{"line":37,"column":5}}},"3":{"name":"(anonymous_6)","decl":{"start":{"line":39,"column":4},"end":{"line":null,"column":-1}},"loc":{"start":{"line":39,"column":4},"end":{"line":41,"column":5}}},"4":{"name":"(anonymous_7)","decl":{"start":{"line":68,"column":4},"end":{"line":null,"column":-1}},"loc":{"start":{"line":68,"column":4},"end":{"line":70,"column":5}}}},"branchMap":{"0":{"loc":{"start":{"line":36,"column":15},"end":{"line":36,"column":33}},"type":"binary-expr","locations":[{"start":{"line":36,"column":15},"end":{"line":36,"column":33}},{"start":{"line":36,"column":37},"end":{"line":36,"column":69}}]}},"s":{"0":1,"1":1,"2":1,"3":1,"4":8,"5":1,"6":10,"7":1,"8":32,"9":1,"10":16,"11":1,"12":1,"13":1},"f":{"0":57,"1":8,"2":10,"3":32,"4":16},"b":{"0":[10,10]}}
,"/Users/stemey/work/projects/aem-react-js/component/EditDialog.tsx": {"path":"/Users/stemey/work/projects/aem-react-js/component/EditDialog.tsx","statementMap":{"0":{"start":{"line":1,"column":0},"end":{"line":1,"column":30}},"1":{"start":{"line":2,"column":0},"end":{"line":2,"column":41}},"2":{"start":{"line":13,"column":0},"end":{"line":13,"column":52}},"3":{"start":{"line":13,"column":40},"end":{"line":13,"column":74}},"4":{"start":{"line":15,"column":11},"end":{"line":24,"column":5}},"5":{"start":{"line":16,"column":27},"end":{"line":16,"column":53}},"6":{"start":{"line":17,"column":37},"end":{"line":17,"column":103}},"7":{"start":{"line":19,"column":8},"end":{"line":23,"column":9}},"8":{"start":{"line":20,"column":12},"end":{"line":20,"column":53}},"9":{"start":{"line":22,"column":12},"end":{"line":22,"column":68}},"10":{"start":{"line":26,"column":12},"end":{"line":39,"column":5}},"11":{"start":{"line":27,"column":48},"end":{"line":27,"column":50}},"12":{"start":{"line":28,"column":8},"end":{"line":37,"column":9}},"13":{"start":{"line":29,"column":12},"end":{"line":29,"column":110}},"14":{"start":{"line":29,"column":68},"end":{"line":29,"column":108}},"15":{"start":{"line":30,"column":12},"end":{"line":36,"column":13}},"16":{"start":{"line":31,"column":16},"end":{"line":35,"column":17}},"17":{"start":{"line":32,"column":20},"end":{"line":32,"column":74}},"18":{"start":{"line":34,"column":20},"end":{"line":34,"column":67}},"19":{"start":{"line":38,"column":8},"end":{"line":38,"column":124}},"20":{"start":{"line":41,"column":12},"end":{"line":55,"column":5}},"21":{"start":{"line":42,"column":8},"end":{"line":44,"column":9}},"22":{"start":{"line":43,"column":12},"end":{"line":43,"column":24}},"23":{"start":{"line":45,"column":30},"end":{"line":45,"column":32}},"24":{"start":{"line":46,"column":8},"end":{"line":50,"column":9}},"25":{"start":{"line":47,"column":12},"end":{"line":49,"column":15}},"26":{"start":{"line":48,"column":16},"end":{"line":48,"column":57}},"27":{"start":{"line":51,"column":8},"end":{"line":53,"column":9}},"28":{"start":{"line":52,"column":12},"end":{"line":52,"column":74}},"29":{"start":{"line":54,"column":8},"end":{"line":54,"column":63}},"30":{"start":{"line":58,"column":0},"end":{"line":58,"column":1}},"31":{"start":{"line":13,"column":0},"end":{"line":58,"column":1}}},"fnMap":{"0":{"name":"(anonymous_2)","decl":{"start":{"line":13,"column":0},"end":{"line":null,"column":-1}},"loc":{"start":{"line":13,"column":0},"end":{"line":13,"column":-1}}},"1":{"name":"(anonymous_4)","decl":{"start":{"line":15,"column":4},"end":{"line":null,"column":-1}},"loc":{"start":{"line":15,"column":4},"end":{"line":24,"column":5}}},"2":{"name":"(anonymous_5)","decl":{"start":{"line":26,"column":4},"end":{"line":26,"column":32}},"loc":{"start":{"line":26,"column":55},"end":{"line":39,"column":5}}},"3":{"name":"(anonymous_6)","decl":{"start":{"line":29,"column":51},"end":{"line":29,"column":51}},"loc":{"start":{"line":29,"column":63},"end":{"line":29,"column":108}}},"4":{"name":"(anonymous_7)","decl":{"start":{"line":41,"column":4},"end":{"line":41,"column":31}},"loc":{"start":{"line":41,"column":54},"end":{"line":55,"column":5}}},"5":{"name":"(anonymous_8)","decl":{"start":{"line":47,"column":51},"end":{"line":47,"column":51}},"loc":{"start":{"line":47,"column":63},"end":{"line":49,"column":13}}}},"branchMap":{"0":{"loc":{"start":{"line":19,"column":8},"end":{"line":23,"column":9}},"type":"if","locations":[{"start":{"line":19,"column":8},"end":{"line":23,"column":9}},{"start":{"line":19,"column":8},"end":{"line":23,"column":9}}]},"1":{"loc":{"start":{"line":28,"column":8},"end":{"line":37,"column":9}},"type":"if","locations":[{"start":{"line":28,"column":8},"end":{"line":37,"column":9}},{"start":{"line":28,"column":8},"end":{"line":37,"column":9}}]},"2":{"loc":{"start":{"line":30,"column":12},"end":{"line":36,"column":13}},"type":"if","locations":[{"start":{"line":30,"column":12},"end":{"line":36,"column":13}},{"start":{"line":30,"column":12},"end":{"line":36,"column":13}}]},"3":{"loc":{"start":{"line":31,"column":16},"end":{"line":35,"column":17}},"type":"if","locations":[{"start":{"line":31,"column":16},"end":{"line":35,"column":17}},{"start":{"line":31,"column":16},"end":{"line":35,"column":17}}]},"4":{"loc":{"start":{"line":31,"column":20},"end":{"line":31,"column":66}},"type":"binary-expr","locations":[{"start":{"line":31,"column":20},"end":{"line":31,"column":66}},{"start":{"line":31,"column":70},"end":{"line":31,"column":102}}]},"5":{"loc":{"start":{"line":42,"column":8},"end":{"line":44,"column":9}},"type":"if","locations":[{"start":{"line":42,"column":8},"end":{"line":44,"column":9}},{"start":{"line":42,"column":8},"end":{"line":44,"column":9}}]},"6":{"loc":{"start":{"line":46,"column":8},"end":{"line":50,"column":9}},"type":"if","locations":[{"start":{"line":46,"column":8},"end":{"line":50,"column":9}},{"start":{"line":46,"column":8},"end":{"line":50,"column":9}}]},"7":{"loc":{"start":{"line":51,"column":8},"end":{"line":53,"column":9}},"type":"if","locations":[{"start":{"line":51,"column":8},"end":{"line":53,"column":9}},{"start":{"line":51,"column":8},"end":{"line":53,"column":9}}]}},"s":{"0":1,"1":1,"2":1,"3":1,"4":1,"5":16,"6":16,"7":16,"8":16,"9":0,"10":1,"11":16,"12":16,"13":14,"14":14,"15":14,"16":3,"17":3,"18":0,"19":16,"20":1,"21":16,"22":13,"23":3,"24":3,"25":2,"26":3,"27":3,"28":2,"29":3,"30":1,"31":1},"f":{"0":17,"1":16,"2":16,"3":14,"4":16,"5":3},"b":{"0":[16,0],"1":[14,2],"2":[3,11],"3":[3,0],"4":[3,3],"5":[13,3],"6":[2,1],"7":[2,1]}}
,"/Users/stemey/work/projects/aem-react-js/component/ReactParsys.tsx": {"path":"/Users/stemey/work/projects/aem-react-js/component/ReactParsys.tsx","statementMap":{"0":{"start":{"line":1,"column":0},"end":{"line":1,"column":30}},"1":{"start":{"line":3,"column":0},"end":{"line":3,"column":78}},"2":{"start":{"line":14,"column":0},"end":{"line":14,"column":58}},"3":{"start":{"line":14,"column":41},"end":{"line":14,"column":91}},"4":{"start":{"line":16,"column":11},"end":{"line":20,"column":5}},"5":{"start":{"line":18,"column":51},"end":{"line":18,"column":132}},"6":{"start":{"line":19,"column":8},"end":{"line":19,"column":113}},"7":{"start":{"line":22,"column":14},"end":{"line":24,"column":5}},"8":{"start":{"line":23,"column":8},"end":{"line":23,"column":17}},"9":{"start":{"line":26,"column":0},"end":{"line":26,"column":1}},"10":{"start":{"line":14,"column":0},"end":{"line":26,"column":1}}},"fnMap":{"0":{"name":"(anonymous_2)","decl":{"start":{"line":14,"column":0},"end":{"line":null,"column":-1}},"loc":{"start":{"line":14,"column":0},"end":{"line":14,"column":-1}}},"1":{"name":"(anonymous_4)","decl":{"start":{"line":16,"column":4},"end":{"line":null,"column":-1}},"loc":{"start":{"line":16,"column":4},"end":{"line":20,"column":5}}},"2":{"name":"(anonymous_5)","decl":{"start":{"line":22,"column":4},"end":{"line":null,"column":-1}},"loc":{"start":{"line":22,"column":4},"end":{"line":24,"column":5}}}},"branchMap":{"0":{"loc":{"start":{"line":19,"column":35},"end":{"line":19,"column":57}},"type":"binary-expr","locations":[{"start":{"line":19,"column":35},"end":{"line":19,"column":57}},{"start":{"line":19,"column":61},"end":{"line":19,"column":66}}]}},"s":{"0":1,"1":1,"2":1,"3":1,"4":1,"5":2,"6":2,"7":1,"8":2,"9":1,"10":1},"f":{"0":3,"1":2,"2":2},"b":{"0":[2,2]}}
,"/Users/stemey/work/projects/aem-react-js/component/ResourceComponent.tsx": {"path":"/Users/stemey/work/projects/aem-react-js/component/ResourceComponent.tsx","statementMap":{"0":{"start":{"line":1,"column":0},"end":{"line":1,"column":30}},"1":{"start":{"line":2,"column":0},"end":{"line":2,"column":41}},"2":{"start":{"line":3,"column":0},"end":{"line":3,"column":37}},"3":{"start":{"line":6,"column":0},"end":{"line":6,"column":44}},"4":{"start":{"line":7,"column":0},"end":{"line":7,"column":42}},"5":{"start":{"line":8,"column":0},"end":{"line":8,"column":62}},"6":{"start":{"line":14,"column":0},"end":{"line":16,"column":1}},"7":{"start":{"line":15,"column":4},"end":{"line":15,"column":11}},"8":{"start":{"line":15,"column":13},"end":{"line":15,"column":19}},"9":{"start":{"line":15,"column":21},"end":{"line":15,"column":27}},"10":{"start":{"line":14,"column":0},"end":{"line":16,"column":0}},"11":{"start":{"line":36,"column":0},"end":{"line":36,"column":130}},"12":{"start":{"line":36,"column":118},"end":{"line":36,"column":136}},"13":{"start":{"line":43,"column":11},"end":{"line":49,"column":5}},"14":{"start":{"line":44,"column":8},"end":{"line":47,"column":10}},"15":{"start":{"line":51,"column":11},"end":{"line":53,"column":5}},"16":{"start":{"line":52,"column":8},"end":{"line":52,"column":58}},"17":{"start":{"line":55,"column":11},"end":{"line":57,"column":5}},"18":{"start":{"line":56,"column":8},"end":{"line":56,"column":26}},"19":{"start":{"line":59,"column":11},"end":{"line":61,"column":5}},"20":{"start":{"line":60,"column":8},"end":{"line":60,"column":26}},"21":{"start":{"line":63,"column":11},"end":{"line":75,"column":5}},"22":{"start":{"line":65,"column":8},"end":{"line":69,"column":9}},"23":{"start":{"line":66,"column":12},"end":{"line":66,"column":43}},"24":{"start":{"line":68,"column":12},"end":{"line":68,"column":69}},"25":{"start":{"line":70,"column":8},"end":{"line":73,"column":9}},"26":{"start":{"line":71,"column":12},"end":{"line":71,"column":85}},"27":{"start":{"line":72,"column":13},"end":{"line":72,"column":123}},"28":{"start":{"line":77,"column":11},"end":{"line":79,"column":5}},"29":{"start":{"line":78,"column":8},"end":{"line":78,"column":58}},"30":{"start":{"line":81,"column":11},"end":{"line":87,"column":5}},"31":{"start":{"line":82,"column":8},"end":{"line":86,"column":9}},"32":{"start":{"line":83,"column":12},"end":{"line":83,"column":43}},"33":{"start":{"line":85,"column":12},"end":{"line":85,"column":24}},"34":{"start":{"line":89,"column":14},"end":{"line":91,"column":5}},"35":{"start":{"line":90,"column":8},"end":{"line":90,"column":38}},"36":{"start":{"line":93,"column":11},"end":{"line":107,"column":5}},"37":{"start":{"line":95,"column":8},"end":{"line":101,"column":9}},"38":{"start":{"line":96,"column":12},"end":{"line":96,"column":41}},"39":{"start":{"line":97,"column":15},"end":{"line":101,"column":9}},"40":{"start":{"line":98,"column":12},"end":{"line":98,"column":37}},"41":{"start":{"line":100,"column":12},"end":{"line":100,"column":38}},"42":{"start":{"line":102,"column":8},"end":{"line":106,"column":10}},"43":{"start":{"line":109,"column":11},"end":{"line":111,"column":5}},"44":{"start":{"line":110,"column":8},"end":{"line":110,"column":48}},"45":{"start":{"line":115,"column":11},"end":{"line":117,"column":5}},"46":{"start":{"line":116,"column":8},"end":{"line":116,"column":42}},"47":{"start":{"line":119,"column":11},"end":{"line":121,"column":5}},"48":{"start":{"line":120,"column":8},"end":{"line":120,"column":70}},"49":{"start":{"line":123,"column":11},"end":{"line":125,"column":5}},"50":{"start":{"line":124,"column":8},"end":{"line":124,"column":94}},"51":{"start":{"line":127,"column":14},"end":{"line":129,"column":5}},"52":{"start":{"line":128,"column":8},"end":{"line":128,"column":17}},"53":{"start":{"line":131,"column":14},"end":{"line":178,"column":5}},"54":{"start":{"line":131,"column":4},"end":{"line":178,"column":4}},"55":{"start":{"line":133,"column":8},"end":{"line":135,"column":9}},"56":{"start":{"line":134,"column":12},"end":{"line":134,"column":66}},"57":{"start":{"line":136,"column":36},"end":{"line":136,"column":99}},"58":{"start":{"line":137,"column":28},"end":{"line":137,"column":71}},"59":{"start":{"line":139,"column":57},"end":{"line":139,"column":59}},"60":{"start":{"line":140,"column":31},"end":{"line":140,"column":55}},"61":{"start":{"line":144,"column":8},"end":{"line":168,"column":17}},"62":{"start":{"line":145,"column":37},"end":{"line":145,"column":55}},"63":{"start":{"line":146,"column":39},"end":{"line":146,"column":69}},"64":{"start":{"line":147,"column":37},"end":{"line":147,"column":56}},"65":{"start":{"line":148,"column":56},"end":{"line":148,"column":101}},"66":{"start":{"line":149,"column":12},"end":{"line":167,"column":13}},"67":{"start":{"line":150,"column":16},"end":{"line":159,"column":17}},"68":{"start":{"line":151,"column":37},"end":{"line":151,"column":106}},"69":{"start":{"line":152,"column":20},"end":{"line":154,"column":67}},"70":{"start":{"line":156,"column":20},"end":{"line":158,"column":125}},"71":{"start":{"line":161,"column":16},"end":{"line":166,"column":17}},"72":{"start":{"line":162,"column":37},"end":{"line":162,"column":142}},"73":{"start":{"line":163,"column":20},"end":{"line":163,"column":84}},"74":{"start":{"line":165,"column":20},"end":{"line":165,"column":139}},"75":{"start":{"line":170,"column":47},"end":{"line":170,"column":51}},"76":{"start":{"line":171,"column":8},"end":{"line":176,"column":9}},"77":{"start":{"line":172,"column":31},"end":{"line":172,"column":65}},"78":{"start":{"line":173,"column":12},"end":{"line":174,"column":88}},"79":{"start":{"line":175,"column":12},"end":{"line":175,"column":42}},"80":{"start":{"line":177,"column":8},"end":{"line":177,"column":31}},"81":{"start":{"line":179,"column":0},"end":{"line":179,"column":1}},"82":{"start":{"line":36,"column":0},"end":{"line":179,"column":1}},"83":{"start":{"line":38,"column":18},"end":{"line":41,"column":6}}},"fnMap":{"0":{"name":"(anonymous_2)","decl":{"start":{"line":14,"column":0},"end":{"line":14,"column":11}},"loc":{"start":{"line":14,"column":17},"end":{"line":16,"column":1}}},"1":{"name":"(anonymous_3)","decl":{"start":{"line":36,"column":0},"end":{"line":null,"column":-1}},"loc":{"start":{"line":36,"column":0},"end":{"line":36,"column":-1}}},"2":{"name":"(anonymous_5)","decl":{"start":{"line":43,"column":4},"end":{"line":null,"column":-1}},"loc":{"start":{"line":43,"column":4},"end":{"line":49,"column":5}}},"3":{"name":"(anonymous_6)","decl":{"start":{"line":51,"column":4},"end":{"line":51,"column":32}},"loc":{"start":{"line":51,"column":59},"end":{"line":53,"column":5}}},"4":{"name":"(anonymous_7)","decl":{"start":{"line":55,"column":4},"end":{"line":null,"column":-1}},"loc":{"start":{"line":55,"column":4},"end":{"line":57,"column":5}}},"5":{"name":"(anonymous_8)","decl":{"start":{"line":59,"column":4},"end":{"line":59,"column":36}},"loc":{"start":{"line":59,"column":61},"end":{"line":61,"column":5}}},"6":{"name":"(anonymous_9)","decl":{"start":{"line":63,"column":4},"end":{"line":null,"column":-1}},"loc":{"start":{"line":63,"column":4},"end":{"line":75,"column":5}}},"7":{"name":"(anonymous_10)","decl":{"start":{"line":77,"column":4},"end":{"line":null,"column":-1}},"loc":{"start":{"line":77,"column":4},"end":{"line":79,"column":5}}},"8":{"name":"(anonymous_11)","decl":{"start":{"line":81,"column":4},"end":{"line":null,"column":-1}},"loc":{"start":{"line":81,"column":4},"end":{"line":87,"column":5}}},"9":{"name":"(anonymous_12)","decl":{"start":{"line":89,"column":4},"end":{"line":null,"column":-1}},"loc":{"start":{"line":89,"column":4},"end":{"line":91,"column":5}}},"10":{"name":"(anonymous_13)","decl":{"start":{"line":93,"column":4},"end":{"line":null,"column":-1}},"loc":{"start":{"line":93,"column":4},"end":{"line":107,"column":5}}},"11":{"name":"(anonymous_14)","decl":{"start":{"line":109,"column":4},"end":{"line":null,"column":-1}},"loc":{"start":{"line":109,"column":4},"end":{"line":111,"column":5}}},"12":{"name":"(anonymous_15)","decl":{"start":{"line":115,"column":4},"end":{"line":null,"column":-1}},"loc":{"start":{"line":115,"column":4},"end":{"line":117,"column":5}}},"13":{"name":"(anonymous_16)","decl":{"start":{"line":119,"column":4},"end":{"line":null,"column":-1}},"loc":{"start":{"line":119,"column":4},"end":{"line":121,"column":5}}},"14":{"name":"(anonymous_17)","decl":{"start":{"line":123,"column":4},"end":{"line":123,"column":26}},"loc":{"start":{"line":123,"column":52},"end":{"line":125,"column":5}}},"15":{"name":"(anonymous_18)","decl":{"start":{"line":127,"column":4},"end":{"line":null,"column":-1}},"loc":{"start":{"line":127,"column":4},"end":{"line":129,"column":5}}},"16":{"name":"(anonymous_19)","decl":{"start":{"line":131,"column":4},"end":{"line":131,"column":28}},"loc":{"start":{"line":131,"column":93},"end":{"line":178,"column":5}}},"17":{"name":"(anonymous_20)","decl":{"start":{"line":144,"column":38},"end":{"line":144,"column":38}},"loc":{"start":{"line":144,"column":73},"end":{"line":168,"column":9}}}},"branchMap":{"0":{"loc":{"start":{"line":14,"column":12},"end":{"line":14,"column":17}},"type":"binary-expr","locations":[{"start":{"line":14,"column":12},"end":{"line":14,"column":17}},{"start":{"line":14,"column":12},"end":{"line":14,"column":17}}]},"1":{"loc":{"start":{"line":65,"column":8},"end":{"line":69,"column":9}},"type":"if","locations":[{"start":{"line":65,"column":8},"end":{"line":69,"column":9}},{"start":{"line":65,"column":8},"end":{"line":69,"column":9}}]},"2":{"loc":{"start":{"line":70,"column":8},"end":{"line":73,"column":9}},"type":"if","locations":[{"start":{"line":70,"column":8},"end":{"line":73,"column":9}},{"start":{"line":70,"column":8},"end":{"line":73,"column":9}}]},"3":{"loc":{"start":{"line":78,"column":15},"end":{"line":78,"column":33}},"type":"binary-expr","locations":[{"start":{"line":78,"column":15},"end":{"line":78,"column":33}},{"start":{"line":78,"column":37},"end":{"line":78,"column":57}}]},"4":{"loc":{"start":{"line":82,"column":8},"end":{"line":86,"column":9}},"type":"if","locations":[{"start":{"line":82,"column":8},"end":{"line":86,"column":9}},{"start":{"line":82,"column":8},"end":{"line":86,"column":9}}]},"5":{"loc":{"start":{"line":82,"column":12},"end":{"line":82,"column":45}},"type":"binary-expr","locations":[{"start":{"line":82,"column":12},"end":{"line":82,"column":45}},{"start":{"line":82,"column":49},"end":{"line":82,"column":68}}]},"6":{"loc":{"start":{"line":95,"column":8},"end":{"line":101,"column":9}},"type":"if","locations":[{"start":{"line":95,"column":8},"end":{"line":101,"column":9}},{"start":{"line":95,"column":8},"end":{"line":101,"column":9}}]},"7":{"loc":{"start":{"line":97,"column":15},"end":{"line":101,"column":9}},"type":"if","locations":[{"start":{"line":97,"column":15},"end":{"line":101,"column":9}},{"start":{"line":97,"column":15},"end":{"line":101,"column":9}}]},"8":{"loc":{"start":{"line":133,"column":8},"end":{"line":135,"column":9}},"type":"if","locations":[{"start":{"line":133,"column":8},"end":{"line":135,"column":9}},{"start":{"line":133,"column":8},"end":{"line":135,"column":9}}]},"9":{"loc":{"start":{"line":133,"column":12},"end":{"line":133,"column":16}},"type":"binary-expr","locations":[{"start":{"line":133,"column":12},"end":{"line":133,"column":16}},{"start":{"line":133,"column":20},"end":{"line":133,"column":37}}]},"10":{"loc":{"start":{"line":136,"column":46},"end":{"line":136,"column":78}},"type":"cond-expr","locations":[{"start":{"line":136,"column":46},"end":{"line":136,"column":78}},{"start":{"line":136,"column":81},"end":{"line":136,"column":99}}]},"11":{"loc":{"start":{"line":140,"column":40},"end":{"line":140,"column":50}},"type":"cond-expr","locations":[{"start":{"line":140,"column":40},"end":{"line":140,"column":50}},{"start":{"line":140,"column":53},"end":{"line":140,"column":55}}]},"12":{"loc":{"start":{"line":149,"column":12},"end":{"line":167,"column":13}},"type":"if","locations":[{"start":{"line":149,"column":12},"end":{"line":167,"column":13}},{"start":{"line":149,"column":12},"end":{"line":167,"column":13}}]},"13":{"loc":{"start":{"line":150,"column":16},"end":{"line":159,"column":17}},"type":"if","locations":[{"start":{"line":150,"column":16},"end":{"line":159,"column":17}},{"start":{"line":150,"column":16},"end":{"line":159,"column":17}}]},"14":{"loc":{"start":{"line":161,"column":16},"end":{"line":166,"column":17}},"type":"if","locations":[{"start":{"line":161,"column":16},"end":{"line":166,"column":17}},{"start":{"line":161,"column":16},"end":{"line":166,"column":17}}]},"15":{"loc":{"start":{"line":171,"column":8},"end":{"line":176,"column":9}},"type":"if","locations":[{"start":{"line":171,"column":8},"end":{"line":176,"column":9}},{"start":{"line":171,"column":8},"end":{"line":176,"column":9}}]}},"s":{"0":1,"1":1,"2":1,"3":1,"4":1,"5":1,"6":1,"7":1,"8":1,"9":1,"10":1,"11":1,"12":1,"13":1,"14":32,"15":1,"16":1,"17":1,"18":32,"19":1,"20":1,"21":1,"22":33,"23":25,"24":8,"25":33,"26":32,"27":32,"28":1,"29":52,"30":1,"31":78,"32":46,"33":32,"34":1,"35":2,"36":1,"37":32,"38":2,"39":30,"40":21,"41":9,"42":11,"43":1,"44":9,"45":1,"46":23,"47":1,"48":9,"49":1,"50":30,"51":1,"52":25,"53":1,"54":10,"55":10,"56":0,"57":10,"58":10,"59":10,"60":10,"61":10,"62":9,"63":9,"64":9,"65":9,"66":9,"67":2,"68":1,"69":1,"70":1,"71":7,"72":5,"73":5,"74":2,"75":10,"76":10,"77":1,"78":1,"79":1,"80":10,"81":1,"82":1,"83":1},"f":{"0":1,"1":34,"2":32,"3":1,"4":32,"5":1,"6":33,"7":52,"8":78,"9":2,"10":32,"11":9,"12":23,"13":9,"14":30,"15":25,"16":10,"17":9},"b":{"0":[1,1],"1":[25,8],"2":[32,1],"3":[52,16],"4":[46,32],"5":[78,78],"6":[2,30],"7":[21,9],"8":[0,10],"9":[10,2],"10":[2,8],"11":[2,8],"12":[2,7],"13":[1,1],"14":[5,2],"15":[1,9]}}
,"/Users/stemey/work/projects/aem-react-js/component/RootComponent.tsx": {"path":"/Users/stemey/work/projects/aem-react-js/component/RootComponent.tsx","statementMap":{"0":{"start":{"line":1,"column":0},"end":{"line":1,"column":30}},"1":{"start":{"line":12,"column":0},"end":{"line":12,"column":58}},"2":{"start":{"line":12,"column":43},"end":{"line":12,"column":83}},"3":{"start":{"line":17,"column":11},"end":{"line":21,"column":5}},"4":{"start":{"line":18,"column":8},"end":{"line":20,"column":10}},"5":{"start":{"line":23,"column":11},"end":{"line":26,"column":5}},"6":{"start":{"line":24,"column":30},"end":{"line":24,"column":142}},"7":{"start":{"line":25,"column":8},"end":{"line":25,"column":64}},"8":{"start":{"line":28,"column":0},"end":{"line":28,"column":1}},"9":{"start":{"line":12,"column":0},"end":{"line":28,"column":1}},"10":{"start":{"line":13,"column":18},"end":{"line":15,"column":6}}},"fnMap":{"0":{"name":"(anonymous_2)","decl":{"start":{"line":12,"column":0},"end":{"line":null,"column":-1}},"loc":{"start":{"line":12,"column":0},"end":{"line":12,"column":-1}}},"1":{"name":"(anonymous_4)","decl":{"start":{"line":17,"column":4},"end":{"line":null,"column":-1}},"loc":{"start":{"line":17,"column":4},"end":{"line":21,"column":5}}},"2":{"name":"(anonymous_5)","decl":{"start":{"line":23,"column":4},"end":{"line":null,"column":-1}},"loc":{"start":{"line":23,"column":4},"end":{"line":26,"column":5}}}},"branchMap":{},"s":{"0":1,"1":1,"2":1,"3":1,"4":23,"5":1,"6":23,"7":23,"8":1,"9":1,"10":1},"f":{"0":23,"1":23,"2":23},"b":{}}
,"/Users/stemey/work/projects/aem-react-js/component/VanillaInclude.tsx": {"path":"/Users/stemey/work/projects/aem-react-js/component/VanillaInclude.tsx","statementMap":{"0":{"start":{"line":1,"column":0},"end":{"line":1,"column":30}},"1":{"start":{"line":2,"column":0},"end":{"line":2,"column":41}},"2":{"start":{"line":9,"column":0},"end":{"line":9,"column":56}},"3":{"start":{"line":9,"column":44},"end":{"line":9,"column":75}},"4":{"start":{"line":11,"column":11},"end":{"line":14,"column":5}},"5":{"start":{"line":12,"column":53},"end":{"line":12,"column":111}},"6":{"start":{"line":13,"column":8},"end":{"line":13,"column":76}},"7":{"start":{"line":16,"column":0},"end":{"line":16,"column":1}},"8":{"start":{"line":9,"column":0},"end":{"line":16,"column":1}}},"fnMap":{"0":{"name":"(anonymous_2)","decl":{"start":{"line":9,"column":0},"end":{"line":null,"column":-1}},"loc":{"start":{"line":9,"column":0},"end":{"line":9,"column":-1}}},"1":{"name":"(anonymous_4)","decl":{"start":{"line":11,"column":4},"end":{"line":null,"column":-1}},"loc":{"start":{"line":11,"column":4},"end":{"line":14,"column":5}}}},"branchMap":{},"s":{"0":1,"1":1,"2":1,"3":1,"4":1,"5":1,"6":1,"7":1,"8":1},"f":{"0":2,"1":1},"b":{}}
,"/Users/stemey/work/projects/aem-react-js/component/WrapperFactory.tsx": {"path":"/Users/stemey/work/projects/aem-react-js/component/WrapperFactory.tsx","statementMap":{"0":{"start":{"line":1,"column":0},"end":{"line":1,"column":53}},"1":{"start":{"line":2,"column":0},"end":{"line":2,"column":30}},"2":{"start":{"line":13,"column":0},"end":{"line":31,"column":0}},"3":{"start":{"line":20,"column":18},"end":{"line":30,"column":5}},"4":{"start":{"line":21,"column":8},"end":{"line":29,"column":10}},"5":{"start":{"line":21,"column":40},"end":{"line":21,"column":47}},"6":{"start":{"line":26,"column":19},"end":{"line":28,"column":13}},"7":{"start":{"line":27,"column":16},"end":{"line":27,"column":36}},"8":{"start":{"line":29,"column":8},"end":{"line":29,"column":9}},"9":{"start":{"line":31,"column":0},"end":{"line":31,"column":1}},"10":{"start":{"line":13,"column":0},"end":{"line":31,"column":1}},"11":{"start":{"line":33,"column":0},"end":{"line":33,"column":46}},"12":{"start":{"line":33,"column":29},"end":{"line":33,"column":61}},"13":{"start":{"line":42,"column":8},"end":{"line":42,"column":29}},"14":{"start":{"line":43,"column":8},"end":{"line":43,"column":29}},"15":{"start":{"line":37,"column":14},"end":{"line":39,"column":5}},"16":{"start":{"line":38,"column":8},"end":{"line":38,"column":38}},"17":{"start":{"line":46,"column":11},"end":{"line":62,"column":5}},"18":{"start":{"line":46,"column":4},"end":{"line":62,"column":4}},"19":{"start":{"line":48,"column":8},"end":{"line":50,"column":9}},"20":{"start":{"line":49,"column":12},"end":{"line":49,"column":140}},"21":{"start":{"line":51,"column":25},"end":{"line":51,"column":43}},"22":{"start":{"line":52,"column":8},"end":{"line":54,"column":9}},"23":{"start":{"line":53,"column":12},"end":{"line":53,"column":105}},"24":{"start":{"line":53,"column":68},"end":{"line":53,"column":103}},"25":{"start":{"line":56,"column":8},"end":{"line":60,"column":9}},"26":{"start":{"line":57,"column":12},"end":{"line":57,"column":58}},"27":{"start":{"line":59,"column":12},"end":{"line":59,"column":29}},"28":{"start":{"line":61,"column":8},"end":{"line":61,"column":78}},"29":{"start":{"line":64,"column":11},"end":{"line":66,"column":5}},"30":{"start":{"line":65,"column":8},"end":{"line":65,"column":29}},"31":{"start":{"line":67,"column":0},"end":{"line":67,"column":1}},"32":{"start":{"line":33,"column":0},"end":{"line":67,"column":1}}},"fnMap":{"0":{"name":"(anonymous_2)","decl":{"start":{"line":13,"column":0},"end":{"line":null,"column":-1}},"loc":{"start":{"line":13,"column":0},"end":{"line":13,"column":-1}}},"1":{"name":"(anonymous_4)","decl":{"start":{"line":20,"column":4},"end":{"line":20,"column":31}},"loc":{"start":{"line":20,"column":77},"end":{"line":30,"column":5}}},"2":{"name":"(anonymous_5)","decl":{"start":{"line":21,"column":14},"end":{"line":null,"column":-1}},"loc":{"start":{"line":21,"column":14},"end":{"line":21,"column":15}}},"3":{"name":"TheWrapper","decl":{"start":{"line":22,"column":12},"end":{"line":22,"column":23}},"loc":{"start":{"line":22,"column":50},"end":{"line":24,"column":13}}},"4":{"name":"(anonymous_7)","decl":{"start":{"line":26,"column":12},"end":{"line":null,"column":-1}},"loc":{"start":{"line":26,"column":12},"end":{"line":28,"column":13}}},"5":{"name":"(anonymous_8)","decl":{"start":{"line":33,"column":0},"end":{"line":null,"column":-1}},"loc":{"start":{"line":33,"column":0},"end":{"line":33,"column":-1}}},"6":{"name":"Wrapper","decl":{"start":{"line":41,"column":4},"end":{"line":41,"column":22}},"loc":{"start":{"line":41,"column":74},"end":{"line":44,"column":5}}},"7":{"name":"(anonymous_10)","decl":{"start":{"line":37,"column":4},"end":{"line":null,"column":-1}},"loc":{"start":{"line":37,"column":4},"end":{"line":39,"column":5}}},"8":{"name":"(anonymous_11)","decl":{"start":{"line":46,"column":4},"end":{"line":null,"column":-1}},"loc":{"start":{"line":46,"column":4},"end":{"line":62,"column":5}}},"9":{"name":"(anonymous_12)","decl":{"start":{"line":53,"column":51},"end":{"line":53,"column":51}},"loc":{"start":{"line":53,"column":63},"end":{"line":53,"column":103}}},"10":{"name":"(anonymous_13)","decl":{"start":{"line":64,"column":4},"end":{"line":null,"column":-1}},"loc":{"start":{"line":64,"column":4},"end":{"line":66,"column":5}}}},"branchMap":{"0":{"loc":{"start":{"line":23,"column":16},"end":{"line":23,"column":45}},"type":"binary-expr","locations":[{"start":{"line":23,"column":16},"end":{"line":23,"column":45}},{"start":{"line":23,"column":45},"end":{"line":null,"column":-1}}]},"1":{"loc":{"start":{"line":42,"column":8},"end":{"line":42,"column":29}},"type":"binary-expr","locations":[{"start":{"line":42,"column":8},"end":{"line":42,"column":29}},{"start":{"line":42,"column":29},"end":{"line":44,"column":4}}]},"2":{"loc":{"start":{"line":38,"column":15},"end":{"line":38,"column":32}},"type":"binary-expr","locations":[{"start":{"line":38,"column":15},"end":{"line":38,"column":32}},{"start":{"line":38,"column":36},"end":{"line":38,"column":37}}]},"3":{"loc":{"start":{"line":48,"column":8},"end":{"line":50,"column":9}},"type":"if","locations":[{"start":{"line":48,"column":8},"end":{"line":50,"column":9}},{"start":{"line":48,"column":8},"end":{"line":50,"column":9}}]},"4":{"loc":{"start":{"line":52,"column":8},"end":{"line":54,"column":9}},"type":"if","locations":[{"start":{"line":52,"column":8},"end":{"line":54,"column":9}},{"start":{"line":52,"column":8},"end":{"line":54,"column":9}}]},"5":{"loc":{"start":{"line":56,"column":8},"end":{"line":60,"column":9}},"type":"if","locations":[{"start":{"line":56,"column":8},"end":{"line":60,"column":9}},{"start":{"line":56,"column":8},"end":{"line":60,"column":9}}]}},"s":{"0":1,"1":1,"2":1,"3":1,"4":7,"5":7,"6":7,"7":2,"8":7,"9":1,"10":1,"11":1,"12":1,"13":5,"14":5,"15":1,"16":5,"17":1,"18":5,"19":5,"20":1,"21":5,"22":5,"23":1,"24":1,"25":5,"26":1,"27":4,"28":5,"29":1,"30":5,"31":1,"32":1},"f":{"0":1,"1":7,"2":7,"3":5,"4":2,"5":1,"6":5,"7":5,"8":5,"9":1,"10":5},"b":{"0":[5,0],"1":[5,0],"2":[5,5],"3":[1,4],"4":[1,4],"5":[1,4]}}
,"/Users/stemey/work/projects/aem-react-js/di/Container.tsx": {"path":"/Users/stemey/work/projects/aem-react-js/di/Container.tsx","statementMap":{"0":{"start":{"line":2,"column":0},"end":{"line":2,"column":41}},"1":{"start":{"line":11,"column":0},"end":{"line":92,"column":0}},"2":{"start":{"line":17,"column":8},"end":{"line":17,"column":27}},"3":{"start":{"line":18,"column":8},"end":{"line":22,"column":9}},"4":{"start":{"line":19,"column":12},"end":{"line":19,"column":27}},"5":{"start":{"line":21,"column":12},"end":{"line":21,"column":27}},"6":{"start":{"line":30,"column":11},"end":{"line":32,"column":5}},"7":{"start":{"line":31,"column":8},"end":{"line":31,"column":38}},"8":{"start":{"line":39,"column":11},"end":{"line":41,"column":5}},"9":{"start":{"line":40,"column":8},"end":{"line":40,"column":35}},"10":{"start":{"line":48,"column":11},"end":{"line":52,"column":5}},"11":{"start":{"line":48,"column":4},"end":{"line":52,"column":4}},"12":{"start":{"line":49,"column":8},"end":{"line":51,"column":11}},"13":{"start":{"line":50,"column":12},"end":{"line":50,"column":49}},"14":{"start":{"line":59,"column":11},"end":{"line":63,"column":5}},"15":{"start":{"line":59,"column":4},"end":{"line":63,"column":4}},"16":{"start":{"line":60,"column":8},"end":{"line":62,"column":11}},"17":{"start":{"line":61,"column":12},"end":{"line":61,"column":56}},"18":{"start":{"line":70,"column":11},"end":{"line":74,"column":5}},"19":{"start":{"line":70,"column":4},"end":{"line":74,"column":4}},"20":{"start":{"line":71,"column":8},"end":{"line":73,"column":11}},"21":{"start":{"line":72,"column":12},"end":{"line":72,"column":57}},"22":{"start":{"line":76,"column":12},"end":{"line":78,"column":5}},"23":{"start":{"line":77,"column":8},"end":{"line":77,"column":81}},"24":{"start":{"line":80,"column":12},"end":{"line":89,"column":5}},"25":{"start":{"line":81,"column":26},"end":{"line":81,"column":28}},"26":{"start":{"line":82,"column":8},"end":{"line":87,"column":9}},"27":{"start":{"line":83,"column":12},"end":{"line":85,"column":13}},"28":{"start":{"line":84,"column":16},"end":{"line":84,"column":27}},"29":{"start":{"line":86,"column":12},"end":{"line":86,"column":29}},"30":{"start":{"line":88,"column":8},"end":{"line":88,"column":19}},"31":{"start":{"line":92,"column":0},"end":{"line":92,"column":1}},"32":{"start":{"line":11,"column":0},"end":{"line":92,"column":1}}},"fnMap":{"0":{"name":"(anonymous_0)","decl":{"start":{"line":11,"column":0},"end":{"line":null,"column":-1}},"loc":{"start":{"line":11,"column":0},"end":{"line":11,"column":-1}}},"1":{"name":"Container","decl":{"start":{"line":16,"column":4},"end":{"line":16,"column":15}},"loc":{"start":{"line":16,"column":23},"end":{"line":23,"column":5}}},"2":{"name":"(anonymous_2)","decl":{"start":{"line":30,"column":4},"end":{"line":30,"column":19}},"loc":{"start":{"line":30,"column":46},"end":{"line":32,"column":5}}},"3":{"name":"(anonymous_3)","decl":{"start":{"line":39,"column":4},"end":{"line":39,"column":14}},"loc":{"start":{"line":39,"column":27},"end":{"line":41,"column":5}}},"4":{"name":"(anonymous_4)","decl":{"start":{"line":48,"column":4},"end":{"line":48,"column":25}},"loc":{"start":{"line":48,"column":38},"end":{"line":52,"column":5}}},"5":{"name":"(anonymous_5)","decl":{"start":{"line":49,"column":47},"end":{"line":null,"column":-1}},"loc":{"start":{"line":49,"column":47},"end":{"line":51,"column":9}}},"6":{"name":"(anonymous_6)","decl":{"start":{"line":59,"column":4},"end":{"line":59,"column":26}},"loc":{"start":{"line":59,"column":53},"end":{"line":63,"column":5}}},"7":{"name":"(anonymous_7)","decl":{"start":{"line":60,"column":47},"end":{"line":null,"column":-1}},"loc":{"start":{"line":60,"column":47},"end":{"line":62,"column":9}}},"8":{"name":"(anonymous_8)","decl":{"start":{"line":70,"column":4},"end":{"line":70,"column":27}},"loc":{"start":{"line":70,"column":54},"end":{"line":74,"column":5}}},"9":{"name":"(anonymous_9)","decl":{"start":{"line":71,"column":47},"end":{"line":null,"column":-1}},"loc":{"start":{"line":71,"column":47},"end":{"line":73,"column":9}}},"10":{"name":"(anonymous_10)","decl":{"start":{"line":76,"column":4},"end":{"line":76,"column":27}},"loc":{"start":{"line":76,"column":63},"end":{"line":78,"column":5}}},"11":{"name":"(anonymous_11)","decl":{"start":{"line":80,"column":4},"end":{"line":80,"column":21}},"loc":{"start":{"line":80,"column":40},"end":{"line":89,"column":5}}}},"branchMap":{"0":{"loc":{"start":{"line":18,"column":8},"end":{"line":22,"column":9}},"type":"if","locations":[{"start":{"line":18,"column":8},"end":{"line":22,"column":9}},{"start":{"line":18,"column":8},"end":{"line":22,"column":9}}]},"1":{"loc":{"start":{"line":83,"column":12},"end":{"line":85,"column":13}},"type":"if","locations":[{"start":{"line":83,"column":12},"end":{"line":85,"column":13}},{"start":{"line":83,"column":12},"end":{"line":85,"column":13}}]}},"s":{"0":1,"1":1,"2":12,"3":12,"4":0,"5":12,"6":1,"7":32,"8":1,"9":68,"10":1,"11":1,"12":1,"13":1,"14":1,"15":1,"16":1,"17":1,"18":1,"19":1,"20":1,"21":1,"22":1,"23":3,"24":1,"25":3,"26":3,"27":5,"28":2,"29":5,"30":3,"31":1,"32":1},"f":{"0":1,"1":12,"2":32,"3":68,"4":1,"5":1,"6":1,"7":1,"8":1,"9":1,"10":3,"11":3},"b":{"0":[0,12],"1":[2,3]}}
,"/Users/stemey/work/projects/aem-react-js/di/ServiceProxy.tsx": {"path":"/Users/stemey/work/projects/aem-react-js/di/ServiceProxy.tsx","statementMap":{"0":{"start":{"line":10,"column":0},"end":{"line":40,"column":0}},"1":{"start":{"line":12,"column":8},"end":{"line":12,"column":27}},"2":{"start":{"line":13,"column":8},"end":{"line":13,"column":31}},"3":{"start":{"line":14,"column":8},"end":{"line":14,"column":25}},"4":{"start":{"line":28,"column":11},"end":{"line":38,"column":5}},"5":{"start":{"line":28,"column":4},"end":{"line":38,"column":4}},"6":{"start":{"line":28,"column":34},"end":{"line":28,"column":47}},"7":{"start":{"line":28,"column":34},"end":{"line":28,"column":48}},"8":{"start":{"line":29,"column":31},"end":{"line":29,"column":90}},"9":{"start":{"line":30,"column":8},"end":{"line":37,"column":11}},"10":{"start":{"line":31,"column":35},"end":{"line":31,"column":49}},"11":{"start":{"line":32,"column":30},"end":{"line":32,"column":58}},"12":{"start":{"line":33,"column":12},"end":{"line":35,"column":13}},"13":{"start":{"line":34,"column":16},"end":{"line":34,"column":28}},"14":{"start":{"line":36,"column":12},"end":{"line":36,"column":38}},"15":{"start":{"line":40,"column":0},"end":{"line":40,"column":1}},"16":{"start":{"line":10,"column":0},"end":{"line":40,"column":1}}},"fnMap":{"0":{"name":"(anonymous_0)","decl":{"start":{"line":10,"column":0},"end":{"line":null,"column":-1}},"loc":{"start":{"line":10,"column":0},"end":{"line":10,"column":-1}}},"1":{"name":"ServiceProxy","decl":{"start":{"line":11,"column":4},"end":{"line":11,"column":15}},"loc":{"start":{"line":11,"column":62},"end":{"line":15,"column":5}}},"2":{"name":"(anonymous_2)","decl":{"start":{"line":28,"column":4},"end":{"line":28,"column":17}},"loc":{"start":{"line":28,"column":32},"end":{"line":38,"column":5}}},"3":{"name":"(anonymous_3)","decl":{"start":{"line":30,"column":52},"end":{"line":null,"column":-1}},"loc":{"start":{"line":30,"column":52},"end":{"line":37,"column":9}}}},"branchMap":{"0":{"loc":{"start":{"line":33,"column":12},"end":{"line":35,"column":13}},"type":"if","locations":[{"start":{"line":33,"column":12},"end":{"line":35,"column":13}},{"start":{"line":33,"column":12},"end":{"line":35,"column":13}}]}},"s":{"0":1,"1":6,"2":6,"3":6,"4":1,"5":6,"6":6,"7":9,"8":6,"9":6,"10":6,"11":6,"12":5,"13":1,"14":4,"15":1,"16":1},"f":{"0":1,"1":6,"2":6,"3":6},"b":{"0":[1,4]}}
,"/Users/stemey/work/projects/aem-react-js/router/AemLink.tsx": {"path":"/Users/stemey/work/projects/aem-react-js/router/AemLink.tsx","statementMap":{"0":{"start":{"line":1,"column":0},"end":{"line":1,"column":30}},"1":{"start":{"line":2,"column":0},"end":{"line":2,"column":33}},"2":{"start":{"line":8,"column":0},"end":{"line":8,"column":52}},"3":{"start":{"line":8,"column":37},"end":{"line":8,"column":69}},"4":{"start":{"line":24,"column":11},"end":{"line":26,"column":5}},"5":{"start":{"line":25,"column":8},"end":{"line":25,"column":76}},"6":{"start":{"line":28,"column":14},"end":{"line":30,"column":5}},"7":{"start":{"line":29,"column":8},"end":{"line":29,"column":68}},"8":{"start":{"line":32,"column":11},"end":{"line":43,"column":5}},"9":{"start":{"line":33,"column":26},"end":{"line":33,"column":45}},"10":{"start":{"line":34,"column":22},"end":{"line":34,"column":93}},"11":{"start":{"line":35,"column":55},"end":{"line":35,"column":92}},"12":{"start":{"line":36,"column":8},"end":{"line":38,"column":9}},"13":{"start":{"line":37,"column":12},"end":{"line":37,"column":35}},"14":{"start":{"line":39,"column":8},"end":{"line":41,"column":9}},"15":{"start":{"line":40,"column":12},"end":{"line":40,"column":35}},"16":{"start":{"line":45,"column":11},"end":{"line":54,"column":5}},"17":{"start":{"line":45,"column":4},"end":{"line":54,"column":4}},"18":{"start":{"line":46,"column":27},"end":{"line":46,"column":37}},"19":{"start":{"line":47,"column":26},"end":{"line":49,"column":9}},"20":{"start":{"line":48,"column":12},"end":{"line":48,"column":36}},"21":{"start":{"line":50,"column":8},"end":{"line":52,"column":10}},"22":{"start":{"line":56,"column":0},"end":{"line":56,"column":1}},"23":{"start":{"line":8,"column":0},"end":{"line":56,"column":1}},"24":{"start":{"line":10,"column":18},"end":{"line":15,"column":6}}},"fnMap":{"0":{"name":"(anonymous_3)","decl":{"start":{"line":8,"column":0},"end":{"line":null,"column":-1}},"loc":{"start":{"line":8,"column":0},"end":{"line":8,"column":-1}}},"1":{"name":"(anonymous_5)","decl":{"start":{"line":24,"column":4},"end":{"line":null,"column":-1}},"loc":{"start":{"line":24,"column":4},"end":{"line":26,"column":5}}},"2":{"name":"(anonymous_6)","decl":{"start":{"line":28,"column":4},"end":{"line":28,"column":25}},"loc":{"start":{"line":28,"column":82},"end":{"line":30,"column":5}}},"3":{"name":"(anonymous_7)","decl":{"start":{"line":32,"column":4},"end":{"line":32,"column":22}},"loc":{"start":{"line":32,"column":33},"end":{"line":43,"column":5}}},"4":{"name":"(anonymous_8)","decl":{"start":{"line":45,"column":4},"end":{"line":null,"column":-1}},"loc":{"start":{"line":45,"column":4},"end":{"line":54,"column":5}}},"5":{"name":"(anonymous_9)","decl":{"start":{"line":47,"column":26},"end":{"line":47,"column":26}},"loc":{"start":{"line":47,"column":37},"end":{"line":49,"column":9}}}},"branchMap":{"0":{"loc":{"start":{"line":25,"column":15},"end":{"line":25,"column":36}},"type":"binary-expr","locations":[{"start":{"line":25,"column":15},"end":{"line":25,"column":36}},{"start":{"line":25,"column":40},"end":{"line":25,"column":75}}]},"1":{"loc":{"start":{"line":36,"column":8},"end":{"line":38,"column":9}},"type":"if","locations":[{"start":{"line":36,"column":8},"end":{"line":38,"column":9}},{"start":{"line":36,"column":8},"end":{"line":38,"column":9}}]},"2":{"loc":{"start":{"line":36,"column":12},"end":{"line":36,"column":18}},"type":"binary-expr","locations":[{"start":{"line":36,"column":12},"end":{"line":36,"column":18}},{"start":{"line":36,"column":22},"end":{"line":36,"column":63}}]},"3":{"loc":{"start":{"line":39,"column":8},"end":{"line":41,"column":9}},"type":"if","locations":[{"start":{"line":39,"column":8},"end":{"line":41,"column":9}},{"start":{"line":39,"column":8},"end":{"line":41,"column":9}}]}},"s":{"0":1,"1":1,"2":1,"3":1,"4":1,"5":1,"6":1,"7":0,"8":1,"9":1,"10":1,"11":1,"12":1,"13":0,"14":1,"15":0,"16":1,"17":3,"18":3,"19":3,"20":1,"21":3,"22":1,"23":1,"24":1},"f":{"0":4,"1":1,"2":0,"3":1,"4":3,"5":1},"b":{"0":[1,1],"1":[0,1],"2":[1,1],"3":[0,1]}}
,"/Users/stemey/work/projects/aem-react-js/router/ResourceMappingImpl.tsx": {"path":"/Users/stemey/work/projects/aem-react-js/router/ResourceMappingImpl.tsx","statementMap":{"0":{"start":{"line":7,"column":0},"end":{"line":25,"column":0}},"1":{"start":{"line":15,"column":12},"end":{"line":15,"column":40}},"2":{"start":{"line":10,"column":8},"end":{"line":12,"column":9}},"3":{"start":{"line":11,"column":12},"end":{"line":11,"column":39}},"4":{"start":{"line":17,"column":11},"end":{"line":19,"column":5}},"5":{"start":{"line":18,"column":8},"end":{"line":18,"column":70}},"6":{"start":{"line":21,"column":11},"end":{"line":23,"column":5}},"7":{"start":{"line":22,"column":8},"end":{"line":22,"column":37}},"8":{"start":{"line":25,"column":0},"end":{"line":25,"column":1}},"9":{"start":{"line":7,"column":0},"end":{"line":25,"column":1}}},"fnMap":{"0":{"name":"(anonymous_0)","decl":{"start":{"line":7,"column":0},"end":{"line":null,"column":-1}},"loc":{"start":{"line":7,"column":0},"end":{"line":7,"column":-1}}},"1":{"name":"ResourceMappingImpl","decl":{"start":{"line":9,"column":4},"end":{"line":9,"column":15}},"loc":{"start":{"line":9,"column":34},"end":{"line":13,"column":5}}},"2":{"name":"(anonymous_2)","decl":{"start":{"line":17,"column":4},"end":{"line":17,"column":18}},"loc":{"start":{"line":17,"column":31},"end":{"line":19,"column":5}}},"3":{"name":"(anonymous_3)","decl":{"start":{"line":21,"column":4},"end":{"line":21,"column":14}},"loc":{"start":{"line":21,"column":27},"end":{"line":23,"column":5}}}},"branchMap":{"0":{"loc":{"start":{"line":10,"column":8},"end":{"line":12,"column":9}},"type":"if","locations":[{"start":{"line":10,"column":8},"end":{"line":12,"column":9}},{"start":{"line":10,"column":8},"end":{"line":12,"column":9}}]}},"s":{"0":1,"1":1,"2":1,"3":0,"4":1,"5":2,"6":1,"7":0,"8":1,"9":1},"f":{"0":1,"1":1,"2":2,"3":0},"b":{"0":[0,1]}}
,"/Users/stemey/work/projects/aem-react-js/router/ResourceRoute.tsx": {"path":"/Users/stemey/work/projects/aem-react-js/router/ResourceRoute.tsx","statementMap":{"0":{"start":{"line":1,"column":0},"end":{"line":1,"column":30}},"1":{"start":{"line":2,"column":0},"end":{"line":2,"column":52}},"2":{"start":{"line":3,"column":0},"end":{"line":3,"column":59}},"3":{"start":{"line":16,"column":0},"end":{"line":16,"column":55}},"4":{"start":{"line":16,"column":43},"end":{"line":16,"column":80}},"5":{"start":{"line":18,"column":11},"end":{"line":28,"column":5}},"6":{"start":{"line":19,"column":31},"end":{"line":19,"column":86}},"7":{"start":{"line":20,"column":47},"end":{"line":20,"column":103}},"8":{"start":{"line":21,"column":8},"end":{"line":21,"column":53}},"9":{"start":{"line":24,"column":35},"end":{"line":24,"column":98}},"10":{"start":{"line":25,"column":27},"end":{"line":25,"column":74}},"11":{"start":{"line":26,"column":8},"end":{"line":26,"column":85}},"12":{"start":{"line":29,"column":0},"end":{"line":29,"column":1}},"13":{"start":{"line":16,"column":0},"end":{"line":29,"column":1}}},"fnMap":{"0":{"name":"(anonymous_2)","decl":{"start":{"line":16,"column":0},"end":{"line":null,"column":-1}},"loc":{"start":{"line":16,"column":0},"end":{"line":16,"column":-1}}},"1":{"name":"(anonymous_4)","decl":{"start":{"line":18,"column":4},"end":{"line":null,"column":-1}},"loc":{"start":{"line":18,"column":4},"end":{"line":28,"column":5}}}},"branchMap":{},"s":{"0":1,"1":1,"2":1,"3":1,"4":1,"5":1,"6":2,"7":2,"8":2,"9":2,"10":2,"11":2,"12":1,"13":1},"f":{"0":3,"1":2},"b":{}}
,"/Users/stemey/work/projects/aem-react-js/store/Cache.tsx": {"path":"/Users/stemey/work/projects/aem-react-js/store/Cache.tsx","statementMap":{"0":{"start":{"line":1,"column":0},"end":{"line":1,"column":44}},"1":{"start":{"line":11,"column":0},"end":{"line":153,"column":0}},"2":{"start":{"line":14,"column":8},"end":{"line":14,"column":28}},"3":{"start":{"line":15,"column":8},"end":{"line":15,"column":26}},"4":{"start":{"line":16,"column":8},"end":{"line":16,"column":27}},"5":{"start":{"line":17,"column":8},"end":{"line":17,"column":31}},"6":{"start":{"line":25,"column":11},"end":{"line":35,"column":5}},"7":{"start":{"line":26,"column":31},"end":{"line":26,"column":59}},"8":{"start":{"line":27,"column":8},"end":{"line":32,"column":9}},"9":{"start":{"line":28,"column":12},"end":{"line":28,"column":37}},"10":{"start":{"line":29,"column":12},"end":{"line":31,"column":13}},"11":{"start":{"line":30,"column":16},"end":{"line":30,"column":32}},"12":{"start":{"line":33,"column":8},"end":{"line":33,"column":24}},"13":{"start":{"line":34,"column":8},"end":{"line":34,"column":24}},"14":{"start":{"line":37,"column":11},"end":{"line":44,"column":5}},"15":{"start":{"line":38,"column":24},"end":{"line":38,"column":53}},"16":{"start":{"line":39,"column":8},"end":{"line":42,"column":9}},"17":{"start":{"line":40,"column":12},"end":{"line":40,"column":32}},"18":{"start":{"line":41,"column":12},"end":{"line":41,"column":50}},"19":{"start":{"line":43,"column":8},"end":{"line":43,"column":22}},"20":{"start":{"line":46,"column":11},"end":{"line":52,"column":5}},"21":{"start":{"line":46,"column":4},"end":{"line":52,"column":4}},"22":{"start":{"line":47,"column":8},"end":{"line":51,"column":9}},"23":{"start":{"line":48,"column":12},"end":{"line":50,"column":15}},"24":{"start":{"line":49,"column":16},"end":{"line":49,"column":59}},"25":{"start":{"line":54,"column":11},"end":{"line":60,"column":5}},"26":{"start":{"line":55,"column":8},"end":{"line":59,"column":9}},"27":{"start":{"line":56,"column":12},"end":{"line":56,"column":40}},"28":{"start":{"line":58,"column":12},"end":{"line":58,"column":87}},"29":{"start":{"line":62,"column":11},"end":{"line":89,"column":5}},"30":{"start":{"line":63,"column":38},"end":{"line":63,"column":64}},"31":{"start":{"line":64,"column":32},"end":{"line":64,"column":34}},"32":{"start":{"line":65,"column":38},"end":{"line":65,"column":58}},"33":{"start":{"line":66,"column":8},"end":{"line":75,"column":9}},"34":{"start":{"line":67,"column":25},"end":{"line":67,"column":60}},"35":{"start":{"line":68,"column":12},"end":{"line":74,"column":13}},"36":{"start":{"line":69,"column":16},"end":{"line":69,"column":35}},"37":{"start":{"line":70,"column":16},"end":{"line":70,"column":56}},"38":{"start":{"line":71,"column":16},"end":{"line":71,"column":55}},"39":{"start":{"line":73,"column":16},"end":{"line":73,"column":22}},"40":{"start":{"line":77,"column":8},"end":{"line":87,"column":9}},"41":{"start":{"line":78,"column":12},"end":{"line":78,"column":24}},"42":{"start":{"line":79,"column":15},"end":{"line":87,"column":9}},"43":{"start":{"line":80,"column":12},"end":{"line":80,"column":60}},"44":{"start":{"line":81,"column":15},"end":{"line":87,"column":9}},"45":{"start":{"line":82,"column":12},"end":{"line":82,"column":24}},"46":{"start":{"line":83,"column":15},"end":{"line":87,"column":9}},"47":{"start":{"line":84,"column":12},"end":{"line":84,"column":60}},"48":{"start":{"line":86,"column":12},"end":{"line":86,"column":24}},"49":{"start":{"line":91,"column":11},"end":{"line":93,"column":5}},"50":{"start":{"line":92,"column":8},"end":{"line":92,"column":45}},"51":{"start":{"line":95,"column":11},"end":{"line":97,"column":5}},"52":{"start":{"line":96,"column":8},"end":{"line":96,"column":38}},"53":{"start":{"line":99,"column":11},"end":{"line":101,"column":5}},"54":{"start":{"line":100,"column":8},"end":{"line":100,"column":36}},"55":{"start":{"line":103,"column":11},"end":{"line":105,"column":5}},"56":{"start":{"line":104,"column":8},"end":{"line":104,"column":34}},"57":{"start":{"line":107,"column":11},"end":{"line":109,"column":5}},"58":{"start":{"line":108,"column":8},"end":{"line":108,"column":39}},"59":{"start":{"line":111,"column":11},"end":{"line":113,"column":5}},"60":{"start":{"line":112,"column":8},"end":{"line":112,"column":35}},"61":{"start":{"line":115,"column":11},"end":{"line":119,"column":5}},"62":{"start":{"line":116,"column":8},"end":{"line":118,"column":10}},"63":{"start":{"line":121,"column":11},"end":{"line":126,"column":5}},"64":{"start":{"line":122,"column":8},"end":{"line":122,"column":28}},"65":{"start":{"line":123,"column":8},"end":{"line":123,"column":26}},"66":{"start":{"line":124,"column":8},"end":{"line":124,"column":27}},"67":{"start":{"line":125,"column":8},"end":{"line":125,"column":31}},"68":{"start":{"line":128,"column":12},"end":{"line":134,"column":5}},"69":{"start":{"line":129,"column":8},"end":{"line":133,"column":9}},"70":{"start":{"line":130,"column":12},"end":{"line":132,"column":15}},"71":{"start":{"line":131,"column":16},"end":{"line":131,"column":42}},"72":{"start":{"line":136,"column":12},"end":{"line":141,"column":5}},"73":{"start":{"line":137,"column":8},"end":{"line":139,"column":9}},"74":{"start":{"line":138,"column":12},"end":{"line":138,"column":22}},"75":{"start":{"line":140,"column":8},"end":{"line":140,"column":21}},"76":{"start":{"line":143,"column":12},"end":{"line":150,"column":5}},"77":{"start":{"line":144,"column":27},"end":{"line":144,"column":64}},"78":{"start":{"line":145,"column":8},"end":{"line":149,"column":9}},"79":{"start":{"line":146,"column":12},"end":{"line":146,"column":22}},"80":{"start":{"line":148,"column":12},"end":{"line":148,"column":27}},"81":{"start":{"line":153,"column":0},"end":{"line":153,"column":1}},"82":{"start":{"line":11,"column":0},"end":{"line":153,"column":1}}},"fnMap":{"0":{"name":"(anonymous_0)","decl":{"start":{"line":11,"column":0},"end":{"line":null,"column":-1}},"loc":{"start":{"line":11,"column":0},"end":{"line":11,"column":-1}}},"1":{"name":"Cache","decl":{"start":{"line":13,"column":4},"end":{"line":null,"column":-1}},"loc":{"start":{"line":13,"column":4},"end":{"line":18,"column":5}}},"2":{"name":"(anonymous_2)","decl":{"start":{"line":25,"column":4},"end":{"line":25,"column":34}},"loc":{"start":{"line":25,"column":79},"end":{"line":35,"column":5}}},"3":{"name":"(anonymous_3)","decl":{"start":{"line":37,"column":4},"end":{"line":37,"column":29}},"loc":{"start":{"line":37,"column":65},"end":{"line":44,"column":5}}},"4":{"name":"(anonymous_4)","decl":{"start":{"line":46,"column":4},"end":{"line":46,"column":21}},"loc":{"start":{"line":46,"column":32},"end":{"line":52,"column":5}}},"5":{"name":"(anonymous_5)","decl":{"start":{"line":48,"column":73},"end":{"line":48,"column":73}},"loc":{"start":{"line":48,"column":77},"end":{"line":50,"column":13}}},"6":{"name":"(anonymous_6)","decl":{"start":{"line":54,"column":4},"end":{"line":54,"column":14}},"loc":{"start":{"line":54,"column":58},"end":{"line":60,"column":5}}},"7":{"name":"(anonymous_7)","decl":{"start":{"line":62,"column":4},"end":{"line":62,"column":14}},"loc":{"start":{"line":62,"column":43},"end":{"line":89,"column":5}}},"8":{"name":"(anonymous_8)","decl":{"start":{"line":91,"column":4},"end":{"line":91,"column":25}},"loc":{"start":{"line":91,"column":55},"end":{"line":93,"column":5}}},"9":{"name":"(anonymous_9)","decl":{"start":{"line":95,"column":4},"end":{"line":95,"column":25}},"loc":{"start":{"line":95,"column":37},"end":{"line":97,"column":5}}},"10":{"name":"(anonymous_10)","decl":{"start":{"line":99,"column":4},"end":{"line":99,"column":20}},"loc":{"start":{"line":99,"column":57},"end":{"line":101,"column":5}}},"11":{"name":"(anonymous_11)","decl":{"start":{"line":103,"column":4},"end":{"line":103,"column":20}},"loc":{"start":{"line":103,"column":33},"end":{"line":105,"column":5}}},"12":{"name":"(anonymous_12)","decl":{"start":{"line":107,"column":4},"end":{"line":107,"column":22}},"loc":{"start":{"line":107,"column":53},"end":{"line":109,"column":5}}},"13":{"name":"(anonymous_13)","decl":{"start":{"line":111,"column":4},"end":{"line":111,"column":22}},"loc":{"start":{"line":111,"column":35},"end":{"line":113,"column":5}}},"14":{"name":"(anonymous_14)","decl":{"start":{"line":115,"column":4},"end":{"line":null,"column":-1}},"loc":{"start":{"line":115,"column":4},"end":{"line":119,"column":5}}},"15":{"name":"(anonymous_15)","decl":{"start":{"line":121,"column":4},"end":{"line":null,"column":-1}},"loc":{"start":{"line":121,"column":4},"end":{"line":126,"column":5}}},"16":{"name":"(anonymous_16)","decl":{"start":{"line":128,"column":4},"end":{"line":128,"column":17}},"loc":{"start":{"line":128,"column":42},"end":{"line":134,"column":5}}},"17":{"name":"(anonymous_17)","decl":{"start":{"line":130,"column":40},"end":{"line":130,"column":40}},"loc":{"start":{"line":130,"column":52},"end":{"line":132,"column":13}}},"18":{"name":"(anonymous_18)","decl":{"start":{"line":136,"column":4},"end":{"line":136,"column":26}},"loc":{"start":{"line":136,"column":41},"end":{"line":141,"column":5}}},"19":{"name":"(anonymous_19)","decl":{"start":{"line":143,"column":4},"end":{"line":143,"column":23}},"loc":{"start":{"line":143,"column":49},"end":{"line":150,"column":5}}}},"branchMap":{"0":{"loc":{"start":{"line":29,"column":12},"end":{"line":31,"column":13}},"type":"if","locations":[{"start":{"line":29,"column":12},"end":{"line":31,"column":13}},{"start":{"line":29,"column":12},"end":{"line":31,"column":13}}]},"1":{"loc":{"start":{"line":39,"column":8},"end":{"line":42,"column":9}},"type":"if","locations":[{"start":{"line":39,"column":8},"end":{"line":42,"column":9}},{"start":{"line":39,"column":8},"end":{"line":42,"column":9}}]},"2":{"loc":{"start":{"line":47,"column":8},"end":{"line":51,"column":9}},"type":"if","locations":[{"start":{"line":47,"column":8},"end":{"line":51,"column":9}},{"start":{"line":47,"column":8},"end":{"line":51,"column":9}}]},"3":{"loc":{"start":{"line":55,"column":8},"end":{"line":59,"column":9}},"type":"if","locations":[{"start":{"line":55,"column":8},"end":{"line":59,"column":9}},{"start":{"line":55,"column":8},"end":{"line":59,"column":9}}]},"4":{"loc":{"start":{"line":55,"column":12},"end":{"line":55,"column":29}},"type":"binary-expr","locations":[{"start":{"line":55,"column":12},"end":{"line":55,"column":29}},{"start":{"line":55,"column":33},"end":{"line":55,"column":64}}]},"5":{"loc":{"start":{"line":66,"column":15},"end":{"line":66,"column":24}},"type":"binary-expr","locations":[{"start":{"line":66,"column":15},"end":{"line":66,"column":24}},{"start":{"line":66,"column":28},"end":{"line":66,"column":40}}]},"6":{"loc":{"start":{"line":68,"column":12},"end":{"line":74,"column":13}},"type":"if","locations":[{"start":{"line":68,"column":12},"end":{"line":74,"column":13}},{"start":{"line":68,"column":12},"end":{"line":74,"column":13}}]},"7":{"loc":{"start":{"line":77,"column":8},"end":{"line":87,"column":9}},"type":"if","locations":[{"start":{"line":77,"column":8},"end":{"line":87,"column":9}},{"start":{"line":77,"column":8},"end":{"line":87,"column":9}}]},"8":{"loc":{"start":{"line":77,"column":12},"end":{"line":77,"column":43}},"type":"binary-expr","locations":[{"start":{"line":77,"column":12},"end":{"line":77,"column":43}},{"start":{"line":77,"column":47},"end":{"line":77,"column":64}}]},"9":{"loc":{"start":{"line":79,"column":15},"end":{"line":87,"column":9}},"type":"if","locations":[{"start":{"line":79,"column":15},"end":{"line":87,"column":9}},{"start":{"line":79,"column":15},"end":{"line":87,"column":9}}]},"10":{"loc":{"start":{"line":81,"column":15},"end":{"line":87,"column":9}},"type":"if","locations":[{"start":{"line":81,"column":15},"end":{"line":87,"column":9}},{"start":{"line":81,"column":15},"end":{"line":87,"column":9}}]},"11":{"loc":{"start":{"line":83,"column":15},"end":{"line":87,"column":9}},"type":"if","locations":[{"start":{"line":83,"column":15},"end":{"line":87,"column":9}},{"start":{"line":83,"column":15},"end":{"line":87,"column":9}}]},"12":{"loc":{"start":{"line":129,"column":8},"end":{"line":133,"column":9}},"type":"if","locations":[{"start":{"line":129,"column":8},"end":{"line":133,"column":9}},{"start":{"line":129,"column":8},"end":{"line":133,"column":9}}]},"13":{"loc":{"start":{"line":137,"column":8},"end":{"line":139,"column":9}},"type":"if","locations":[{"start":{"line":137,"column":8},"end":{"line":139,"column":9}},{"start":{"line":137,"column":8},"end":{"line":139,"column":9}}]},"14":{"loc":{"start":{"line":137,"column":12},"end":{"line":137,"column":21}},"type":"binary-expr","locations":[{"start":{"line":137,"column":12},"end":{"line":137,"column":21}},{"start":{"line":137,"column":25},"end":{"line":137,"column":39}},{"start":{"line":137,"column":43},"end":{"line":137,"column":71}}]},"15":{"loc":{"start":{"line":145,"column":8},"end":{"line":149,"column":9}},"type":"if","locations":[{"start":{"line":145,"column":8},"end":{"line":149,"column":9}},{"start":{"line":145,"column":8},"end":{"line":149,"column":9}}]},"16":{"loc":{"start":{"line":145,"column":12},"end":{"line":145,"column":42}},"type":"binary-expr","locations":[{"start":{"line":145,"column":12},"end":{"line":145,"column":42}},{"start":{"line":145,"column":46},"end":{"line":145,"column":62}}]}},"s":{"0":1,"1":1,"2":64,"3":64,"4":64,"5":64,"6":1,"7":10,"8":10,"9":17,"10":17,"11":7,"12":10,"13":10,"14":1,"15":7,"16":7,"17":7,"18":6,"19":6,"20":1,"21":6,"22":6,"23":5,"24":20,"25":1,"26":37,"27":1,"28":36,"29":1,"30":52,"31":52,"32":52,"33":52,"34":45,"35":45,"36":38,"37":38,"38":38,"39":7,"40":52,"41":7,"42":45,"43":38,"44":7,"45":2,"46":5,"47":5,"48":0,"49":1,"50":9,"51":1,"52":13,"53":1,"54":6,"55":1,"56":6,"57":1,"58":9,"59":1,"60":10,"61":1,"62":1,"63":1,"64":1,"65":1,"66":1,"67":1,"68":1,"69":20,"70":11,"71":3,"72":1,"73":88,"74":37,"75":51,"76":1,"77":43,"78":43,"79":2,"80":41,"81":1,"82":1},"f":{"0":1,"1":64,"2":10,"3":7,"4":6,"5":20,"6":37,"7":52,"8":9,"9":13,"10":6,"11":6,"12":9,"13":10,"14":1,"15":1,"16":20,"17":3,"18":88,"19":43},"b":{"0":[7,10],"1":[7,0],"2":[5,1],"3":[1,36],"4":[37,36],"5":[90,45],"6":[38,7],"7":[7,45],"8":[52,45],"9":[38,7],"10":[2,5],"11":[5,0],"12":[11,9],"13":[37,51],"14":[88,86,86],"15":[2,41],"16":[43,43]}}
,"/Users/stemey/work/projects/aem-react-js/store/ClientSling.tsx": {"path":"/Users/stemey/work/projects/aem-react-js/store/ClientSling.tsx","statementMap":{"0":{"start":{"line":1,"column":0},"end":{"line":1,"column":75}},"1":{"start":{"line":4,"column":0},"end":{"line":4,"column":35}},"2":{"start":{"line":14,"column":0},"end":{"line":14,"column":54}},"3":{"start":{"line":14,"column":41},"end":{"line":14,"column":54}},"4":{"start":{"line":23,"column":8},"end":{"line":23,"column":15}},"5":{"start":{"line":24,"column":8},"end":{"line":24,"column":27}},"6":{"start":{"line":25,"column":8},"end":{"line":25,"column":29}},"7":{"start":{"line":26,"column":8},"end":{"line":30,"column":9}},"8":{"start":{"line":27,"column":12},"end":{"line":27,"column":58}},"9":{"start":{"line":29,"column":12},"end":{"line":29,"column":31}},"10":{"start":{"line":33,"column":11},"end":{"line":80,"column":5}},"11":{"start":{"line":33,"column":4},"end":{"line":80,"column":4}},"12":{"start":{"line":36,"column":8},"end":{"line":40,"column":9}},"13":{"start":{"line":37,"column":12},"end":{"line":37,"column":22}},"14":{"start":{"line":39,"column":12},"end":{"line":39,"column":34}},"15":{"start":{"line":41,"column":28},"end":{"line":41,"column":55}},"16":{"start":{"line":42,"column":8},"end":{"line":79,"column":9}},"17":{"start":{"line":43,"column":29},"end":{"line":43,"column":37}},"18":{"start":{"line":44,"column":12},"end":{"line":48,"column":13}},"19":{"start":{"line":45,"column":16},"end":{"line":45,"column":43}},"20":{"start":{"line":47,"column":16},"end":{"line":47,"column":51}},"21":{"start":{"line":50,"column":30},"end":{"line":50,"column":63}},"22":{"start":{"line":51,"column":49},"end":{"line":51,"column":75}},"23":{"start":{"line":52,"column":43},"end":{"line":52,"column":100}},"24":{"start":{"line":53,"column":12},"end":{"line":55,"column":13}},"25":{"start":{"line":54,"column":16},"end":{"line":54,"column":50}},"26":{"start":{"line":56,"column":12},"end":{"line":76,"column":15}},"27":{"start":{"line":57,"column":16},"end":{"line":72,"column":17}},"28":{"start":{"line":58,"column":20},"end":{"line":58,"column":30}},"29":{"start":{"line":61,"column":20},"end":{"line":70,"column":21}},"30":{"start":{"line":71,"column":20},"end":{"line":71,"column":43}},"31":{"start":{"line":74,"column":16},"end":{"line":74,"column":44}},"32":{"start":{"line":75,"column":16},"end":{"line":75,"column":76}},"33":{"start":{"line":78,"column":12},"end":{"line":78,"column":53}},"34":{"start":{"line":82,"column":11},"end":{"line":86,"column":5}},"35":{"start":{"line":85,"column":8},"end":{"line":85,"column":42}},"36":{"start":{"line":88,"column":11},"end":{"line":91,"column":5}},"37":{"start":{"line":90,"column":8},"end":{"line":90,"column":44}},"38":{"start":{"line":93,"column":11},"end":{"line":95,"column":5}},"39":{"start":{"line":94,"column":8},"end":{"line":94,"column":40}},"40":{"start":{"line":97,"column":0},"end":{"line":97,"column":1}},"41":{"start":{"line":14,"column":0},"end":{"line":97,"column":1}}},"fnMap":{"0":{"name":"(anonymous_2)","decl":{"start":{"line":14,"column":0},"end":{"line":null,"column":-1}},"loc":{"start":{"line":14,"column":0},"end":{"line":14,"column":-1}}},"1":{"name":"ClientSling","decl":{"start":{"line":22,"column":4},"end":{"line":22,"column":15}},"loc":{"start":{"line":22,"column":89},"end":{"line":31,"column":5}}},"2":{"name":"(anonymous_4)","decl":{"start":{"line":33,"column":4},"end":{"line":33,"column":20}},"loc":{"start":{"line":33,"column":109},"end":{"line":80,"column":5}}},"3":{"name":"(anonymous_5)","decl":{"start":{"line":56,"column":76},"end":{"line":56,"column":76}},"loc":{"start":{"line":56,"column":90},"end":{"line":73,"column":13}}},"4":{"name":"(anonymous_6)","decl":{"start":{"line":73,"column":20},"end":{"line":73,"column":20}},"loc":{"start":{"line":73,"column":30},"end":{"line":76,"column":13}}},"5":{"name":"(anonymous_7)","decl":{"start":{"line":82,"column":4},"end":{"line":82,"column":29}},"loc":{"start":{"line":82,"column":64},"end":{"line":86,"column":5}}},"6":{"name":"(anonymous_8)","decl":{"start":{"line":88,"column":4},"end":{"line":88,"column":26}},"loc":{"start":{"line":88,"column":61},"end":{"line":91,"column":5}}},"7":{"name":"(anonymous_9)","decl":{"start":{"line":93,"column":4},"end":{"line":null,"column":-1}},"loc":{"start":{"line":93,"column":4},"end":{"line":95,"column":5}}}},"branchMap":{"0":{"loc":{"start":{"line":23,"column":8},"end":{"line":23,"column":15}},"type":"binary-expr","locations":[{"start":{"line":23,"column":8},"end":{"line":23,"column":15}},{"start":{"line":23,"column":15},"end":{"line":31,"column":4}}]},"1":{"loc":{"start":{"line":26,"column":8},"end":{"line":30,"column":9}},"type":"if","locations":[{"start":{"line":26,"column":8},"end":{"line":30,"column":9}},{"start":{"line":26,"column":8},"end":{"line":30,"column":9}}]},"2":{"loc":{"start":{"line":36,"column":8},"end":{"line":40,"column":9}},"type":"if","locations":[{"start":{"line":36,"column":8},"end":{"line":40,"column":9}},{"start":{"line":36,"column":8},"end":{"line":40,"column":9}}]},"3":{"loc":{"start":{"line":36,"column":12},"end":{"line":36,"column":20}},"type":"binary-expr","locations":[{"start":{"line":36,"column":12},"end":{"line":36,"column":20}},{"start":{"line":36,"column":24},"end":{"line":36,"column":60}},{"start":{"line":36,"column":64},"end":{"line":36,"column":86}}]},"4":{"loc":{"start":{"line":42,"column":8},"end":{"line":79,"column":9}},"type":"if","locations":[{"start":{"line":42,"column":8},"end":{"line":79,"column":9}},{"start":{"line":42,"column":8},"end":{"line":79,"column":9}}]},"5":{"loc":{"start":{"line":42,"column":12},"end":{"line":42,"column":29}},"type":"binary-expr","locations":[{"start":{"line":42,"column":12},"end":{"line":42,"column":29}},{"start":{"line":42,"column":33},"end":{"line":42,"column":64}}]},"6":{"loc":{"start":{"line":44,"column":12},"end":{"line":48,"column":13}},"type":"if","locations":[{"start":{"line":44,"column":12},"end":{"line":48,"column":13}},{"start":{"line":44,"column":12},"end":{"line":48,"column":13}}]},"7":{"loc":{"start":{"line":53,"column":12},"end":{"line":55,"column":13}},"type":"if","locations":[{"start":{"line":53,"column":12},"end":{"line":55,"column":13}},{"start":{"line":53,"column":12},"end":{"line":55,"column":13}}]},"8":{"loc":{"start":{"line":57,"column":16},"end":{"line":72,"column":17}},"type":"if","locations":[{"start":{"line":57,"column":16},"end":{"line":72,"column":17}},{"start":{"line":57,"column":16},"end":{"line":72,"column":17}}]},"9":{"loc":{"start":{"line":61,"column":20},"end":{"line":70,"column":21}},"type":"if","locations":[{"start":{"line":61,"column":20},"end":{"line":70,"column":21}}]}},"s":{"0":1,"1":1,"2":1,"3":1,"4":4,"5":4,"6":4,"7":4,"8":3,"9":1,"10":1,"11":2,"12":2,"13":0,"14":2,"15":2,"16":2,"17":1,"18":1,"19":0,"20":1,"21":1,"22":1,"23":1,"24":1,"25":0,"26":1,"27":1,"28":0,"29":1,"30":1,"31":1,"32":1,"33":1,"34":1,"35":1,"36":1,"37":1,"38":1,"39":0,"40":1,"41":1},"f":{"0":1,"1":4,"2":2,"3":1,"4":1,"5":1,"6":1,"7":0},"b":{"0":[4,4],"1":[3,1],"2":[0,2],"3":[2,2,2],"4":[1,1],"5":[2,1],"6":[0,1],"7":[0,1],"8":[0,1],"9":[1]}}
,"/Users/stemey/work/projects/aem-react-js/store/ServerSling.tsx": {"path":"/Users/stemey/work/projects/aem-react-js/store/ServerSling.tsx","statementMap":{"0":{"start":{"line":2,"column":0},"end":{"line":2,"column":75}},"1":{"start":{"line":6,"column":0},"end":{"line":6,"column":54}},"2":{"start":{"line":6,"column":41},"end":{"line":6,"column":54}},"3":{"start":{"line":9,"column":8},"end":{"line":9,"column":15}},"4":{"start":{"line":10,"column":8},"end":{"line":10,"column":27}},"5":{"start":{"line":11,"column":8},"end":{"line":11,"column":27}},"6":{"start":{"line":17,"column":11},"end":{"line":29,"column":5}},"7":{"start":{"line":18,"column":28},"end":{"line":18,"column":94}},"8":{"start":{"line":19,"column":28},"end":{"line":19,"column":55}},"9":{"start":{"line":20,"column":8},"end":{"line":27,"column":9}},"10":{"start":{"line":21,"column":12},"end":{"line":21,"column":63}},"11":{"start":{"line":22,"column":12},"end":{"line":22,"column":71}},"12":{"start":{"line":23,"column":12},"end":{"line":25,"column":13}},"13":{"start":{"line":24,"column":16},"end":{"line":24,"column":30}},"14":{"start":{"line":26,"column":12},"end":{"line":26,"column":50}},"15":{"start":{"line":28,"column":8},"end":{"line":28,"column":49}},"16":{"start":{"line":31,"column":11},"end":{"line":39,"column":5}},"17":{"start":{"line":32,"column":29},"end":{"line":32,"column":78}},"18":{"start":{"line":33,"column":37},"end":{"line":33,"column":41}},"19":{"start":{"line":34,"column":8},"end":{"line":36,"column":9}},"20":{"start":{"line":35,"column":12},"end":{"line":35,"column":40}},"21":{"start":{"line":37,"column":8},"end":{"line":37,"column":43}},"22":{"start":{"line":38,"column":8},"end":{"line":38,"column":22}},"23":{"start":{"line":42,"column":11},"end":{"line":46,"column":5}},"24":{"start":{"line":43,"column":31},"end":{"line":43,"column":77}},"25":{"start":{"line":44,"column":8},"end":{"line":44,"column":47}},"26":{"start":{"line":45,"column":8},"end":{"line":45,"column":24}},"27":{"start":{"line":48,"column":11},"end":{"line":50,"column":5}},"28":{"start":{"line":49,"column":8},"end":{"line":49,"column":40}},"29":{"start":{"line":52,"column":0},"end":{"line":52,"column":1}},"30":{"start":{"line":6,"column":0},"end":{"line":52,"column":1}}},"fnMap":{"0":{"name":"(anonymous_2)","decl":{"start":{"line":6,"column":0},"end":{"line":null,"column":-1}},"loc":{"start":{"line":6,"column":0},"end":{"line":6,"column":-1}}},"1":{"name":"ServerSling","decl":{"start":{"line":8,"column":4},"end":{"line":8,"column":15}},"loc":{"start":{"line":8,"column":46},"end":{"line":12,"column":5}}},"2":{"name":"(anonymous_4)","decl":{"start":{"line":17,"column":4},"end":{"line":17,"column":20}},"loc":{"start":{"line":17,"column":109},"end":{"line":29,"column":5}}},"3":{"name":"(anonymous_5)","decl":{"start":{"line":31,"column":4},"end":{"line":31,"column":29}},"loc":{"start":{"line":31,"column":64},"end":{"line":39,"column":5}}},"4":{"name":"(anonymous_6)","decl":{"start":{"line":42,"column":4},"end":{"line":42,"column":26}},"loc":{"start":{"line":42,"column":61},"end":{"line":46,"column":5}}},"5":{"name":"(anonymous_7)","decl":{"start":{"line":48,"column":4},"end":{"line":null,"column":-1}},"loc":{"start":{"line":48,"column":4},"end":{"line":50,"column":5}}}},"branchMap":{"0":{"loc":{"start":{"line":9,"column":8},"end":{"line":9,"column":15}},"type":"binary-expr","locations":[{"start":{"line":9,"column":8},"end":{"line":9,"column":15}},{"start":{"line":9,"column":15},"end":{"line":12,"column":4}}]},"1":{"loc":{"start":{"line":18,"column":76},"end":{"line":18,"column":78}},"type":"cond-expr","locations":[{"start":{"line":18,"column":76},"end":{"line":18,"column":78}},{"start":{"line":18,"column":81},"end":{"line":18,"column":94}}]},"2":{"loc":{"start":{"line":18,"column":28},"end":{"line":18,"column":36}},"type":"binary-expr","locations":[{"start":{"line":18,"column":28},"end":{"line":18,"column":36}},{"start":{"line":18,"column":40},"end":{"line":18,"column":73}}]},"3":{"loc":{"start":{"line":20,"column":8},"end":{"line":27,"column":9}},"type":"if","locations":[{"start":{"line":20,"column":8},"end":{"line":27,"column":9}},{"start":{"line":20,"column":8},"end":{"line":27,"column":9}}]},"4":{"loc":{"start":{"line":23,"column":12},"end":{"line":25,"column":13}},"type":"if","locations":[{"start":{"line":23,"column":12},"end":{"line":25,"column":13}},{"start":{"line":23,"column":12},"end":{"line":25,"column":13}}]},"5":{"loc":{"start":{"line":34,"column":8},"end":{"line":36,"column":9}},"type":"if","locations":[{"start":{"line":34,"column":8},"end":{"line":36,"column":9}},{"start":{"line":34,"column":8},"end":{"line":36,"column":9}}]}},"s":{"0":1,"1":1,"2":1,"3":5,"4":5,"5":5,"6":1,"7":1,"8":1,"9":1,"10":1,"11":1,"12":1,"13":0,"14":1,"15":1,"16":1,"17":2,"18":2,"19":2,"20":1,"21":2,"22":2,"23":1,"24":1,"25":1,"26":1,"27":1,"28":1,"29":1,"30":1},"f":{"0":1,"1":5,"2":1,"3":2,"4":1,"5":1},"b":{"0":[5,5],"1":[0,1],"2":[1,1],"3":[1,0],"4":[0,1],"5":[1,1]}}
,"/Users/stemey/work/projects/aem-react-js/store/Sling.tsx": {"path":"/Users/stemey/work/projects/aem-react-js/store/Sling.tsx","statementMap":{"0":{"start":{"line":2,"column":0},"end":{"line":2,"column":44}},"1":{"start":{"line":48,"column":0},"end":{"line":61,"column":0}},"2":{"start":{"line":58,"column":11},"end":{"line":60,"column":5}},"3":{"start":{"line":59,"column":8},"end":{"line":59,"column":74}},"4":{"start":{"line":61,"column":0},"end":{"line":61,"column":1}},"5":{"start":{"line":48,"column":0},"end":{"line":61,"column":1}}},"fnMap":{"0":{"name":"(anonymous_0)","decl":{"start":{"line":48,"column":0},"end":{"line":null,"column":-1}},"loc":{"start":{"line":48,"column":0},"end":{"line":48,"column":-1}}},"1":{"name":"(anonymous_2)","decl":{"start":{"line":58,"column":4},"end":{"line":null,"column":-1}},"loc":{"start":{"line":58,"column":4},"end":{"line":60,"column":5}}}},"branchMap":{},"s":{"0":1,"1":1,"2":1,"3":0,"4":1,"5":1},"f":{"0":10,"1":0},"b":{}}
}
